Log file open, 09/19/19 18:28:29
LogWindows: Failed to load 'aqProf.dll' (GetLastError=126)
LogWindows: File 'aqProf.dll' does not exist
LogWindows: Failed to load 'VtuneApi.dll' (GetLastError=126)
LogWindows: File 'VtuneApi.dll' does not exist
LogWindows: Failed to load 'VtuneApi32e.dll' (GetLastError=126)
LogWindows: File 'VtuneApi32e.dll' does not exist
LogConsoleResponse: Display: Failed to find resolution value strings in scalability ini. Falling back to default.
LogInit: Display: Running engine for game: Moonstruck_v1
LogPlatformFile: Not using cached read wrapper
LogTaskGraph: Started task graph with 5 named threads and 35 total threads with 3 sets of task threads.
LogStats: Stats thread started at 0.067753
LogD3D11RHI: Loaded GFSDK_Aftermath_Lib.x64.dll
LogICUInternationalization: ICU TimeZone Detection - Raw Offset: -5:00, Platform Override: ''
LogPluginManager: Mounting plugin Paper2D
LogPluginManager: Mounting plugin AISupport
LogPluginManager: Mounting plugin LightPropagationVolume
LogPluginManager: Mounting plugin ActorLayerUtilities
LogPluginManager: Mounting plugin AnimationSharing
LogPluginManager: Mounting plugin CLionSourceCodeAccess
LogPluginManager: Mounting plugin CodeLiteSourceCodeAccess
LogPluginManager: Mounting plugin GitSourceControl
LogPluginManager: Mounting plugin KDevelopSourceCodeAccess
LogPluginManager: Mounting plugin NullSourceCodeAccess
LogPluginManager: Mounting plugin PerforceSourceControl
LogPluginManager: Mounting plugin SubversionSourceControl
LogPluginManager: Mounting plugin UObjectPlugin
LogPluginManager: Mounting plugin VisualStudioCodeSourceCodeAccess
LogPluginManager: Mounting plugin VisualStudioSourceCodeAccess
LogPluginManager: Mounting plugin XCodeSourceCodeAccess
LogPluginManager: Mounting plugin AssetManagerEditor
LogPluginManager: Mounting plugin CryptoKeys
LogPluginManager: Mounting plugin CurveEditorTools
LogPluginManager: Mounting plugin DataValidation
LogPluginManager: Mounting plugin FacialAnimation
LogPluginManager: Mounting plugin GameplayTagsEditor
LogPluginManager: Mounting plugin MacGraphicsSwitching
LogPluginManager: Mounting plugin MaterialAnalyzer
LogPluginManager: Mounting plugin MobileLauncherProfileWizard
LogPluginManager: Mounting plugin PluginBrowser
LogPluginManager: Mounting plugin SpeedTreeImporter
LogPluginManager: Mounting plugin DatasmithContent
LogPluginManager: Mounting plugin VariantManagerContent
LogPluginManager: Mounting plugin AlembicImporter
LogPluginManager: Mounting plugin AutomationUtils
LogPluginManager: Mounting plugin BackChannel
LogPluginManager: Mounting plugin CharacterAI
LogPluginManager: Mounting plugin GeometryCache
LogPluginManager: Mounting plugin HTML5Networking
LogPluginManager: Mounting plugin PlatformCrypto
LogPluginManager: Mounting plugin ProxyLODPlugin
LogPluginManager: Mounting plugin SkeletalReduction
LogPluginManager: Mounting plugin MagicLeap
LogPluginManager: Mounting plugin MagicLeapMedia
LogPluginManager: Mounting plugin AndroidMedia
LogPluginManager: Mounting plugin AvfMedia
LogPluginManager: Mounting plugin ImgMedia
LogPluginManager: Mounting plugin MediaCompositing
LogPluginManager: Mounting plugin MediaPlayerEditor
LogPluginManager: Mounting plugin WebMMedia
LogPluginManager: Mounting plugin WmfMedia
LogPluginManager: Mounting plugin TcpMessaging
LogPluginManager: Mounting plugin UdpMessaging
LogPluginManager: Mounting plugin ActorSequence
LogPluginManager: Mounting plugin LevelSequenceEditor
LogPluginManager: Mounting plugin MatineeToLevelSequence
LogPluginManager: Mounting plugin NetcodeUnitTest
LogPluginManager: Mounting plugin NUTUnrealEngine4
LogPluginManager: Mounting plugin OnlineSubsystemGooglePlay
LogPluginManager: Mounting plugin OnlineSubsystemIOS
LogPluginManager: Mounting plugin OnlineSubsystem
LogPluginManager: Mounting plugin OnlineSubsystemNull
LogPluginManager: Mounting plugin OnlineSubsystemUtils
LogPluginManager: Mounting plugin LauncherChunkInstaller
LogPluginManager: Mounting plugin AndroidDeviceProfileSelector
LogPluginManager: Mounting plugin AndroidMoviePlayer
LogPluginManager: Mounting plugin AndroidPermission
LogPluginManager: Mounting plugin AppleImageUtils
LogPluginManager: Mounting plugin AppleMoviePlayer
LogPluginManager: Mounting plugin ArchVisCharacter
LogPluginManager: Mounting plugin AudioCapture
LogPluginManager: Mounting plugin CableComponent
LogPluginManager: Mounting plugin CustomMeshComponent
LogPluginManager: Mounting plugin EditableMesh
LogPluginManager: Mounting plugin ExampleDeviceProfileSelector
LogPluginManager: Mounting plugin GoogleCloudMessaging
LogPluginManager: Mounting plugin IOSDeviceProfileSelector
LogPluginManager: Mounting plugin LinuxDeviceProfileSelector
LogPluginManager: Mounting plugin LocationServicesBPLibrary
LogPluginManager: Mounting plugin MobilePatchingUtils
LogPluginManager: Mounting plugin OculusVR
LogPluginManager: Mounting plugin PhysXVehicles
LogPluginManager: Mounting plugin ProceduralMeshComponent
LogPluginManager: Mounting plugin RuntimePhysXCooking
LogPluginManager: Mounting plugin SignificanceManager
LogPluginManager: Mounting plugin SteamVR
LogPluginManager: Mounting plugin WebMMoviePlayer
LogPluginManager: Mounting plugin WindowsMoviePlayer
LogPluginManager: Mounting plugin ScreenshotTools
LogInit: Using libcurl 7.55.1-DEV
LogInit:  - built for x86_64-pc-win32
LogInit:  - supports SSL with OpenSSL/1.1.1
LogInit:  - supports HTTP deflate (compression) using libz 1.2.8
LogInit:  - other features:
LogInit:      CURL_VERSION_SSL
LogInit:      CURL_VERSION_LIBZ
LogInit:      CURL_VERSION_IPV6
LogInit:      CURL_VERSION_ASYNCHDNS
LogInit:      CURL_VERSION_LARGEFILE
LogInit:      CURL_VERSION_IDN
LogInit:  CurlRequestOptions (configurable via config and command line):
LogInit:  - bVerifyPeer = true  - Libcurl will verify peer certificate
LogInit:  - bUseHttpProxy = false  - Libcurl will NOT use HTTP proxy
LogInit:  - bDontReuseConnections = false  - Libcurl will reuse connections
LogInit:  - MaxHostConnections = 16  - Libcurl will limit the number of connections to a host
LogInit:  - LocalHostAddr = Default
LogInit:  - BufferSize = 65536
LogOnline: OSS: Creating online subsystem instance for: NULL
LogInit: WinSock: version 1.1 (2.2), MaxSocks=32767, MaxUdp=65467
LogInit: Build: ++UE4+Release-4.23-CL-8386587
LogInit: Engine Version: 4.23.0-8386587+++UE4+Release-4.23
LogInit: Compatible Engine Version: 4.23.0-8386587+++UE4+Release-4.23
LogInit: Net CL: 8386587
LogInit: OS: Windows 10 (Release 1903) (), CPU: AMD Ryzen 5 1600 Six-Core Processor            , GPU: Radeon RX 580 Series
LogInit: Compiled (64-bit): Aug 31 2019 02:04:44
LogInit: Compiled with Visual C++: 19.16.27030.01
LogInit: Build Configuration: Development
LogInit: Branch Name: ++UE4+Release-4.23
LogInit: Command Line:  -EpicPortal -epicusername=Umbra.Sketch -epicuserid=7ac738af6fde4358a8810e58938c8bcc -epiclocale=en-US
LogInit: Base Directory: E:/Programs/Epic Games/UE_4.23/Engine/Binaries/Win64/
LogInit: Installed Engine Build: 1
LogDevObjectVersion: Number of dev versions registered: 23
LogDevObjectVersion:   Dev-Blueprints (B0D832E4-1F89-4F0D-ACCF-7EB736FD4AA2): 10
LogDevObjectVersion:   Dev-Build (E1C64328-A22C-4D53-A36C-8E866417BD8C): 0
LogDevObjectVersion:   Dev-Core (375EC13C-06E4-48FB-B500-84F0262A717E): 3
LogDevObjectVersion:   Dev-Editor (E4B068ED-F494-42E9-A231-DA0B2E46BB41): 34
LogDevObjectVersion:   Dev-Framework (CFFC743F-43B0-4480-9391-14DF171D2073): 35
LogDevObjectVersion:   Dev-Mobile (B02B49B5-BB20-44E9-A304-32B752E40360): 2
LogDevObjectVersion:   Dev-Networking (A4E4105C-59A1-49B5-A7C5-40C4547EDFEE): 0
LogDevObjectVersion:   Dev-Online (39C831C9-5AE6-47DC-9A44-9C173E1C8E7C): 0
LogDevObjectVersion:   Dev-Physics (78F01B33-EBEA-4F98-B9B4-84EACCB95AA2): 0
LogDevObjectVersion:   Dev-Platform (6631380F-2D4D-43E0-8009-CF276956A95A): 0
LogDevObjectVersion:   Dev-Rendering (12F88B9F-8875-4AFC-A67C-D90C383ABD29): 31
LogDevObjectVersion:   Dev-Sequencer (7B5AE74C-D270-4C10-A958-57980B212A5A): 11
LogDevObjectVersion:   Dev-VR (D7296918-1DD6-4BDD-9DE2-64A83CC13884): 2
LogDevObjectVersion:   Dev-LoadTimes (C2A15278-BFE7-4AFE-6C17-90FF531DF755): 1
LogDevObjectVersion:   Private-Geometry (6EACA3D4-40EC-4CC1-B786-8BED09428FC5): 3
LogDevObjectVersion:   Dev-AnimPhys (29E575DD-E0A3-4627-9D10-D276232CDCEA): 17
LogDevObjectVersion:   Dev-Anim (AF43A65D-7FD3-4947-9873-3E8ED9C1BB05): 2
LogDevObjectVersion:   Dev-ReflectionCapture (6B266CEC-1EC7-4B8F-A30B-E4D90942FC07): 1
LogDevObjectVersion:   Dev-Automation (0DF73D61-A23F-47EA-B727-89E90C41499A): 1
LogDevObjectVersion:   FortniteMain (601D1886-AC64-4F84-AA16-D3DE0DEAC7D6): 27
LogDevObjectVersion:   Dev-Enterprise (9DFFBCD6-494F-0158-E221-12823C92A888): 6
LogDevObjectVersion:   Dev-Niagara (F2AED0AC-9AFE-416F-8664-AA7FFA26D6FC): 1
LogDevObjectVersion:   Dev-Destruction (174F1F0B-B4C6-45A5-B13F-2EE8D0FB917D): 9
LogInit: Presizing for max 16777216 objects, including 0 objects not considered by GC, pre-allocating 0 bytes for permanent pool.
LogInit: Object subsystem initialized
LogConfig: Setting CVar [[con.DebugEarlyDefault:1]]
LogConfig: Setting CVar [[r.setres:1280x720]]
[2019.09.19-22.28.29:194][  0]LogConfig: Setting CVar [[r.VSync:0]]
[2019.09.19-22.28.29:195][  0]LogConfig: Setting CVar [[r.RHICmdBypass:0]]
[2019.09.19-22.28.29:195][  0]LogConfig: Applying CVar settings from Section [/Script/Engine.RendererSettings] File [E:/repos/MoonStruck_01/Moonstruck/Moonstruck_v1/Saved/Config/Windows/Engine.ini]
[2019.09.19-22.28.29:195][  0]LogConfig: Setting CVar [[r.GPUCrashDebugging:0]]
[2019.09.19-22.28.29:195][  0]LogConfig: Setting CVar [[r.DefaultFeature.AutoExposure.ExtendDefaultLuminanceRange:1]]
[2019.09.19-22.28.29:195][  0]LogConfig: Applying CVar settings from Section [/Script/Engine.RendererOverrideSettings] File [E:/repos/MoonStruck_01/Moonstruck/Moonstruck_v1/Saved/Config/Windows/Engine.ini]
[2019.09.19-22.28.29:195][  0]LogConfig: Applying CVar settings from Section [/Script/Engine.StreamingSettings] File [E:/repos/MoonStruck_01/Moonstruck/Moonstruck_v1/Saved/Config/Windows/Engine.ini]
[2019.09.19-22.28.29:195][  0]LogConfig: Setting CVar [[s.MinBulkDataSizeForAsyncLoading:131072]]
[2019.09.19-22.28.29:195][  0]LogConfig: Setting CVar [[s.AsyncLoadingThreadEnabled:0]]
[2019.09.19-22.28.29:195][  0]LogConfig: Setting CVar [[s.EventDrivenLoaderEnabled:1]]
[2019.09.19-22.28.29:195][  0]LogConfig: Setting CVar [[s.WarnIfTimeLimitExceeded:0]]
[2019.09.19-22.28.29:195][  0]LogConfig: Setting CVar [[s.TimeLimitExceededMultiplier:1.5]]
[2019.09.19-22.28.29:195][  0]LogConfig: Setting CVar [[s.TimeLimitExceededMinTime:0.005]]
[2019.09.19-22.28.29:195][  0]LogConfig: Setting CVar [[s.UseBackgroundLevelStreaming:1]]
[2019.09.19-22.28.29:195][  0]LogConfig: Setting CVar [[s.PriorityAsyncLoadingExtraTime:15.0]]
[2019.09.19-22.28.29:195][  0]LogConfig: Setting CVar [[s.LevelStreamingActorsUpdateTimeLimit:5.0]]
[2019.09.19-22.28.29:195][  0]LogConfig: Setting CVar [[s.PriorityLevelStreamingActorsUpdateExtraTime:5.0]]
[2019.09.19-22.28.29:195][  0]LogConfig: Setting CVar [[s.LevelStreamingComponentsRegistrationGranularity:10]]
[2019.09.19-22.28.29:195][  0]LogConfig: Setting CVar [[s.UnregisterComponentsTimeLimit:1.0]]
[2019.09.19-22.28.29:195][  0]LogConfig: Setting CVar [[s.LevelStreamingComponentsUnregistrationGranularity:5]]
[2019.09.19-22.28.29:195][  0]LogConfig: Applying CVar settings from Section [/Script/Engine.GarbageCollectionSettings] File [E:/repos/MoonStruck_01/Moonstruck/Moonstruck_v1/Saved/Config/Windows/Engine.ini]
[2019.09.19-22.28.29:195][  0]LogConfig: Setting CVar [[gc.MaxObjectsNotConsideredByGC:1]]
[2019.09.19-22.28.29:195][  0]LogConfig: Setting CVar [[gc.SizeOfPermanentObjectPool:0]]
[2019.09.19-22.28.29:195][  0]LogConfig: Setting CVar [[gc.FlushStreamingOnGC:0]]
[2019.09.19-22.28.29:195][  0]LogConfig: Setting CVar [[gc.NumRetriesBeforeForcingGC:10]]
[2019.09.19-22.28.29:195][  0]LogConfig: Setting CVar [[gc.AllowParallelGC:1]]
[2019.09.19-22.28.29:195][  0]LogConfig: Setting CVar [[gc.TimeBetweenPurgingPendingKillObjects:61.1]]
[2019.09.19-22.28.29:195][  0]LogConfig: Setting CVar [[gc.MaxObjectsInEditor:16777216]]
[2019.09.19-22.28.29:195][  0]LogConfig: Setting CVar [[gc.IncrementalBeginDestroyEnabled:1]]
[2019.09.19-22.28.29:195][  0]LogConfig: Setting CVar [[gc.CreateGCClusters:1]]
[2019.09.19-22.28.29:195][  0]LogConfig: Setting CVar [[gc.MinGCClusterSize:5]]
[2019.09.19-22.28.29:195][  0]LogConfig: Setting CVar [[gc.ActorClusteringEnabled:0]]
[2019.09.19-22.28.29:195][  0]LogConfig: Setting CVar [[gc.BlueprintClusteringEnabled:0]]
[2019.09.19-22.28.29:195][  0]LogConfig: Setting CVar [[gc.UseDisregardForGCOnDedicatedServers:0]]
[2019.09.19-22.28.29:195][  0]LogConfig: Applying CVar settings from Section [/Script/Engine.NetworkSettings] File [E:/repos/MoonStruck_01/Moonstruck/Moonstruck_v1/Saved/Config/Windows/Engine.ini]
[2019.09.19-22.28.29:195][  0]LogConfig: Applying CVar settings from Section [/Script/UnrealEd.CookerSettings] File [E:/repos/MoonStruck_01/Moonstruck/Moonstruck_v1/Saved/Config/Windows/Engine.ini]
[2019.09.19-22.28.29:204][  0]LogConfig: Applying CVar settings from Section [ViewDistanceQuality@3] File [E:/repos/MoonStruck_01/Moonstruck/Moonstruck_v1/Saved/Config/Windows/Scalability.ini]
[2019.09.19-22.28.29:204][  0]LogConfig: Setting CVar [[r.SkeletalMeshLODBias:0]]
[2019.09.19-22.28.29:204][  0]LogConfig: Setting CVar [[r.ViewDistanceScale:1.0]]
[2019.09.19-22.28.29:204][  0]LogConfig: Applying CVar settings from Section [AntiAliasingQuality@3] File [E:/repos/MoonStruck_01/Moonstruck/Moonstruck_v1/Saved/Config/Windows/Scalability.ini]
[2019.09.19-22.28.29:204][  0]LogConfig: Setting CVar [[r.PostProcessAAQuality:4]]
[2019.09.19-22.28.29:204][  0]LogConfig: Applying CVar settings from Section [ShadowQuality@3] File [E:/repos/MoonStruck_01/Moonstruck/Moonstruck_v1/Saved/Config/Windows/Scalability.ini]
[2019.09.19-22.28.29:204][  0]LogConfig: Setting CVar [[r.LightFunctionQuality:1]]
[2019.09.19-22.28.29:204][  0]LogConfig: Setting CVar [[r.ShadowQuality:5]]
[2019.09.19-22.28.29:204][  0]LogConfig: Setting CVar [[r.Shadow.CSM.MaxCascades:10]]
[2019.09.19-22.28.29:204][  0]LogConfig: Setting CVar [[r.Shadow.MaxResolution:2048]]
[2019.09.19-22.28.29:204][  0]LogConfig: Setting CVar [[r.Shadow.MaxCSMResolution:2048]]
[2019.09.19-22.28.29:204][  0]LogConfig: Setting CVar [[r.Shadow.RadiusThreshold:0.01]]
[2019.09.19-22.28.29:204][  0]LogConfig: Setting CVar [[r.Shadow.DistanceScale:1.0]]
[2019.09.19-22.28.29:204][  0]LogConfig: Setting CVar [[r.Shadow.CSM.TransitionScale:1.0]]
[2019.09.19-22.28.29:204][  0]LogConfig: Setting CVar [[r.Shadow.PreShadowResolutionFactor:1.0]]
[2019.09.19-22.28.29:204][  0]LogConfig: Setting CVar [[r.DistanceFieldShadowing:1]]
[2019.09.19-22.28.29:204][  0]LogConfig: Setting CVar [[r.DistanceFieldAO:1]]
[2019.09.19-22.28.29:204][  0]LogConfig: Setting CVar [[r.AOQuality:2]]
[2019.09.19-22.28.29:204][  0]LogConfig: Setting CVar [[r.VolumetricFog:1]]
[2019.09.19-22.28.29:204][  0]LogConfig: Setting CVar [[r.VolumetricFog.GridPixelSize:8]]
[2019.09.19-22.28.29:204][  0]LogConfig: Setting CVar [[r.VolumetricFog.GridSizeZ:128]]
[2019.09.19-22.28.29:204][  0]LogConfig: Setting CVar [[r.VolumetricFog.HistoryMissSupersampleCount:4]]
[2019.09.19-22.28.29:204][  0]LogConfig: Setting CVar [[r.LightMaxDrawDistanceScale:1]]
[2019.09.19-22.28.29:204][  0]LogConfig: Setting CVar [[r.CapsuleShadows:1]]
[2019.09.19-22.28.29:204][  0]LogConfig: Applying CVar settings from Section [PostProcessQuality@3] File [E:/repos/MoonStruck_01/Moonstruck/Moonstruck_v1/Saved/Config/Windows/Scalability.ini]
[2019.09.19-22.28.29:204][  0]LogConfig: Setting CVar [[r.MotionBlurQuality:4]]
[2019.09.19-22.28.29:204][  0]LogConfig: Setting CVar [[r.AmbientOcclusionMipLevelFactor:0.4]]
[2019.09.19-22.28.29:204][  0]LogConfig: Setting CVar [[r.AmbientOcclusionMaxQuality:100]]
[2019.09.19-22.28.29:204][  0]LogConfig: Setting CVar [[r.AmbientOcclusionLevels:-1]]
[2019.09.19-22.28.29:204][  0]LogConfig: Setting CVar [[r.AmbientOcclusionRadiusScale:1.0]]
[2019.09.19-22.28.29:204][  0]LogConfig: Setting CVar [[r.DepthOfFieldQuality:2]]
[2019.09.19-22.28.29:204][  0]LogConfig: Setting CVar [[r.RenderTargetPoolMin:400]]
[2019.09.19-22.28.29:204][  0]LogConfig: Setting CVar [[r.LensFlareQuality:2]]
[2019.09.19-22.28.29:204][  0]LogConfig: Setting CVar [[r.SceneColorFringeQuality:1]]
[2019.09.19-22.28.29:204][  0]LogConfig: Setting CVar [[r.EyeAdaptationQuality:2]]
[2019.09.19-22.28.29:204][  0]LogConfig: Setting CVar [[r.BloomQuality:5]]
[2019.09.19-22.28.29:204][  0]LogConfig: Setting CVar [[r.FastBlurThreshold:100]]
[2019.09.19-22.28.29:204][  0]LogConfig: Setting CVar [[r.Upscale.Quality:3]]
[2019.09.19-22.28.29:204][  0]LogConfig: Setting CVar [[r.Tonemapper.GrainQuantization:1]]
[2019.09.19-22.28.29:204][  0]LogConfig: Setting CVar [[r.LightShaftQuality:1]]
[2019.09.19-22.28.29:204][  0]LogConfig: Setting CVar [[r.Filter.SizeScale:1]]
[2019.09.19-22.28.29:204][  0]LogConfig: Setting CVar [[r.Tonemapper.Quality:5]]
[2019.09.19-22.28.29:204][  0]LogConfig: Setting CVar [[r.DOF.Gather.AccumulatorQuality:1        ; higher gathering accumulator quality]]
[2019.09.19-22.28.29:204][  0]LogConfig: Setting CVar [[r.DOF.Gather.PostfilterMethod:1          ; Median3x3 postfilering method]]
[2019.09.19-22.28.29:204][  0]LogConfig: Setting CVar [[r.DOF.Gather.EnableBokehSettings:0       ; no bokeh simulation when gathering]]
[2019.09.19-22.28.29:204][  0]LogConfig: Setting CVar [[r.DOF.Gather.RingCount:4                 ; medium number of samples when gathering]]
[2019.09.19-22.28.29:204][  0]LogConfig: Setting CVar [[r.DOF.Scatter.ForegroundCompositing:1    ; additive foreground scattering]]
[2019.09.19-22.28.29:204][  0]LogConfig: Setting CVar [[r.DOF.Scatter.BackgroundCompositing:2    ; additive background scattering]]
[2019.09.19-22.28.29:204][  0]LogConfig: Setting CVar [[r.DOF.Scatter.EnableBokehSettings:1      ; bokeh simulation when scattering]]
[2019.09.19-22.28.29:204][  0]LogConfig: Setting CVar [[r.DOF.Scatter.MaxSpriteRatio:0.1         ; only a maximum of 10% of scattered bokeh]]
[2019.09.19-22.28.29:204][  0]LogConfig: Setting CVar [[r.DOF.Recombine.Quality:1                ; cheap slight out of focus]]
[2019.09.19-22.28.29:204][  0]LogConfig: Setting CVar [[r.DOF.Recombine.EnableBokehSettings:0    ; no bokeh simulation on slight out of focus]]
[2019.09.19-22.28.29:204][  0]LogConfig: Setting CVar [[r.DOF.TemporalAAQuality:1                ; more stable temporal accumulation]]
[2019.09.19-22.28.29:205][  0]LogConfig: Setting CVar [[r.DOF.Kernel.MaxForegroundRadius:0.025]]
[2019.09.19-22.28.29:205][  0]LogConfig: Setting CVar [[r.DOF.Kernel.MaxBackgroundRadius:0.025]]
[2019.09.19-22.28.29:205][  0]LogConfig: Applying CVar settings from Section [TextureQuality@3] File [E:/repos/MoonStruck_01/Moonstruck/Moonstruck_v1/Saved/Config/Windows/Scalability.ini]
[2019.09.19-22.28.29:205][  0]LogConfig: Setting CVar [[r.Streaming.MipBias:0]]
[2019.09.19-22.28.29:205][  0]LogConfig: Setting CVar [[r.Streaming.AmortizeCPUToGPUCopy:0]]
[2019.09.19-22.28.29:205][  0]LogConfig: Setting CVar [[r.Streaming.MaxNumTexturesToStreamPerFrame:0]]
[2019.09.19-22.28.29:205][  0]LogConfig: Setting CVar [[r.Streaming.Boost:1]]
[2019.09.19-22.28.29:205][  0]LogConfig: Setting CVar [[r.MaxAnisotropy:8]]
[2019.09.19-22.28.29:205][  0]LogConfig: Setting CVar [[r.Streaming.LimitPoolSizeToVRAM:0]]
[2019.09.19-22.28.29:205][  0]LogConfig: Setting CVar [[r.Streaming.PoolSize:1000]]
[2019.09.19-22.28.29:205][  0]LogConfig: Setting CVar [[r.Streaming.MaxEffectiveScreenSize:0]]
[2019.09.19-22.28.29:205][  0]LogConfig: Applying CVar settings from Section [EffectsQuality@3] File [E:/repos/MoonStruck_01/Moonstruck/Moonstruck_v1/Saved/Config/Windows/Scalability.ini]
[2019.09.19-22.28.29:205][  0]LogConfig: Setting CVar [[r.TranslucencyLightingVolumeDim:64]]
[2019.09.19-22.28.29:205][  0]LogConfig: Setting CVar [[r.RefractionQuality:2]]
[2019.09.19-22.28.29:205][  0]LogConfig: Setting CVar [[r.SSR.Quality:3]]
[2019.09.19-22.28.29:205][  0]LogConfig: Setting CVar [[r.SceneColorFormat:4]]
[2019.09.19-22.28.29:205][  0]LogConfig: Setting CVar [[r.DetailMode:2]]
[2019.09.19-22.28.29:205][  0]LogConfig: Setting CVar [[r.TranslucencyVolumeBlur:1]]
[2019.09.19-22.28.29:205][  0]LogConfig: Setting CVar [[r.MaterialQualityLevel:1 ; High quality]]
[2019.09.19-22.28.29:205][  0]LogConfig: Setting CVar [[r.SSS.Scale:1]]
[2019.09.19-22.28.29:205][  0]LogConfig: Setting CVar [[r.SSS.SampleSet:2]]
[2019.09.19-22.28.29:205][  0]LogConfig: Setting CVar [[r.SSS.Quality:1]]
[2019.09.19-22.28.29:205][  0]LogConfig: Setting CVar [[r.SSS.HalfRes:1]]
[2019.09.19-22.28.29:205][  0]LogConfig: Setting CVar [[r.EmitterSpawnRateScale:1.0]]
[2019.09.19-22.28.29:205][  0]LogConfig: Setting CVar [[r.ParticleLightQuality:2]]
[2019.09.19-22.28.29:205][  0]LogConfig: Applying CVar settings from Section [FoliageQuality@3] File [E:/repos/MoonStruck_01/Moonstruck/Moonstruck_v1/Saved/Config/Windows/Scalability.ini]
[2019.09.19-22.28.29:205][  0]LogConfig: Setting CVar [[foliage.DensityScale:1.0]]
[2019.09.19-22.28.29:205][  0]LogConfig: Setting CVar [[grass.DensityScale:1.0]]
[2019.09.19-22.28.29:205][  0]LogInit: Selected Device Profile: [Windows]
[2019.09.19-22.28.29:205][  0]LogInit: Applying CVar settings loaded from the selected device profile: [Windows]
[2019.09.19-22.28.29:208][  0]LogHAL: Display: Platform has ~ 16 GB [17125826560 / 17179869184 / 16], which maps to Larger [LargestMinGB=32, LargerMinGB=12, DefaultMinGB=8, SmallerMinGB=6, SmallestMinGB=0)
[2019.09.19-22.28.29:208][  0]LogInit: Going up to parent DeviceProfile []
[2019.09.19-22.28.29:208][  0]LogConfig: Applying CVar settings from Section [ViewDistanceQuality@3] File [E:/repos/MoonStruck_01/Moonstruck/Moonstruck_v1/Saved/Config/Windows/Scalability.ini]
[2019.09.19-22.28.29:208][  0]LogConfig: Setting CVar [[r.SkeletalMeshLODBias:0]]
[2019.09.19-22.28.29:208][  0]LogConfig: Setting CVar [[r.ViewDistanceScale:1.0]]
[2019.09.19-22.28.29:208][  0]LogConfig: Applying CVar settings from Section [AntiAliasingQuality@3] File [E:/repos/MoonStruck_01/Moonstruck/Moonstruck_v1/Saved/Config/Windows/Scalability.ini]
[2019.09.19-22.28.29:208][  0]LogConfig: Setting CVar [[r.PostProcessAAQuality:4]]
[2019.09.19-22.28.29:208][  0]LogConfig: Applying CVar settings from Section [ShadowQuality@3] File [E:/repos/MoonStruck_01/Moonstruck/Moonstruck_v1/Saved/Config/Windows/Scalability.ini]
[2019.09.19-22.28.29:208][  0]LogConfig: Setting CVar [[r.LightFunctionQuality:1]]
[2019.09.19-22.28.29:208][  0]LogConfig: Setting CVar [[r.ShadowQuality:5]]
[2019.09.19-22.28.29:208][  0]LogConfig: Setting CVar [[r.Shadow.CSM.MaxCascades:10]]
[2019.09.19-22.28.29:208][  0]LogConfig: Setting CVar [[r.Shadow.MaxResolution:2048]]
[2019.09.19-22.28.29:208][  0]LogConfig: Setting CVar [[r.Shadow.MaxCSMResolution:2048]]
[2019.09.19-22.28.29:208][  0]LogConfig: Setting CVar [[r.Shadow.RadiusThreshold:0.01]]
[2019.09.19-22.28.29:208][  0]LogConfig: Setting CVar [[r.Shadow.DistanceScale:1.0]]
[2019.09.19-22.28.29:208][  0]LogConfig: Setting CVar [[r.Shadow.CSM.TransitionScale:1.0]]
[2019.09.19-22.28.29:208][  0]LogConfig: Setting CVar [[r.Shadow.PreShadowResolutionFactor:1.0]]
[2019.09.19-22.28.29:208][  0]LogConfig: Setting CVar [[r.DistanceFieldShadowing:1]]
[2019.09.19-22.28.29:208][  0]LogConfig: Setting CVar [[r.DistanceFieldAO:1]]
[2019.09.19-22.28.29:208][  0]LogConfig: Setting CVar [[r.AOQuality:2]]
[2019.09.19-22.28.29:208][  0]LogConfig: Setting CVar [[r.VolumetricFog:1]]
[2019.09.19-22.28.29:208][  0]LogConfig: Setting CVar [[r.VolumetricFog.GridPixelSize:8]]
[2019.09.19-22.28.29:208][  0]LogConfig: Setting CVar [[r.VolumetricFog.GridSizeZ:128]]
[2019.09.19-22.28.29:208][  0]LogConfig: Setting CVar [[r.VolumetricFog.HistoryMissSupersampleCount:4]]
[2019.09.19-22.28.29:208][  0]LogConfig: Setting CVar [[r.LightMaxDrawDistanceScale:1]]
[2019.09.19-22.28.29:208][  0]LogConfig: Setting CVar [[r.CapsuleShadows:1]]
[2019.09.19-22.28.29:208][  0]LogConfig: Applying CVar settings from Section [PostProcessQuality@3] File [E:/repos/MoonStruck_01/Moonstruck/Moonstruck_v1/Saved/Config/Windows/Scalability.ini]
[2019.09.19-22.28.29:208][  0]LogConfig: Setting CVar [[r.MotionBlurQuality:4]]
[2019.09.19-22.28.29:208][  0]LogConfig: Setting CVar [[r.AmbientOcclusionMipLevelFactor:0.4]]
[2019.09.19-22.28.29:208][  0]LogConfig: Setting CVar [[r.AmbientOcclusionMaxQuality:100]]
[2019.09.19-22.28.29:208][  0]LogConfig: Setting CVar [[r.AmbientOcclusionLevels:-1]]
[2019.09.19-22.28.29:208][  0]LogConfig: Setting CVar [[r.AmbientOcclusionRadiusScale:1.0]]
[2019.09.19-22.28.29:208][  0]LogConfig: Setting CVar [[r.DepthOfFieldQuality:2]]
[2019.09.19-22.28.29:208][  0]LogConfig: Setting CVar [[r.RenderTargetPoolMin:400]]
[2019.09.19-22.28.29:208][  0]LogConfig: Setting CVar [[r.LensFlareQuality:2]]
[2019.09.19-22.28.29:208][  0]LogConfig: Setting CVar [[r.SceneColorFringeQuality:1]]
[2019.09.19-22.28.29:208][  0]LogConfig: Setting CVar [[r.EyeAdaptationQuality:2]]
[2019.09.19-22.28.29:208][  0]LogConfig: Setting CVar [[r.BloomQuality:5]]
[2019.09.19-22.28.29:208][  0]LogConfig: Setting CVar [[r.FastBlurThreshold:100]]
[2019.09.19-22.28.29:208][  0]LogConfig: Setting CVar [[r.Upscale.Quality:3]]
[2019.09.19-22.28.29:208][  0]LogConfig: Setting CVar [[r.Tonemapper.GrainQuantization:1]]
[2019.09.19-22.28.29:208][  0]LogConfig: Setting CVar [[r.LightShaftQuality:1]]
[2019.09.19-22.28.29:208][  0]LogConfig: Setting CVar [[r.Filter.SizeScale:1]]
[2019.09.19-22.28.29:208][  0]LogConfig: Setting CVar [[r.Tonemapper.Quality:5]]
[2019.09.19-22.28.29:208][  0]LogConfig: Setting CVar [[r.DOF.Gather.AccumulatorQuality:1        ; higher gathering accumulator quality]]
[2019.09.19-22.28.29:208][  0]LogConfig: Setting CVar [[r.DOF.Gather.PostfilterMethod:1          ; Median3x3 postfilering method]]
[2019.09.19-22.28.29:208][  0]LogConfig: Setting CVar [[r.DOF.Gather.EnableBokehSettings:0       ; no bokeh simulation when gathering]]
[2019.09.19-22.28.29:208][  0]LogConfig: Setting CVar [[r.DOF.Gather.RingCount:4                 ; medium number of samples when gathering]]
[2019.09.19-22.28.29:208][  0]LogConfig: Setting CVar [[r.DOF.Scatter.ForegroundCompositing:1    ; additive foreground scattering]]
[2019.09.19-22.28.29:208][  0]LogConfig: Setting CVar [[r.DOF.Scatter.BackgroundCompositing:2    ; additive background scattering]]
[2019.09.19-22.28.29:208][  0]LogConfig: Setting CVar [[r.DOF.Scatter.EnableBokehSettings:1      ; bokeh simulation when scattering]]
[2019.09.19-22.28.29:208][  0]LogConfig: Setting CVar [[r.DOF.Scatter.MaxSpriteRatio:0.1         ; only a maximum of 10% of scattered bokeh]]
[2019.09.19-22.28.29:208][  0]LogConfig: Setting CVar [[r.DOF.Recombine.Quality:1                ; cheap slight out of focus]]
[2019.09.19-22.28.29:208][  0]LogConfig: Setting CVar [[r.DOF.Recombine.EnableBokehSettings:0    ; no bokeh simulation on slight out of focus]]
[2019.09.19-22.28.29:208][  0]LogConfig: Setting CVar [[r.DOF.TemporalAAQuality:1                ; more stable temporal accumulation]]
[2019.09.19-22.28.29:208][  0]LogConfig: Setting CVar [[r.DOF.Kernel.MaxForegroundRadius:0.025]]
[2019.09.19-22.28.29:208][  0]LogConfig: Setting CVar [[r.DOF.Kernel.MaxBackgroundRadius:0.025]]
[2019.09.19-22.28.29:208][  0]LogConfig: Applying CVar settings from Section [TextureQuality@3] File [E:/repos/MoonStruck_01/Moonstruck/Moonstruck_v1/Saved/Config/Windows/Scalability.ini]
[2019.09.19-22.28.29:209][  0]LogConfig: Setting CVar [[r.Streaming.MipBias:0]]
[2019.09.19-22.28.29:209][  0]LogConfig: Setting CVar [[r.Streaming.AmortizeCPUToGPUCopy:0]]
[2019.09.19-22.28.29:209][  0]LogConfig: Setting CVar [[r.Streaming.MaxNumTexturesToStreamPerFrame:0]]
[2019.09.19-22.28.29:209][  0]LogConfig: Setting CVar [[r.Streaming.Boost:1]]
[2019.09.19-22.28.29:209][  0]LogConfig: Setting CVar [[r.MaxAnisotropy:8]]
[2019.09.19-22.28.29:209][  0]LogConfig: Setting CVar [[r.Streaming.LimitPoolSizeToVRAM:0]]
[2019.09.19-22.28.29:209][  0]LogConfig: Setting CVar [[r.Streaming.PoolSize:1000]]
[2019.09.19-22.28.29:209][  0]LogConfig: Setting CVar [[r.Streaming.MaxEffectiveScreenSize:0]]
[2019.09.19-22.28.29:209][  0]LogConfig: Applying CVar settings from Section [EffectsQuality@3] File [E:/repos/MoonStruck_01/Moonstruck/Moonstruck_v1/Saved/Config/Windows/Scalability.ini]
[2019.09.19-22.28.29:209][  0]LogConfig: Setting CVar [[r.TranslucencyLightingVolumeDim:64]]
[2019.09.19-22.28.29:209][  0]LogConfig: Setting CVar [[r.RefractionQuality:2]]
[2019.09.19-22.28.29:209][  0]LogConfig: Setting CVar [[r.SSR.Quality:3]]
[2019.09.19-22.28.29:209][  0]LogConfig: Setting CVar [[r.SceneColorFormat:4]]
[2019.09.19-22.28.29:209][  0]LogConfig: Setting CVar [[r.DetailMode:2]]
[2019.09.19-22.28.29:209][  0]LogConfig: Setting CVar [[r.TranslucencyVolumeBlur:1]]
[2019.09.19-22.28.29:209][  0]LogConfig: Setting CVar [[r.MaterialQualityLevel:1 ; High quality]]
[2019.09.19-22.28.29:209][  0]LogConfig: Setting CVar [[r.SSS.Scale:1]]
[2019.09.19-22.28.29:209][  0]LogConfig: Setting CVar [[r.SSS.SampleSet:2]]
[2019.09.19-22.28.29:209][  0]LogConfig: Setting CVar [[r.SSS.Quality:1]]
[2019.09.19-22.28.29:209][  0]LogConfig: Setting CVar [[r.SSS.HalfRes:1]]
[2019.09.19-22.28.29:209][  0]LogConfig: Setting CVar [[r.EmitterSpawnRateScale:1.0]]
[2019.09.19-22.28.29:209][  0]LogConfig: Setting CVar [[r.ParticleLightQuality:2]]
[2019.09.19-22.28.29:209][  0]LogConfig: Applying CVar settings from Section [FoliageQuality@3] File [E:/repos/MoonStruck_01/Moonstruck/Moonstruck_v1/Saved/Config/Windows/Scalability.ini]
[2019.09.19-22.28.29:209][  0]LogConfig: Setting CVar [[foliage.DensityScale:1.0]]
[2019.09.19-22.28.29:209][  0]LogConfig: Setting CVar [[grass.DensityScale:1.0]]
[2019.09.19-22.28.29:209][  0]LogConfig: Applying CVar settings from Section [Startup] File [../../../Engine/Config/ConsoleVariables.ini]
[2019.09.19-22.28.29:209][  0]LogConfig: Setting CVar [[net.UseAdaptiveNetUpdateFrequency:0]]
[2019.09.19-22.28.29:209][  0]LogConfig: Setting CVar [[p.chaos.AllowCreatePhysxBodies:1]]
[2019.09.19-22.28.29:209][  0]LogConfig: Applying CVar settings from Section [ConsoleVariables] File [E:/repos/MoonStruck_01/Moonstruck/Moonstruck_v1/Saved/Config/Windows/Engine.ini]
[2019.09.19-22.28.29:209][  0]LogInit: Computer: DESKTOP-RERK209
[2019.09.19-22.28.29:209][  0]LogInit: User: IdechaH
[2019.09.19-22.28.29:209][  0]LogInit: CPU Page size=4096, Cores=6
[2019.09.19-22.28.29:209][  0]LogInit: High frequency timer resolution =10.000000 MHz
[2019.09.19-22.28.29:209][  0]LogMemory: Memory total: Physical=15.9GB (16GB approx)
[2019.09.19-22.28.29:209][  0]LogMemory: Platform Memory Stats for Windows
[2019.09.19-22.28.29:209][  0]LogMemory: Process Physical Memory: 102.04 MB used, 102.04 MB peak
[2019.09.19-22.28.29:209][  0]LogMemory: Process Virtual Memory: 99.94 MB used, 99.94 MB peak
[2019.09.19-22.28.29:209][  0]LogMemory: Physical Memory: 8327.02 MB used,  8005.45 MB free, 16332.46 MB total
[2019.09.19-22.28.29:209][  0]LogMemory: Virtual Memory: 4684.99 MB used,  134213040.00 MB free, 134217728.00 MB total
[2019.09.19-22.28.29:212][  0]LogWindows: WindowsPlatformFeatures enabled
[2019.09.19-22.28.29:227][  0]LogInit: Using OS detected language (en-US).
[2019.09.19-22.28.29:227][  0]LogInit: Using OS detected locale (en-US).
[2019.09.19-22.28.29:228][  0]LogTextLocalizationManager: No specific localization for 'en-US' exists, so the 'en' localization will be used.
[2019.09.19-22.28.29:394][  0]LogInit: Setting process to per monitor DPI aware
[2019.09.19-22.28.29:436][  0]LogSlate: New Slate User Created.  User Index 0, Is Virtual User: 0
[2019.09.19-22.28.29:436][  0]LogSlate: Slate User Registered.  User Index 0, Is Virtual User: 0
[2019.09.19-22.28.29:627][  0]LogHMD: Failed to initialize OpenVR with code 126
[2019.09.19-22.28.29:627][  0]LogD3D11RHI: D3D11 adapters:
[2019.09.19-22.28.29:651][  0]LogD3D11RHI:    0. 'Radeon RX 580 Series' (Feature Level 11_0)
[2019.09.19-22.28.29:651][  0]LogD3D11RHI:       8172/0/8166 MB DedicatedVideo/DedicatedSystem/SharedSystem, Outputs:2, VendorId:0x1002
[2019.09.19-22.28.29:653][  0]LogD3D11RHI:    1. 'Microsoft Basic Render Driver' (Feature Level 11_0)
[2019.09.19-22.28.29:653][  0]LogD3D11RHI:       0/0/8166 MB DedicatedVideo/DedicatedSystem/SharedSystem, Outputs:0, VendorId:0x1414
[2019.09.19-22.28.29:653][  0]LogD3D11RHI: Chosen D3D11 Adapter: 0
[2019.09.19-22.28.29:663][  0]LogD3D11RHI: Creating new Direct3DDevice
[2019.09.19-22.28.29:663][  0]LogD3D11RHI:     GPU DeviceId: 0x67df (for the marketing name, search the web for "GPU Device Id")
[2019.09.19-22.28.29:663][  0]LogWindows: EnumDisplayDevices:
[2019.09.19-22.28.29:663][  0]LogWindows:    0. 'Radeon RX 580 Series' (P:1 D:1)
[2019.09.19-22.28.29:663][  0]LogWindows:    1. 'Radeon RX 580 Series' (P:0 D:1)
[2019.09.19-22.28.29:664][  0]LogWindows:    2. 'Radeon RX 580 Series' (P:0 D:0)
[2019.09.19-22.28.29:664][  0]LogWindows:    3. 'Radeon RX 580 Series' (P:0 D:0)
[2019.09.19-22.28.29:664][  0]LogWindows:    4. 'Radeon RX 580 Series' (P:0 D:0)
[2019.09.19-22.28.29:665][  0]LogWindows:    5. 'Radeon RX 580 Series' (P:0 D:0)
[2019.09.19-22.28.29:665][  0]LogWindows:    6. 'Radeon RX 580 Series' (P:0 D:0)
[2019.09.19-22.28.29:665][  0]LogWindows:    7. 'Radeon RX 580 Series' (P:0 D:0)
[2019.09.19-22.28.29:666][  0]LogWindows: DebugString: FoundDriverCount:8 
[2019.09.19-22.28.29:666][  0]LogD3D11RHI:     Adapter Name: Radeon RX 580 Series
[2019.09.19-22.28.29:666][  0]LogD3D11RHI:   Driver Version: Adrenalin 2019 19.5.2 (internal:26.20.11015.5009, unified:26.20.11015.5009)
[2019.09.19-22.28.29:666][  0]LogD3D11RHI:      Driver Date: 5-22-2019
[2019.09.19-22.28.29:666][  0]LogRHI: Texture pool is 5720 MB (70% of 8172 MB)
[2019.09.19-22.28.29:718][  0]LogD3D11RHI: Async texture creation enabled
[2019.09.19-22.28.29:729][  0]LogD3D11RHI: GPU Timing Frequency: 25.000000 (Debug: 2 1)
[2019.09.19-22.28.29:973][  0]LogTemp: Display: Module 'AllDesktopTargetPlatform' loaded TargetPlatform 'AllDesktop'
[2019.09.19-22.28.29:982][  0]LogTemp: Display: Module 'MacClientTargetPlatform' loaded TargetPlatform 'MacClient'
[2019.09.19-22.28.29:990][  0]LogTemp: Display: Module 'MacNoEditorTargetPlatform' loaded TargetPlatform 'MacNoEditor'
[2019.09.19-22.28.29:999][  0]LogTemp: Display: Module 'MacServerTargetPlatform' loaded TargetPlatform 'MacServer'
[2019.09.19-22.28.30:007][  0]LogTemp: Display: Module 'MacTargetPlatform' loaded TargetPlatform 'Mac'
[2019.09.19-22.28.30:016][  0]LogTemp: Display: Module 'WindowsClientTargetPlatform' loaded TargetPlatform 'WindowsClient'
[2019.09.19-22.28.30:024][  0]LogTemp: Display: Module 'WindowsNoEditorTargetPlatform' loaded TargetPlatform 'WindowsNoEditor'
[2019.09.19-22.28.30:033][  0]LogTemp: Display: Module 'WindowsServerTargetPlatform' loaded TargetPlatform 'WindowsServer'
[2019.09.19-22.28.30:036][  0]LogTemp: Display: Module 'WindowsTargetPlatform' loaded TargetPlatform 'Windows'
[2019.09.19-22.28.30:070][  0]LogTemp: Display: Module 'AndroidTargetPlatform' loaded TargetPlatform 'Android'
[2019.09.19-22.28.30:070][  0]LogTemp: Display: Module 'AndroidTargetPlatform' loaded TargetPlatform 'Android_ASTC'
[2019.09.19-22.28.30:070][  0]LogTemp: Display: Module 'AndroidTargetPlatform' loaded TargetPlatform 'Android_ATC'
[2019.09.19-22.28.30:070][  0]LogTemp: Display: Module 'AndroidTargetPlatform' loaded TargetPlatform 'Android_DXT'
[2019.09.19-22.28.30:070][  0]LogTemp: Display: Module 'AndroidTargetPlatform' loaded TargetPlatform 'Android_ETC1'
[2019.09.19-22.28.30:070][  0]LogTemp: Display: Module 'AndroidTargetPlatform' loaded TargetPlatform 'Android_ETC1a'
[2019.09.19-22.28.30:070][  0]LogTemp: Display: Module 'AndroidTargetPlatform' loaded TargetPlatform 'Android_ETC2'
[2019.09.19-22.28.30:070][  0]LogTemp: Display: Module 'AndroidTargetPlatform' loaded TargetPlatform 'Android_PVRTC'
[2019.09.19-22.28.30:070][  0]LogTemp: Display: Module 'AndroidTargetPlatform' loaded TargetPlatform 'AndroidClient'
[2019.09.19-22.28.30:070][  0]LogTemp: Display: Module 'AndroidTargetPlatform' loaded TargetPlatform 'Android_ASTCClient'
[2019.09.19-22.28.30:070][  0]LogTemp: Display: Module 'AndroidTargetPlatform' loaded TargetPlatform 'Android_ATCClient'
[2019.09.19-22.28.30:070][  0]LogTemp: Display: Module 'AndroidTargetPlatform' loaded TargetPlatform 'Android_DXTClient'
[2019.09.19-22.28.30:070][  0]LogTemp: Display: Module 'AndroidTargetPlatform' loaded TargetPlatform 'Android_ETC1Client'
[2019.09.19-22.28.30:071][  0]LogTemp: Display: Module 'AndroidTargetPlatform' loaded TargetPlatform 'Android_ETC1aClient'
[2019.09.19-22.28.30:071][  0]LogTemp: Display: Module 'AndroidTargetPlatform' loaded TargetPlatform 'Android_ETC2Client'
[2019.09.19-22.28.30:071][  0]LogTemp: Display: Module 'AndroidTargetPlatform' loaded TargetPlatform 'Android_PVRTCClient'
[2019.09.19-22.28.30:071][  0]LogTemp: Display: Module 'AndroidTargetPlatform' loaded TargetPlatform 'Android_Multi'
[2019.09.19-22.28.30:071][  0]LogTemp: Display: Module 'AndroidTargetPlatform' loaded TargetPlatform 'Android_MultiClient'
[2019.09.19-22.28.30:072][  0]LogTemp: Display: Module 'HTML5TargetPlatform' loaded TargetPlatform 'HTML5'
[2019.09.19-22.28.30:089][  0]LogTemp: Display: Module 'IOSTargetPlatform' loaded TargetPlatform 'IOSClient'
[2019.09.19-22.28.30:089][  0]LogTemp: Display: Module 'IOSTargetPlatform' loaded TargetPlatform 'IOS'
[2019.09.19-22.28.30:103][  0]LogTemp: Display: Module 'TVOSTargetPlatform' loaded TargetPlatform 'TVOSClient'
[2019.09.19-22.28.30:103][  0]LogTemp: Display: Module 'TVOSTargetPlatform' loaded TargetPlatform 'TVOS'
[2019.09.19-22.28.30:111][  0]LogTemp: Display: Module 'LinuxClientTargetPlatform' loaded TargetPlatform 'LinuxClient'
[2019.09.19-22.28.30:118][  0]LogTemp: Display: Module 'LinuxNoEditorTargetPlatform' loaded TargetPlatform 'LinuxNoEditor'
[2019.09.19-22.28.30:126][  0]LogTemp: Display: Module 'LinuxServerTargetPlatform' loaded TargetPlatform 'LinuxServer'
[2019.09.19-22.28.30:134][  0]LogTemp: Display: Module 'LinuxTargetPlatform' loaded TargetPlatform 'Linux'
[2019.09.19-22.28.30:159][  0]LogTemp: Display: Module 'LuminTargetPlatform' loaded TargetPlatform 'Lumin'
[2019.09.19-22.28.30:159][  0]LogTemp: Display: Module 'LuminTargetPlatform' loaded TargetPlatform 'LuminClient'
[2019.09.19-22.28.30:159][  0]LogTargetPlatformManager: Display: Building Assets For Windows
[2019.09.19-22.28.30:167][  0]LogAudioDebug: Display: Lib vorbis DLL was dynamically loaded.
[2019.09.19-22.28.30:207][  0]LogShaderCompilers: Guid format shader working directory is -8 characters bigger than the processId version (../../../../../../repos/MoonStruck_01/Moonstruck/Moonstruck_v1/Intermediate/Shaders/WorkingDirectory/5472/).
[2019.09.19-22.28.30:207][  0]LogShaderCompilers: Cleaned the shader compiler working directory 'C:/Users/Idecha Hunter/AppData/Local/Temp/UnrealShaderWorkingDir/A76BA6CB4183DFD34E01D684455E6301/'.
[2019.09.19-22.28.30:209][  0]LogXGEController: Cannot use XGE Controller as Incredibuild is not installed on this machine.
[2019.09.19-22.28.30:209][  0]LogShaderCompilers: Cannot use XGE Shader Compiler as Incredibuild is not installed on this machine.
[2019.09.19-22.28.30:209][  0]LogShaderCompilers: Display: Using Local Shader Compiler.
[2019.09.19-22.28.30:850][  0]LogDerivedDataCache: Display: Max Cache Size: 512 MB
[2019.09.19-22.28.30:891][  0]LogDerivedDataCache: Loaded boot cache 0.04s 73MB C:/Users/Idecha Hunter/AppData/Local/UnrealEngine/4.23/DerivedDataCache/Boot.ddc.
[2019.09.19-22.28.30:891][  0]LogDerivedDataCache: Display: Loaded Boot cache: C:/Users/Idecha Hunter/AppData/Local/UnrealEngine/4.23/DerivedDataCache/Boot.ddc
[2019.09.19-22.28.30:891][  0]LogDerivedDataCache: FDerivedDataBackendGraph:  Pak pak cache file ../../../../../../repos/MoonStruck_01/Moonstruck/Moonstruck_v1/DerivedDataCache/DDC.ddp not found, will not use a pak cache.
[2019.09.19-22.28.30:891][  0]LogDerivedDataCache: Unable to find inner node Pak for hierarchical cache Hierarchy.
[2019.09.19-22.28.30:891][  0]LogDerivedDataCache: FDerivedDataBackendGraph:  CompressedPak pak cache file ../../../../../../repos/MoonStruck_01/Moonstruck/Moonstruck_v1/DerivedDataCache/Compressed.ddp not found, will not use a pak cache.
[2019.09.19-22.28.30:891][  0]LogDerivedDataCache: Unable to find inner node CompressedPak for hierarchical cache Hierarchy.
[2019.09.19-22.28.30:904][  0]LogDerivedDataCache: Display: Pak cache opened for reading ../../../Engine/DerivedDataCache/Compressed.ddp.
[2019.09.19-22.28.30:904][  0]LogDerivedDataCache: FDerivedDataBackendGraph:  EnterprisePak pak cache file ../../../Enterprise/DerivedDataCache/Compressed.ddp not found, will not use a pak cache.
[2019.09.19-22.28.30:904][  0]LogDerivedDataCache: Unable to find inner node EnterprisePak for hierarchical cache Hierarchy.
[2019.09.19-22.28.30:905][  0]LogDerivedDataCache: Using Local data cache path C:/Users/Idecha Hunter/AppData/Local/UnrealEngine/Common/DerivedDataCache: Writable
[2019.09.19-22.28.30:906][  0]LogDerivedDataCache: Shared data cache path not found in *engine.ini, will not use an Shared cache.
[2019.09.19-22.28.30:906][  0]LogDerivedDataCache: Unable to find inner node Shared for hierarchical cache Hierarchy.
[2019.09.19-22.28.30:929][  0]LogMaterial: Verifying Global Shaders for PCD3D_SM5
[2019.09.19-22.28.30:932][  0]LogSlate: Using FreeType 2.6.0
[2019.09.19-22.28.30:933][  0]LogSlate: SlateFontServices - WITH_FREETYPE: 1, WITH_HARFBUZZ: 1
[2019.09.19-22.28.30:985][  0]LogAssetRegistry: FAssetRegistry took 0.0024 seconds to start up
[2019.09.19-22.28.31:283][  0]LogInit: Selected Device Profile: [Windows]
[2019.09.19-22.28.31:427][  0]LogMeshReduction: Using QuadricMeshReduction for automatic static mesh reduction
[2019.09.19-22.28.31:427][  0]LogMeshReduction: Using SimplygonMeshReduction for automatic skeletal mesh reduction
[2019.09.19-22.28.31:427][  0]LogMeshReduction: Using ProxyLODMeshReduction for automatic mesh merging
[2019.09.19-22.28.31:427][  0]LogMeshReduction: No distributed automatic mesh merging module available
[2019.09.19-22.28.31:427][  0]LogMeshMerging: No distributed automatic mesh merging module available
[2019.09.19-22.28.31:435][  0]LogNetVersion: Moonstruck_v1 1.0.0, NetCL: 8386587, EngineNetVer: 11, GameNetVer: 0 (Checksum: 1608464151)
[2019.09.19-22.28.31:614][  0]LogClass: Warning: In asset 'None', there is an enum property of type 'EDepthOfFieldMethod' with an invalid value of '('
[2019.09.19-22.28.31:848][  0]LogPackageLocalizationCache: Processed 12 localized package path(s) for 1 prioritized culture(s) in 0.048002 seconds
[2019.09.19-22.28.31:855][  0]LogUObjectArray: 43444 objects as part of root set at end of initial load.
[2019.09.19-22.28.31:855][  0]LogUObjectAllocator: 7548648 out of 0 bytes used by permanent object pool.
[2019.09.19-22.28.31:855][  0]LogUObjectArray: CloseDisregardForGC: 0/0 objects in disregard for GC pool
[2019.09.19-22.28.32:648][  0]LogTcpMessaging: Initializing TcpMessaging bridge
[2019.09.19-22.28.32:651][  0]LogUdpMessaging: Initializing bridge on interface 0.0.0.0:0 to multicast group 230.0.0.1:6666.
[2019.09.19-22.28.32:718][  0]SourceControl: Source control is disabled
[2019.09.19-22.28.32:718][  0]SourceControl: Source control is disabled
[2019.09.19-22.28.32:719][  0]SourceControl: Source control is disabled
[2019.09.19-22.28.32:720][  0]SourceControl: Source control is disabled
[2019.09.19-22.28.32:799][  0]LogAndroidPermission: UAndroidPermissionCallbackProxy::GetInstance
[2019.09.19-22.28.32:977][  0]LogOcInput: OculusInput pre-init called
[2019.09.19-22.28.32:983][  0]LogWindows: Failed to load 'OVRPlugin.dll' (GetLastError=126)
[2019.09.19-22.28.32:983][  0]LogWindows: File 'OVRPlugin.dll' does not exist
[2019.09.19-22.28.33:052][  0]LogEngine: Initializing Engine...
[2019.09.19-22.28.33:079][  0]LogHMD: Failed to initialize OpenVR with code 126
[2019.09.19-22.28.33:081][  0]LogStats: UGameplayTagsManager::InitializeManager -  0.000 s
[2019.09.19-22.28.33:312][  0]LogInit: Initializing FReadOnlyCVARCache
[2019.09.19-22.28.33:324][  0]LogAIModule: Creating AISystem for world Untitled
[2019.09.19-22.28.33:373][  0]LogInit: XAudio2 using 'Logitech Speakers (High Definition Audio Device)' : 2 channels at 48 kHz using 16 bits per sample (channel mask 0x3)
[2019.09.19-22.28.33:386][  0]LogInit: FAudioDevice initialized.
[2019.09.19-22.28.33:386][  0]LogNetVersion: Set ProjectVersion to 1.0.0.0. Version Checksum will be recalculated on next use.
[2019.09.19-22.28.33:463][  0]LogDerivedDataCache: Saved boot cache 0.08s 73MB C:/Users/Idecha Hunter/AppData/Local/UnrealEngine/4.23/DerivedDataCache/Boot.ddc.
[2019.09.19-22.28.33:471][  0]LogInit: Texture streaming: Enabled
[2019.09.19-22.28.33:487][  0]LogEngineSessionManager: EngineSessionManager initialized
[2019.09.19-22.28.33:557][  0]LogInit: Transaction tracking system initialized
[2019.09.19-22.28.33:583][  0]BlueprintLog: New page: Editor Load
[2019.09.19-22.28.33:642][  0]LocalizationService: Localization service is disabled
[2019.09.19-22.28.33:870][  0]LogFileCache: Scanning file cache for directory 'E:/repos/MoonStruck_01/Moonstruck/Moonstruck_v1/Content/' took 0.00s
[2019.09.19-22.28.33:870][  0]LogCook: Display: Max memory allowance for cook 16384mb min free memory 0mb
[2019.09.19-22.28.33:870][  0]LogCook: Display: Mobile HDR setting 1
[2019.09.19-22.28.34:032][  0]SourceControl: Source control is disabled
[2019.09.19-22.28.34:112][  0]LogSlate: Took 0.000164 seconds to synchronously load lazily loaded font '../../../Engine/Content/Slate/Fonts/Roboto-Regular.ttf' (155K)
[2019.09.19-22.29.17:310][  0]LogSlate: Window 'Restore Packages' being destroyed
[2019.09.19-22.29.17:311][  0]LogWindowsTextInputMethodSystem: Display: IME system now deactivated.
[2019.09.19-22.29.17:324][  0]LogWindowsTextInputMethodSystem: Display: IME system now deactivated.
[2019.09.19-22.29.19:428][  0]LogSlate: Window 'Unable to Check Out From Source Control!' being destroyed
[2019.09.19-22.29.19:429][  0]LogWindowsTextInputMethodSystem: Display: IME system now deactivated.
[2019.09.19-22.29.19:444][  0]LogWindowsTextInputMethodSystem: Display: IME system now deactivated.
[2019.09.19-22.29.19:445][  0]Cmd: MAP LOAD FILE="../../../../../../repos/MoonStruck_01/Moonstruck/Moonstruck_v1/Content/Maps/Map_DevDebug.umap" TEMPLATE=0 SHOWPROGRESS=1 FEATURELEVEL=3
[2019.09.19-22.29.19:446][  0]LightingResults: New page: Lighting Build
[2019.09.19-22.29.19:448][  0]LogWorld: UWorld::CleanupWorld for Untitled, bSessionEnded=true, bCleanupResources=true
[2019.09.19-22.29.19:448][  0]MapCheck: New page: Map Check
[2019.09.19-22.29.19:448][  0]LightingResults: New page: Lighting Build
[2019.09.19-22.29.19:487][  0]LogUObjectHash: Compacting FUObjectHashTables data took   2.70ms
[2019.09.19-22.29.19:739][  0]LogAIModule: Creating AISystem for world Map_DevDebug
[2019.09.19-22.29.19:745][  0]LogEditorServer: Finished looking for orphan Actors (0.000 secs)
[2019.09.19-22.29.19:780][  0]LogUObjectHash: Compacting FUObjectHashTables data took   2.21ms
[2019.09.19-22.29.19:780][  0]Cmd: MAP CHECKDEP NOCLEARLOG
[2019.09.19-22.29.19:781][  0]MapCheck: Map check complete: 0 Error(s), 0 Warning(s), took 0.133ms to complete.
[2019.09.19-22.29.19:781][  0]LogFileHelpers: Loading map 'Map_DevDebug' took 0.335
[2019.09.19-22.29.19:843][  0]LogSlate: Updating window title bar state: overlay mode, drag disabled, window buttons hidden, title bar hidden
[2019.09.19-22.29.19:850][  0]LogSlate: Updating window title bar state: overlay mode, drag disabled, window buttons hidden, title bar hidden
[2019.09.19-22.29.19:857][  0]LogSlate: Updating window title bar state: overlay mode, drag disabled, window buttons hidden, title bar hidden
[2019.09.19-22.29.19:865][  0]LogSlate: Updating window title bar state: overlay mode, drag disabled, window buttons hidden, title bar hidden
[2019.09.19-22.29.19:870][  0]LogCollectionManager: Loaded 0 collections in 0.001063 seconds
[2019.09.19-22.29.19:875][  0]LogFileCache: Scanning file cache for directory 'E:/repos/MoonStruck_01/Moonstruck/Moonstruck_v1/Saved/Collections/' took 0.00s
[2019.09.19-22.29.19:875][  0]LogFileCache: Scanning file cache for directory 'E:/repos/MoonStruck_01/Moonstruck/Moonstruck_v1/Content/Developers/IdechaH/Collections/' took 0.00s
[2019.09.19-22.29.19:875][  0]LogFileCache: Scanning file cache for directory 'E:/repos/MoonStruck_01/Moonstruck/Moonstruck_v1/Content/Collections/' took 0.00s
[2019.09.19-22.29.19:875][  0]LogCollectionManager: Rebuilt the GUID cache for 0 collections in 0.000001 seconds
[2019.09.19-22.29.19:886][  0]LogContentBrowser: Native class hierarchy populated in 0.0099 seconds. Added 2869 classes and 682 folders.
[2019.09.19-22.29.19:891][  0]LogContentBrowser: Native class hierarchy updated for 'WidgetCarousel' in 0.0003 seconds. Added 0 classes and 0 folders.
[2019.09.19-22.29.19:929][  0]LogContentBrowser: Native class hierarchy updated for 'AddContentDialog' in 0.0003 seconds. Added 0 classes and 0 folders.
[2019.09.19-22.29.19:935][  0]LogContentBrowser: Native class hierarchy updated for 'SceneOutliner' in 0.0003 seconds. Added 1 classes and 2 folders.
[2019.09.19-22.29.21:055][  0]LogSlate: Only BGRA pngs, bmps or icos are supported in by External Image Picker
[2019.09.19-22.29.21:070][  0]LogSlate: Took 0.000171 seconds to synchronously load lazily loaded font '../../../Engine/Content/Slate/Fonts/Roboto-Bold.ttf' (160K)
[2019.09.19-22.29.21:074][  0]LogSlate: Took 0.000157 seconds to synchronously load lazily loaded font '../../../Engine/Content/Editor/Slate/Fonts/FontAwesome.ttf' (139K)
[2019.09.19-22.29.21:075][  0]LogSlate: Took 0.000088 seconds to synchronously load lazily loaded font '../../../Engine/Content/Slate/Fonts/DroidSansMono.ttf' (77K)
[2019.09.19-22.29.21:155][  0]LogRenderer: Reallocating scene render targets to support 1616x808 Format 10 NumSamples 1 (Frame:1).
[2019.09.19-22.29.21:277][  0]LogContentBrowser: Native class hierarchy updated for 'HierarchicalLODOutliner' in 0.0003 seconds. Added 0 classes and 0 folders.
[2019.09.19-22.29.21:278][  0]LogLoad: (Engine Initialization) Total time: 52.94 seconds
[2019.09.19-22.29.21:278][  0]LogLoad: (Engine Initialization) Total Blueprint compile time: 0.00 seconds
[2019.09.19-22.29.21:329][  0]LogAssetRegistry: Asset discovery search completed in 50.3439 seconds
[2019.09.19-22.29.21:333][  0]LogCollectionManager: Rebuilt the object cache for 0 collections in 0.000004 seconds (found 0 objects)
[2019.09.19-22.29.21:333][  0]LogCollectionManager: Fixed up redirectors for 0 collections in 0.000187 seconds (updated 0 objects)
[2019.09.19-22.29.21:340][  0]LogContentStreaming: Texture pool size now 1000 MB
[2019.09.19-22.30.25:728][294]LogEditorViewport: Clicking on Actor (LMB): StaticMeshActor (SM_Statue)
[2019.09.19-22.38.35:017][196]LogSlate: FSceneViewport::OnFocusLost() reason 0
[2019.09.19-22.38.43:321][ 66]LogSlate: Took 0.000179 seconds to synchronously load lazily loaded font '../../../Engine/Content/Slate/Fonts/Roboto-Light.ttf' (167K)
[2019.09.19-22.38.43:328][ 66]LogAssetEditorManager: Opening Asset editor for StaticMesh /Game/StarterContent/Props/SM_Statue.SM_Statue
[2019.09.19-22.38.43:734][ 66]LogRenderer: Reallocating scene render targets to support 1912x1280 Format 10 NumSamples 1 (Frame:1).
[2019.09.19-22.38.43:734][ 66]LogSlate: Took 0.000217 seconds to synchronously load lazily loaded font '../../../Engine/Content/Slate/Fonts/Roboto-Italic.ttf' (157K)
[2019.09.19-22.44.28:670][803]LogHotReload: New module detected: UE4Editor-Moonstruck_v1-0098.dll
[2019.09.19-22.44.29:688][807]LogHotReload: Starting Hot-Reload from IDE
[2019.09.19-22.44.29:739][807]LogUObjectHash: Compacting FUObjectHashTables data took   2.70ms
[2019.09.19-22.44.29:764][807]LogClass: Could not find existing class Pickup in package /Script/Moonstruck_v1 for HotReload, assuming new class
[2019.09.19-22.44.29:770][807]LogHotReload: Re-instancing Pickup after hot-reload.
[2019.09.19-22.44.29:870][807]LogContentBrowser: Native class hierarchy updated for 'Moonstruck_v1' in 0.0004 seconds. Added 6 classes and 2 folders.
[2019.09.19-22.44.29:873][807]Display: HotReload successful (0 functions remapped  0 scriptstructs remapped)
[2019.09.19-22.44.29:944][807]LogUObjectHash: Compacting FUObjectHashTables data took   1.29ms
[2019.09.19-22.44.29:958][807]LogContentBrowser: Native class hierarchy populated in 0.0094 seconds. Added 2870 classes and 684 folders.
[2019.09.19-22.44.29:961][807]Display: HotReload took  0.3s.
[2019.09.19-22.44.41:625][998]LogWorld: UWorld::CleanupWorld for World_2, bSessionEnded=true, bCleanupResources=true
[2019.09.19-22.44.43:713][228]Candidate modules for hot reload:
[2019.09.19-22.44.43:713][228]  Moonstruck_v1
[2019.09.19-22.44.43:713][228]Launching UnrealBuildTool... [E:/Programs/Epic Games/UE_4.23/Engine/Binaries/DotNET/UnrealBuildTool.exe  -ModuleWithSuffix=Moonstruck_v1,4788 Win64 Development -TargetType=Editor -Project="E:/repos/MoonStruck_01/Moonstruck/Moonstruck_v1/Moonstruck_v1.uproject" "E:/repos/MoonStruck_01/Moonstruck/Moonstruck_v1/Moonstruck_v1.uproject"  -IgnoreJunk]
[2019.09.19-22.44.43:716][228]Warning: Starting HotReload took  0.0s.
[2019.09.19-22.44.52:285][ 12]CompilerResultsLog: New page: Compilation - Sep 19, 2019, 2:44:52 PM
[2019.09.19-22.44.52:285][ 12]CompilerResultsLog: Using 'git status' to determine working set for adaptive non-unity build (E:\repos\MoonStruck_01\Moonstruck).
[2019.09.19-22.44.52:285][ 12]CompilerResultsLog: Parsing headers for Moonstruck_v1Editor
[2019.09.19-22.44.52:285][ 12]CompilerResultsLog:   Running UnrealHeaderTool "E:\repos\MoonStruck_01\Moonstruck\Moonstruck_v1\Moonstruck_v1.uproject" "E:\repos\MoonStruck_01\Moonstruck\Moonstruck_v1\Intermediate\Build\Win64\Moonstruck_v1Editor\Development\Moonstruck_v1Editor.uhtmanifest" -LogCmds="loginit warning, logexit warning, logdatabase error" -Unattended -WarningsAsErrors -installed
[2019.09.19-22.44.52:286][ 12]CompilerResultsLog: Reflection code generated for Moonstruck_v1Editor in 6.2817124 seconds
[2019.09.19-22.44.52:286][ 12]CompilerResultsLog: Using Visual Studio 2017 14.16.27023 toolchain (E:\Programs\Visual Studios\VC\Tools\MSVC\14.16.27023) and Windows 10.0.17763.0 SDK (C:\Program Files (x86)\Windows Kits\10).
[2019.09.19-22.44.52:286][ 12]CompilerResultsLog: Building 3 actions with 12 processes...
[2019.09.19-22.44.52:286][ 12]CompilerResultsLog:   [1/3] UE4Editor-Moonstruck_v1-4788.lib
[2019.09.19-22.44.52:287][ 12]CompilerResultsLog:      Creating library E:\repos\MoonStruck_01\Moonstruck\Moonstruck_v1\Intermediate\Build\Win64\UE4Editor\Development\Moonstruck_v1\UE4Editor-Moonstruck_v1-4788.lib and object E:\repos\MoonStruck_01\Moonstruck\Moonstruck_v1\Intermediate\Build\Win64\UE4Editor\Development\Moonstruck_v1\UE4Editor-Moonstruck_v1-4788.exp
[2019.09.19-22.44.52:287][ 12]CompilerResultsLog:   [2/3] UE4Editor-Moonstruck_v1-4788.dll
[2019.09.19-22.44.52:287][ 12]CompilerResultsLog:      Creating library E:\repos\MoonStruck_01\Moonstruck\Moonstruck_v1\Intermediate\Build\Win64\UE4Editor\Development\Moonstruck_v1\UE4Editor-Moonstruck_v1-4788.suppressed.lib and object E:\repos\MoonStruck_01\Moonstruck\Moonstruck_v1\Intermediate\Build\Win64\UE4Editor\Development\Moonstruck_v1\UE4Editor-Moonstruck_v1-4788.suppressed.exp
[2019.09.19-22.44.52:288][ 12]CompilerResultsLog:   [3/3] Moonstruck_v1Editor.target
[2019.09.19-22.44.52:288][ 12]CompilerResultsLog: Total time in Parallel executor: 1.25 seconds
[2019.09.19-22.44.52:288][ 12]CompilerResultsLog: Total execution time: 8.48 seconds
[2019.09.19-22.44.52:288][ 12]LogMainFrame: MainFrame: Module compiling took 8.578 seconds
[2019.09.19-22.44.52:325][ 12]LogUObjectHash: Compacting FUObjectHashTables data took   2.01ms
[2019.09.19-22.44.52:351][ 12]LogContentBrowser: Native class hierarchy updated for 'Moonstruck_v1' in 0.0004 seconds. Added 6 classes and 2 folders.
[2019.09.19-22.44.52:354][ 12]Display: HotReload successful (0 functions remapped  0 scriptstructs remapped)
[2019.09.19-22.44.52:418][ 12]LogUObjectHash: Compacting FUObjectHashTables data took   1.20ms
[2019.09.19-22.44.52:433][ 12]LogContentBrowser: Native class hierarchy populated in 0.0094 seconds. Added 2870 classes and 684 folders.
[2019.09.19-22.44.52:433][ 12]Display: HotReload took  8.7s.
[2019.09.19-22.44.56:054][351]LogTemp: Repeating last play command: Selected Viewport
[2019.09.19-22.44.56:076][351]LogBlueprintUserMessages: Early PlayInEditor Detection: Level '/Game/Maps/Map_DevDebug.Map_DevDebug:PersistentLevel' has LevelScriptBlueprint '/Game/Maps/Map_DevDebug.Map_DevDebug:PersistentLevel.Map_DevDebug' with GeneratedClass '/Game/Maps/Map_DevDebug.Map_DevDebug_C' with ClassGeneratedBy '/Game/Maps/Map_DevDebug.Map_DevDebug:PersistentLevel.Map_DevDebug'
[2019.09.19-22.44.56:076][351]LogPlayLevel: PlayLevel: No blueprints needed recompiling
[2019.09.19-22.44.56:076][351]PIE: New page: PIE session: Map_DevDebug (Sep 19, 2019, 2:44:56 PM)
[2019.09.19-22.44.56:077][351]LogOnline: OSS: Creating online subsystem instance for: NULL
[2019.09.19-22.44.56:079][351]LogPlayLevel: Creating play world package: /Game/Maps/UEDPIE_0_Map_DevDebug
[2019.09.19-22.44.56:086][351]LogPlayLevel: PIE: StaticDuplicateObject took: (0.007385s)
[2019.09.19-22.44.56:087][351]LogAIModule: Creating AISystem for world Map_DevDebug
[2019.09.19-22.44.56:088][351]LogPlayLevel: PIE: World Init took: (0.001217s)
[2019.09.19-22.44.56:088][351]LogPlayLevel: PIE: Created PIE world by copying editor world from /Game/Maps/Map_DevDebug.Map_DevDebug to /Game/Maps/UEDPIE_0_Map_DevDebug.Map_DevDebug (0.009240s)
[2019.09.19-22.44.56:126][351]LogUObjectHash: Compacting FUObjectHashTables data took   1.56ms
[2019.09.19-22.44.56:168][351]LogInit: XAudio2 using 'Logitech Speakers (High Definition Audio Device)' : 2 channels at 48 kHz using 16 bits per sample (channel mask 0x3)
[2019.09.19-22.44.56:174][351]LogInit: FAudioDevice initialized.
[2019.09.19-22.44.56:198][351]LogLoad: Game class is 'DeafaultMoonstruckGameMode_C'
[2019.09.19-22.44.56:201][351]LogWorld: Bringing World /Game/Maps/UEDPIE_0_Map_DevDebug.Map_DevDebug up for play (max tick rate 0) at 2019.09.19-18.44.56
[2019.09.19-22.44.56:201][351]LogWorld: Bringing up level for play took: 0.001931
[2019.09.19-22.44.56:202][351]LogOnline: OSS: Creating online subsystem instance for: :Context_4
[2019.09.19-22.44.56:223][351]LogContentBrowser: Native class hierarchy updated for 'MovieSceneCapture' in 0.0003 seconds. Added 20 classes and 0 folders.
[2019.09.19-22.44.56:224][351]LogTemp: Warning: The token is: SM_Chair_2
[2019.09.19-22.44.56:224][351]LogTemp: Warning: The token is: SM_Statue_25
[2019.09.19-22.44.56:224][351]LogTemp: Warning: The token is: SM_Chair_2
[2019.09.19-22.44.56:224][351]PIE: Play in editor start time for /Game/Maps/UEDPIE_0_Map_DevDebug -0.26
[2019.09.19-22.44.56:225][351]LogBlueprintUserMessages: Late PlayInEditor Detection: Level '/Game/Maps/Map_DevDebug.Map_DevDebug:PersistentLevel' has LevelScriptBlueprint '/Game/Maps/Map_DevDebug.Map_DevDebug:PersistentLevel.Map_DevDebug' with GeneratedClass '/Game/Maps/Map_DevDebug.Map_DevDebug_C' with ClassGeneratedBy '/Game/Maps/Map_DevDebug.Map_DevDebug:PersistentLevel.Map_DevDebug'
[2019.09.19-22.44.57:336][466]LogTemp: Warning: Grab Pickup
[2019.09.19-22.44.57:336][466]LogTemp: Warning: Grab Released
[2019.09.19-22.44.59:634][713]LogTemp: Warning: Grab Pickup
[2019.09.19-22.44.59:634][713]LogTemp: Warning: Line trace hit: SM_Statue_25
[2019.09.19-22.44.59:634][713]LogTemp: Error: 70.315773,-171.798431,91.314438|-0.000096,-0.186523,-0.000214|1.000000,1.000000,1.000000 <- Ths is the defaultRotation (000)
[2019.09.19-22.45.03:046][122]LogTemp: Warning: Grab Rotate
[2019.09.19-22.45.04:384][283]LogTemp: Warning: Grab RotateReleased
[2019.09.19-22.45.07:735][685]LogTemp: Warning: Grab Rotate
[2019.09.19-22.45.08:577][786]LogTemp: Warning: Grab RotateReleased
[2019.09.19-22.45.17:110][810]LogBlueprintUserMessages: Early EndPlayMap Detection: Level '/Game/Maps/Map_DevDebug.Map_DevDebug:PersistentLevel' has LevelScriptBlueprint '/Game/Maps/Map_DevDebug.Map_DevDebug:PersistentLevel.Map_DevDebug' with GeneratedClass '/Game/Maps/Map_DevDebug.Map_DevDebug_C' with ClassGeneratedBy '/Game/Maps/Map_DevDebug.Map_DevDebug:PersistentLevel.Map_DevDebug'
[2019.09.19-22.45.17:111][810]LogSlate: Updating window title bar state: overlay mode, drag disabled, window buttons hidden, title bar hidden
[2019.09.19-22.45.17:111][810]LogWorld: BeginTearingDown for /Game/Maps/UEDPIE_0_Map_DevDebug
[2019.09.19-22.45.17:111][810]LogWorld: UWorld::CleanupWorld for Map_DevDebug, bSessionEnded=true, bCleanupResources=true
[2019.09.19-22.45.17:121][810]LogPlayLevel: Display: Shutting down PIE online subsystems
[2019.09.19-22.45.17:122][810]LogBlueprintUserMessages: Late EndPlayMap Detection: Level '/Game/Maps/Map_DevDebug.Map_DevDebug:PersistentLevel' has LevelScriptBlueprint '/Game/Maps/Map_DevDebug.Map_DevDebug:PersistentLevel.Map_DevDebug' with GeneratedClass '/Game/Maps/Map_DevDebug.Map_DevDebug_C' with ClassGeneratedBy '/Game/Maps/Map_DevDebug.Map_DevDebug:PersistentLevel.Map_DevDebug'
[2019.09.19-22.45.17:161][810]LogSlate: Updating window title bar state: overlay mode, drag disabled, window buttons hidden, title bar hidden
[2019.09.19-22.45.17:164][810]LogUObjectHash: Compacting FUObjectHashTables data took   1.99ms
[2019.09.19-22.45.17:228][812]LogPlayLevel: Display: Destroying online subsystem :Context_4
[2019.09.19-22.45.59:491][ 50]LogHotReload: New module detected: UE4Editor-Moonstruck_v1-0100.dll
[2019.09.19-22.46.00:507][ 54]LogHotReload: Starting Hot-Reload from IDE
[2019.09.19-22.46.00:550][ 54]LogUObjectHash: Compacting FUObjectHashTables data took   0.70ms
[2019.09.19-22.46.00:575][ 54]LogContentBrowser: Native class hierarchy updated for 'Moonstruck_v1' in 0.0004 seconds. Added 6 classes and 2 folders.
[2019.09.19-22.46.00:579][ 54]Display: HotReload successful (0 functions remapped  0 scriptstructs remapped)
[2019.09.19-22.46.00:644][ 54]LogUObjectHash: Compacting FUObjectHashTables data took   1.19ms
[2019.09.19-22.46.00:659][ 54]LogContentBrowser: Native class hierarchy populated in 0.0099 seconds. Added 2870 classes and 684 folders.
[2019.09.19-22.46.00:661][ 54]Display: HotReload took  0.2s.
[2019.09.19-22.46.03:410][ 62]LogSlate: FSceneViewport::OnFocusLost() reason 5
[2019.09.19-22.46.04:536][173]LogTemp: Repeating last play command: Selected Viewport
[2019.09.19-22.46.04:555][173]LogBlueprintUserMessages: Early PlayInEditor Detection: Level '/Game/Maps/Map_DevDebug.Map_DevDebug:PersistentLevel' has LevelScriptBlueprint '/Game/Maps/Map_DevDebug.Map_DevDebug:PersistentLevel.Map_DevDebug' with GeneratedClass '/Game/Maps/Map_DevDebug.Map_DevDebug_C' with ClassGeneratedBy '/Game/Maps/Map_DevDebug.Map_DevDebug:PersistentLevel.Map_DevDebug'
[2019.09.19-22.46.04:555][173]LogPlayLevel: PlayLevel: No blueprints needed recompiling
[2019.09.19-22.46.04:556][173]PIE: New page: PIE session: Map_DevDebug (Sep 19, 2019, 2:46:04 PM)
[2019.09.19-22.46.04:556][173]LogPlayLevel: Creating play world package: /Game/Maps/UEDPIE_0_Map_DevDebug
[2019.09.19-22.46.04:563][173]LogPlayLevel: PIE: StaticDuplicateObject took: (0.006681s)
[2019.09.19-22.46.04:564][173]LogAIModule: Creating AISystem for world Map_DevDebug
[2019.09.19-22.46.04:564][173]LogPlayLevel: PIE: World Init took: (0.001026s)
[2019.09.19-22.46.04:564][173]LogPlayLevel: PIE: Created PIE world by copying editor world from /Game/Maps/Map_DevDebug.Map_DevDebug to /Game/Maps/UEDPIE_0_Map_DevDebug.Map_DevDebug (0.008144s)
[2019.09.19-22.46.04:597][173]LogUObjectHash: Compacting FUObjectHashTables data took   1.48ms
[2019.09.19-22.46.04:641][173]LogInit: XAudio2 using 'Logitech Speakers (High Definition Audio Device)' : 2 channels at 48 kHz using 16 bits per sample (channel mask 0x3)
[2019.09.19-22.46.04:649][173]LogInit: FAudioDevice initialized.
[2019.09.19-22.46.04:657][173]LogLoad: Game class is 'DeafaultMoonstruckGameMode_C'
[2019.09.19-22.46.04:659][173]LogWorld: Bringing World /Game/Maps/UEDPIE_0_Map_DevDebug.Map_DevDebug up for play (max tick rate 0) at 2019.09.19-18.46.04
[2019.09.19-22.46.04:659][173]LogWorld: Bringing up level for play took: 0.001731
[2019.09.19-22.46.04:659][173]LogOnline: OSS: Creating online subsystem instance for: :Context_5
[2019.09.19-22.46.04:661][173]LogTemp: Warning: The token is: SM_Chair_2
[2019.09.19-22.46.04:661][173]LogTemp: Warning: The token is: SM_Statue_25
[2019.09.19-22.46.04:661][173]LogTemp: Warning: The token is: SM_Chair_2
[2019.09.19-22.46.04:661][173]PIE: Play in editor start time for /Game/Maps/UEDPIE_0_Map_DevDebug 0.178
[2019.09.19-22.46.04:662][173]LogBlueprintUserMessages: Late PlayInEditor Detection: Level '/Game/Maps/Map_DevDebug.Map_DevDebug:PersistentLevel' has LevelScriptBlueprint '/Game/Maps/Map_DevDebug.Map_DevDebug:PersistentLevel.Map_DevDebug' with GeneratedClass '/Game/Maps/Map_DevDebug.Map_DevDebug_C' with ClassGeneratedBy '/Game/Maps/Map_DevDebug.Map_DevDebug:PersistentLevel.Map_DevDebug'
[2019.09.19-22.46.05:666][290]LogTemp: Warning: Grab Pickup
[2019.09.19-22.46.05:666][290]LogTemp: Warning: Grab Released
[2019.09.19-22.46.07:607][523]LogTemp: Warning: Grab Pickup
[2019.09.19-22.46.07:607][523]LogTemp: Warning: Line trace hit: SM_Statue_25
[2019.09.19-22.46.07:607][523]LogTemp: Error: 70.121918,-171.921677,91.314430|-0.000123,-0.070313,-0.000244|1.000000,1.000000,1.000000 <- Ths is the defaultRotation (000)
[2019.09.19-22.46.10:055][816]LogTemp: Warning: Grab Rotate
[2019.09.19-22.46.13:917][279]LogTemp: Warning: Grab RotateReleased
[2019.09.19-22.46.16:786][623]LogTemp: Warning: Grab Rotate
[2019.09.19-22.46.17:335][689]LogTemp: Warning: Grab RotateReleased
[2019.09.19-22.46.17:938][761]LogTemp: Warning: Grab Pickup
[2019.09.19-22.46.17:938][761]LogTemp: Warning: Line trace hit: SM_Statue_25
[2019.09.19-22.46.17:938][761]LogTemp: Warning: Grab Released
[2019.09.19-22.46.21:204][153]LogTemp: Warning: Grab Pickup
[2019.09.19-22.46.21:204][153]LogTemp: Warning: Line trace hit: SM_Statue_25
[2019.09.19-22.46.21:204][153]LogTemp: Error: 159.991348,25.487328,39.330109|0.000014,115.693275,89.999962|1.000000,1.000000,1.000000 <- Ths is the defaultRotation (000)
[2019.09.19-22.46.24:223][515]LogTemp: Warning: Grab Rotate
[2019.09.19-22.46.26:058][735]LogTemp: Warning: Grab RotateReleased
[2019.09.19-22.46.27:973][965]LogBlueprintUserMessages: Early EndPlayMap Detection: Level '/Game/Maps/Map_DevDebug.Map_DevDebug:PersistentLevel' has LevelScriptBlueprint '/Game/Maps/Map_DevDebug.Map_DevDebug:PersistentLevel.Map_DevDebug' with GeneratedClass '/Game/Maps/Map_DevDebug.Map_DevDebug_C' with ClassGeneratedBy '/Game/Maps/Map_DevDebug.Map_DevDebug:PersistentLevel.Map_DevDebug'
[2019.09.19-22.46.27:974][965]LogSlate: Updating window title bar state: overlay mode, drag disabled, window buttons hidden, title bar hidden
[2019.09.19-22.46.27:974][965]LogWorld: BeginTearingDown for /Game/Maps/UEDPIE_0_Map_DevDebug
[2019.09.19-22.46.27:974][965]LogWorld: UWorld::CleanupWorld for Map_DevDebug, bSessionEnded=true, bCleanupResources=true
[2019.09.19-22.46.27:987][965]LogPlayLevel: Display: Shutting down PIE online subsystems
[2019.09.19-22.46.27:987][965]LogBlueprintUserMessages: Late EndPlayMap Detection: Level '/Game/Maps/Map_DevDebug.Map_DevDebug:PersistentLevel' has LevelScriptBlueprint '/Game/Maps/Map_DevDebug.Map_DevDebug:PersistentLevel.Map_DevDebug' with GeneratedClass '/Game/Maps/Map_DevDebug.Map_DevDebug_C' with ClassGeneratedBy '/Game/Maps/Map_DevDebug.Map_DevDebug:PersistentLevel.Map_DevDebug'
[2019.09.19-22.46.28:026][965]LogSlate: Updating window title bar state: overlay mode, drag disabled, window buttons hidden, title bar hidden
[2019.09.19-22.46.28:029][965]LogUObjectHash: Compacting FUObjectHashTables data took   1.50ms
[2019.09.19-22.46.28:088][967]LogPlayLevel: Display: Destroying online subsystem :Context_5
[2019.09.19-22.47.29:124][298]LogHotReload: New module detected: UE4Editor-Moonstruck_v1-0101.dll
[2019.09.19-22.47.30:141][302]LogHotReload: Starting Hot-Reload from IDE
[2019.09.19-22.47.30:182][302]LogUObjectHash: Compacting FUObjectHashTables data took   0.78ms
[2019.09.19-22.47.30:207][302]LogContentBrowser: Native class hierarchy updated for 'Moonstruck_v1' in 0.0004 seconds. Added 6 classes and 2 folders.
[2019.09.19-22.47.30:211][302]Display: HotReload successful (0 functions remapped  0 scriptstructs remapped)
[2019.09.19-22.47.30:276][302]LogUObjectHash: Compacting FUObjectHashTables data took   1.20ms
[2019.09.19-22.47.30:291][302]LogContentBrowser: Native class hierarchy populated in 0.0099 seconds. Added 2870 classes and 684 folders.
[2019.09.19-22.47.30:294][302]Display: HotReload took  0.2s.
[2019.09.19-22.47.32:180][308]LogSlate: FSceneViewport::OnFocusLost() reason 5
[2019.09.19-22.47.33:282][398]LogTemp: Repeating last play command: Selected Viewport
[2019.09.19-22.47.33:301][398]LogBlueprintUserMessages: Early PlayInEditor Detection: Level '/Game/Maps/Map_DevDebug.Map_DevDebug:PersistentLevel' has LevelScriptBlueprint '/Game/Maps/Map_DevDebug.Map_DevDebug:PersistentLevel.Map_DevDebug' with GeneratedClass '/Game/Maps/Map_DevDebug.Map_DevDebug_C' with ClassGeneratedBy '/Game/Maps/Map_DevDebug.Map_DevDebug:PersistentLevel.Map_DevDebug'
[2019.09.19-22.47.33:302][398]LogPlayLevel: PlayLevel: No blueprints needed recompiling
[2019.09.19-22.47.33:302][398]PIE: New page: PIE session: Map_DevDebug (Sep 19, 2019, 2:47:33 PM)
[2019.09.19-22.47.33:302][398]LogPlayLevel: Creating play world package: /Game/Maps/UEDPIE_0_Map_DevDebug
[2019.09.19-22.47.33:309][398]LogPlayLevel: PIE: StaticDuplicateObject took: (0.006653s)
[2019.09.19-22.47.33:310][398]LogAIModule: Creating AISystem for world Map_DevDebug
[2019.09.19-22.47.33:310][398]LogPlayLevel: PIE: World Init took: (0.001006s)
[2019.09.19-22.47.33:310][398]LogPlayLevel: PIE: Created PIE world by copying editor world from /Game/Maps/Map_DevDebug.Map_DevDebug to /Game/Maps/UEDPIE_0_Map_DevDebug.Map_DevDebug (0.008095s)
[2019.09.19-22.47.33:343][398]LogUObjectHash: Compacting FUObjectHashTables data took   1.57ms
[2019.09.19-22.47.33:385][398]LogInit: XAudio2 using 'Logitech Speakers (High Definition Audio Device)' : 2 channels at 48 kHz using 16 bits per sample (channel mask 0x3)
[2019.09.19-22.47.33:392][398]LogInit: FAudioDevice initialized.
[2019.09.19-22.47.33:401][398]LogLoad: Game class is 'DeafaultMoonstruckGameMode_C'
[2019.09.19-22.47.33:403][398]LogWorld: Bringing World /Game/Maps/UEDPIE_0_Map_DevDebug.Map_DevDebug up for play (max tick rate 0) at 2019.09.19-18.47.33
[2019.09.19-22.47.33:404][398]LogWorld: Bringing up level for play took: 0.001741
[2019.09.19-22.47.33:404][398]LogOnline: OSS: Creating online subsystem instance for: :Context_6
[2019.09.19-22.47.33:406][398]LogTemp: Warning: The token is: SM_Chair_2
[2019.09.19-22.47.33:406][398]LogTemp: Warning: The token is: SM_Statue_25
[2019.09.19-22.47.33:406][398]LogTemp: Warning: The token is: SM_Chair_2
[2019.09.19-22.47.33:406][398]PIE: Play in editor start time for /Game/Maps/UEDPIE_0_Map_DevDebug 0.923
[2019.09.19-22.47.33:407][398]LogBlueprintUserMessages: Late PlayInEditor Detection: Level '/Game/Maps/Map_DevDebug.Map_DevDebug:PersistentLevel' has LevelScriptBlueprint '/Game/Maps/Map_DevDebug.Map_DevDebug:PersistentLevel.Map_DevDebug' with GeneratedClass '/Game/Maps/Map_DevDebug.Map_DevDebug_C' with ClassGeneratedBy '/Game/Maps/Map_DevDebug.Map_DevDebug:PersistentLevel.Map_DevDebug'
[2019.09.19-22.47.34:381][510]LogTemp: Warning: Grab Pickup
[2019.09.19-22.47.34:381][510]LogTemp: Warning: Grab Released
[2019.09.19-22.47.36:747][794]LogBlueprintUserMessages: Early EndPlayMap Detection: Level '/Game/Maps/Map_DevDebug.Map_DevDebug:PersistentLevel' has LevelScriptBlueprint '/Game/Maps/Map_DevDebug.Map_DevDebug:PersistentLevel.Map_DevDebug' with GeneratedClass '/Game/Maps/Map_DevDebug.Map_DevDebug_C' with ClassGeneratedBy '/Game/Maps/Map_DevDebug.Map_DevDebug:PersistentLevel.Map_DevDebug'
[2019.09.19-22.47.36:748][794]LogSlate: Updating window title bar state: overlay mode, drag disabled, window buttons hidden, title bar hidden
[2019.09.19-22.47.36:748][794]LogWorld: BeginTearingDown for /Game/Maps/UEDPIE_0_Map_DevDebug
[2019.09.19-22.47.36:748][794]LogWorld: UWorld::CleanupWorld for Map_DevDebug, bSessionEnded=true, bCleanupResources=true
[2019.09.19-22.47.36:759][794]LogPlayLevel: Display: Shutting down PIE online subsystems
[2019.09.19-22.47.36:759][794]LogBlueprintUserMessages: Late EndPlayMap Detection: Level '/Game/Maps/Map_DevDebug.Map_DevDebug:PersistentLevel' has LevelScriptBlueprint '/Game/Maps/Map_DevDebug.Map_DevDebug:PersistentLevel.Map_DevDebug' with GeneratedClass '/Game/Maps/Map_DevDebug.Map_DevDebug_C' with ClassGeneratedBy '/Game/Maps/Map_DevDebug.Map_DevDebug:PersistentLevel.Map_DevDebug'
[2019.09.19-22.47.36:797][794]LogSlate: Updating window title bar state: overlay mode, drag disabled, window buttons hidden, title bar hidden
[2019.09.19-22.47.36:800][794]LogUObjectHash: Compacting FUObjectHashTables data took   1.50ms
[2019.09.19-22.47.36:856][796]LogPlayLevel: Display: Destroying online subsystem :Context_6
[2019.09.19-22.47.37:988][901]LogSlate: FSceneViewport::OnFocusLost() reason 0
[2019.09.19-22.47.39:803][102]LogTemp: Repeating last play command: Selected Viewport
[2019.09.19-22.47.39:819][102]LogBlueprintUserMessages: Early PlayInEditor Detection: Level '/Game/Maps/Map_DevDebug.Map_DevDebug:PersistentLevel' has LevelScriptBlueprint '/Game/Maps/Map_DevDebug.Map_DevDebug:PersistentLevel.Map_DevDebug' with GeneratedClass '/Game/Maps/Map_DevDebug.Map_DevDebug_C' with ClassGeneratedBy '/Game/Maps/Map_DevDebug.Map_DevDebug:PersistentLevel.Map_DevDebug'
[2019.09.19-22.47.39:820][102]LogPlayLevel: PlayLevel: No blueprints needed recompiling
[2019.09.19-22.47.39:820][102]PIE: New page: PIE session: Map_DevDebug (Sep 19, 2019, 2:47:39 PM)
[2019.09.19-22.47.39:820][102]LogPlayLevel: Creating play world package: /Game/Maps/UEDPIE_0_Map_DevDebug
[2019.09.19-22.47.39:827][102]LogPlayLevel: PIE: StaticDuplicateObject took: (0.006692s)
[2019.09.19-22.47.39:828][102]LogAIModule: Creating AISystem for world Map_DevDebug
[2019.09.19-22.47.39:828][102]LogPlayLevel: PIE: World Init took: (0.000991s)
[2019.09.19-22.47.39:828][102]LogPlayLevel: PIE: Created PIE world by copying editor world from /Game/Maps/Map_DevDebug.Map_DevDebug to /Game/Maps/UEDPIE_0_Map_DevDebug.Map_DevDebug (0.008123s)
[2019.09.19-22.47.39:862][102]LogUObjectHash: Compacting FUObjectHashTables data took   1.72ms
[2019.09.19-22.47.39:903][102]LogInit: XAudio2 using 'Logitech Speakers (High Definition Audio Device)' : 2 channels at 48 kHz using 16 bits per sample (channel mask 0x3)
[2019.09.19-22.47.39:910][102]LogInit: FAudioDevice initialized.
[2019.09.19-22.47.39:916][102]LogLoad: Game class is 'DeafaultMoonstruckGameMode_C'
[2019.09.19-22.47.39:918][102]LogWorld: Bringing World /Game/Maps/UEDPIE_0_Map_DevDebug.Map_DevDebug up for play (max tick rate 0) at 2019.09.19-18.47.39
[2019.09.19-22.47.39:919][102]LogWorld: Bringing up level for play took: 0.001714
[2019.09.19-22.47.39:919][102]LogOnline: OSS: Creating online subsystem instance for: :Context_7
[2019.09.19-22.47.39:921][102]LogTemp: Warning: The token is: SM_Chair_2
[2019.09.19-22.47.39:921][102]LogTemp: Warning: The token is: SM_Statue_25
[2019.09.19-22.47.39:921][102]LogTemp: Warning: The token is: SM_Chair_2
[2019.09.19-22.47.39:921][102]PIE: Play in editor start time for /Game/Maps/UEDPIE_0_Map_DevDebug -0.562
[2019.09.19-22.47.39:922][102]LogBlueprintUserMessages: Late PlayInEditor Detection: Level '/Game/Maps/Map_DevDebug.Map_DevDebug:PersistentLevel' has LevelScriptBlueprint '/Game/Maps/Map_DevDebug.Map_DevDebug:PersistentLevel.Map_DevDebug' with GeneratedClass '/Game/Maps/Map_DevDebug.Map_DevDebug_C' with ClassGeneratedBy '/Game/Maps/Map_DevDebug.Map_DevDebug:PersistentLevel.Map_DevDebug'
[2019.09.19-22.47.40:773][200]LogTemp: Warning: Grab Pickup
[2019.09.19-22.47.40:773][200]LogTemp: Warning: Grab Released
[2019.09.19-22.47.43:567][535]LogTemp: Warning: Grab Pickup
[2019.09.19-22.47.43:567][535]LogTemp: Warning: Line trace hit: SM_Statue_25
[2019.09.19-22.47.43:567][535]LogTemp: Error: 70.177643,-171.886215,91.314384|-0.000061,-0.105103,-0.000153|1.000000,1.000000,1.000000 <- Ths is the defaultRotation (000)
[2019.09.19-22.47.48:476][124]LogTemp: Warning: Grab Rotate
[2019.09.19-22.47.53:182][685]LogTemp: Warning: Grab RotateReleased
[2019.09.19-22.47.53:182][685]LogTemp: Error: 253.239395,30.252792,142.499756|0.000061,0.105102,0.000153|1.000000,1.000000,1.000000 <- Ths is the defaultRotation (000)
[2019.09.19-22.48.15:975][420]LogBlueprintUserMessages: Early EndPlayMap Detection: Level '/Game/Maps/Map_DevDebug.Map_DevDebug:PersistentLevel' has LevelScriptBlueprint '/Game/Maps/Map_DevDebug.Map_DevDebug:PersistentLevel.Map_DevDebug' with GeneratedClass '/Game/Maps/Map_DevDebug.Map_DevDebug_C' with ClassGeneratedBy '/Game/Maps/Map_DevDebug.Map_DevDebug:PersistentLevel.Map_DevDebug'
[2019.09.19-22.48.15:976][420]LogSlate: Updating window title bar state: overlay mode, drag disabled, window buttons hidden, title bar hidden
[2019.09.19-22.48.15:976][420]LogWorld: BeginTearingDown for /Game/Maps/UEDPIE_0_Map_DevDebug
[2019.09.19-22.48.15:976][420]LogWorld: UWorld::CleanupWorld for Map_DevDebug, bSessionEnded=true, bCleanupResources=true
[2019.09.19-22.48.15:984][420]LogPlayLevel: Display: Shutting down PIE online subsystems
[2019.09.19-22.48.15:985][420]LogBlueprintUserMessages: Late EndPlayMap Detection: Level '/Game/Maps/Map_DevDebug.Map_DevDebug:PersistentLevel' has LevelScriptBlueprint '/Game/Maps/Map_DevDebug.Map_DevDebug:PersistentLevel.Map_DevDebug' with GeneratedClass '/Game/Maps/Map_DevDebug.Map_DevDebug_C' with ClassGeneratedBy '/Game/Maps/Map_DevDebug.Map_DevDebug:PersistentLevel.Map_DevDebug'
[2019.09.19-22.48.16:023][420]LogSlate: Updating window title bar state: overlay mode, drag disabled, window buttons hidden, title bar hidden
[2019.09.19-22.48.16:026][420]LogUObjectHash: Compacting FUObjectHashTables data took   1.52ms
[2019.09.19-22.48.16:082][422]LogPlayLevel: Display: Destroying online subsystem :Context_7
[2019.09.19-22.48.42:217][888]LogHotReload: New module detected: UE4Editor-Moonstruck_v1-0102.dll
[2019.09.19-22.48.42:253][889]LogSlate: FSceneViewport::OnFocusLost() reason 5
[2019.09.19-22.48.43:294][937]LogHotReload: Starting Hot-Reload from IDE
[2019.09.19-22.48.43:338][937]LogUObjectHash: Compacting FUObjectHashTables data took   0.85ms
[2019.09.19-22.48.43:376][937]LogContentBrowser: Native class hierarchy updated for 'Moonstruck_v1' in 0.0004 seconds. Added 6 classes and 2 folders.
[2019.09.19-22.48.43:379][937]Display: HotReload successful (0 functions remapped  0 scriptstructs remapped)
[2019.09.19-22.48.43:447][937]LogUObjectHash: Compacting FUObjectHashTables data took   1.24ms
[2019.09.19-22.48.43:462][937]LogContentBrowser: Native class hierarchy populated in 0.0099 seconds. Added 2870 classes and 684 folders.
[2019.09.19-22.48.43:465][937]Display: HotReload took  0.2s.
[2019.09.19-22.48.47:002][208]LogTemp: Repeating last play command: Selected Viewport
[2019.09.19-22.48.47:022][208]LogBlueprintUserMessages: Early PlayInEditor Detection: Level '/Game/Maps/Map_DevDebug.Map_DevDebug:PersistentLevel' has LevelScriptBlueprint '/Game/Maps/Map_DevDebug.Map_DevDebug:PersistentLevel.Map_DevDebug' with GeneratedClass '/Game/Maps/Map_DevDebug.Map_DevDebug_C' with ClassGeneratedBy '/Game/Maps/Map_DevDebug.Map_DevDebug:PersistentLevel.Map_DevDebug'
[2019.09.19-22.48.47:022][208]LogPlayLevel: PlayLevel: No blueprints needed recompiling
[2019.09.19-22.48.47:022][208]PIE: New page: PIE session: Map_DevDebug (Sep 19, 2019, 2:48:47 PM)
[2019.09.19-22.48.47:023][208]LogPlayLevel: Creating play world package: /Game/Maps/UEDPIE_0_Map_DevDebug
[2019.09.19-22.48.47:030][208]LogPlayLevel: PIE: StaticDuplicateObject took: (0.006950s)
[2019.09.19-22.48.47:031][208]LogAIModule: Creating AISystem for world Map_DevDebug
[2019.09.19-22.48.47:031][208]LogPlayLevel: PIE: World Init took: (0.001220s)
[2019.09.19-22.48.47:031][208]LogPlayLevel: PIE: Created PIE world by copying editor world from /Game/Maps/Map_DevDebug.Map_DevDebug to /Game/Maps/UEDPIE_0_Map_DevDebug.Map_DevDebug (0.008819s)
[2019.09.19-22.48.47:067][208]LogUObjectHash: Compacting FUObjectHashTables data took   1.88ms
[2019.09.19-22.48.47:109][208]LogInit: XAudio2 using 'Logitech Speakers (High Definition Audio Device)' : 2 channels at 48 kHz using 16 bits per sample (channel mask 0x3)
[2019.09.19-22.48.47:116][208]LogInit: FAudioDevice initialized.
[2019.09.19-22.48.47:120][208]LogLoad: Game class is 'DeafaultMoonstruckGameMode_C'
[2019.09.19-22.48.47:122][208]LogWorld: Bringing World /Game/Maps/UEDPIE_0_Map_DevDebug.Map_DevDebug up for play (max tick rate 0) at 2019.09.19-18.48.47
[2019.09.19-22.48.47:123][208]LogWorld: Bringing up level for play took: 0.001803
[2019.09.19-22.48.47:123][208]LogOnline: OSS: Creating online subsystem instance for: :Context_8
[2019.09.19-22.48.47:125][208]LogTemp: Warning: The token is: SM_Chair_2
[2019.09.19-22.48.47:125][208]LogTemp: Warning: The token is: SM_Statue_25
[2019.09.19-22.48.47:125][208]LogTemp: Warning: The token is: SM_Chair_2
[2019.09.19-22.48.47:125][208]PIE: Play in editor start time for /Game/Maps/UEDPIE_0_Map_DevDebug 0.642
[2019.09.19-22.48.47:126][208]LogBlueprintUserMessages: Late PlayInEditor Detection: Level '/Game/Maps/Map_DevDebug.Map_DevDebug:PersistentLevel' has LevelScriptBlueprint '/Game/Maps/Map_DevDebug.Map_DevDebug:PersistentLevel.Map_DevDebug' with GeneratedClass '/Game/Maps/Map_DevDebug.Map_DevDebug_C' with ClassGeneratedBy '/Game/Maps/Map_DevDebug.Map_DevDebug:PersistentLevel.Map_DevDebug'
[2019.09.19-22.48.47:962][305]LogTemp: Warning: Grab Pickup
[2019.09.19-22.48.47:962][305]LogTemp: Warning: Grab Released
[2019.09.19-22.48.49:853][532]LogTemp: Warning: Grab Pickup
[2019.09.19-22.48.49:853][532]LogTemp: Warning: Line trace hit: SM_Statue_25
[2019.09.19-22.48.49:853][532]LogTemp: Error: 70.213364,-171.863373,91.314392|-0.000219,-0.125854,0.000221|1.000000,1.000000,1.000000 <- Ths is the defaultRotation (000)
[2019.09.19-22.48.52:770][882]LogTemp: Warning: Grab Rotate
[2019.09.19-22.48.54:537][ 94]LogTemp: Warning: Grab RotateReleased
[2019.09.19-22.48.54:537][ 94]LogTemp: Error: 271.633698,53.052242,124.382339|-0.000219,-0.125854,0.000221|1.000000,1.000000,1.000000 <- Ths is the defaultRotation (000)
[2019.09.19-22.49.18:713][995]LogBlueprintUserMessages: Early EndPlayMap Detection: Level '/Game/Maps/Map_DevDebug.Map_DevDebug:PersistentLevel' has LevelScriptBlueprint '/Game/Maps/Map_DevDebug.Map_DevDebug:PersistentLevel.Map_DevDebug' with GeneratedClass '/Game/Maps/Map_DevDebug.Map_DevDebug_C' with ClassGeneratedBy '/Game/Maps/Map_DevDebug.Map_DevDebug:PersistentLevel.Map_DevDebug'
[2019.09.19-22.49.18:714][995]LogSlate: Updating window title bar state: overlay mode, drag disabled, window buttons hidden, title bar hidden
[2019.09.19-22.49.18:714][995]LogWorld: BeginTearingDown for /Game/Maps/UEDPIE_0_Map_DevDebug
[2019.09.19-22.49.18:715][995]LogWorld: UWorld::CleanupWorld for Map_DevDebug, bSessionEnded=true, bCleanupResources=true
[2019.09.19-22.49.18:725][995]LogPlayLevel: Display: Shutting down PIE online subsystems
[2019.09.19-22.49.18:726][995]LogBlueprintUserMessages: Late EndPlayMap Detection: Level '/Game/Maps/Map_DevDebug.Map_DevDebug:PersistentLevel' has LevelScriptBlueprint '/Game/Maps/Map_DevDebug.Map_DevDebug:PersistentLevel.Map_DevDebug' with GeneratedClass '/Game/Maps/Map_DevDebug.Map_DevDebug_C' with ClassGeneratedBy '/Game/Maps/Map_DevDebug.Map_DevDebug:PersistentLevel.Map_DevDebug'
[2019.09.19-22.49.18:765][995]LogSlate: Updating window title bar state: overlay mode, drag disabled, window buttons hidden, title bar hidden
[2019.09.19-22.49.18:768][995]LogUObjectHash: Compacting FUObjectHashTables data took   1.52ms
[2019.09.19-22.49.18:825][997]LogPlayLevel: Display: Destroying online subsystem :Context_8
[2019.09.19-22.49.25:578][795]LogSlate: FSceneViewport::OnFocusLost() reason 0
[2019.09.19-22.54.53:752][458]LogHotReload: New module detected: UE4Editor-Moonstruck_v1-0104.dll
[2019.09.19-22.54.54:775][462]LogHotReload: Starting Hot-Reload from IDE
[2019.09.19-22.54.54:816][462]LogUObjectHash: Compacting FUObjectHashTables data took   0.99ms
[2019.09.19-22.54.54:836][462]LogClass: Could not find existing class Pickup in package /Script/Moonstruck_v1 for HotReload, assuming new class
[2019.09.19-22.54.54:842][462]LogHotReload: Re-instancing Pickup after hot-reload.
[2019.09.19-22.54.54:941][462]LogContentBrowser: Native class hierarchy updated for 'Moonstruck_v1' in 0.0004 seconds. Added 6 classes and 2 folders.
[2019.09.19-22.54.54:944][462]Display: HotReload successful (0 functions remapped  0 scriptstructs remapped)
[2019.09.19-22.54.55:010][462]LogUObjectHash: Compacting FUObjectHashTables data took   1.31ms
[2019.09.19-22.54.55:025][462]LogContentBrowser: Native class hierarchy populated in 0.0098 seconds. Added 2870 classes and 684 folders.
[2019.09.19-22.54.55:027][462]Display: HotReload took  0.3s.
[2019.09.19-22.55.03:062][619]LogTemp: Repeating last play command: Selected Viewport
[2019.09.19-22.55.03:086][619]LogBlueprintUserMessages: Early PlayInEditor Detection: Level '/Game/Maps/Map_DevDebug.Map_DevDebug:PersistentLevel' has LevelScriptBlueprint '/Game/Maps/Map_DevDebug.Map_DevDebug:PersistentLevel.Map_DevDebug' with GeneratedClass '/Game/Maps/Map_DevDebug.Map_DevDebug_C' with ClassGeneratedBy '/Game/Maps/Map_DevDebug.Map_DevDebug:PersistentLevel.Map_DevDebug'
[2019.09.19-22.55.03:087][619]LogPlayLevel: PlayLevel: No blueprints needed recompiling
[2019.09.19-22.55.03:087][619]PIE: New page: PIE session: Map_DevDebug (Sep 19, 2019, 2:55:03 PM)
[2019.09.19-22.55.03:087][619]LogPlayLevel: Creating play world package: /Game/Maps/UEDPIE_0_Map_DevDebug
[2019.09.19-22.55.03:094][619]LogPlayLevel: PIE: StaticDuplicateObject took: (0.007072s)
[2019.09.19-22.55.03:095][619]LogAIModule: Creating AISystem for world Map_DevDebug
[2019.09.19-22.55.03:095][619]LogPlayLevel: PIE: World Init took: (0.001037s)
[2019.09.19-22.55.03:095][619]LogPlayLevel: PIE: Created PIE world by copying editor world from /Game/Maps/Map_DevDebug.Map_DevDebug to /Game/Maps/UEDPIE_0_Map_DevDebug.Map_DevDebug (0.008553s)
[2019.09.19-22.55.03:130][619]LogUObjectHash: Compacting FUObjectHashTables data took   1.74ms
[2019.09.19-22.55.03:174][619]LogInit: XAudio2 using 'Logitech Speakers (High Definition Audio Device)' : 2 channels at 48 kHz using 16 bits per sample (channel mask 0x3)
[2019.09.19-22.55.03:181][619]LogInit: FAudioDevice initialized.
[2019.09.19-22.55.03:192][619]LogLoad: Game class is 'DeafaultMoonstruckGameMode_C'
[2019.09.19-22.55.03:194][619]LogWorld: Bringing World /Game/Maps/UEDPIE_0_Map_DevDebug.Map_DevDebug up for play (max tick rate 0) at 2019.09.19-18.55.03
[2019.09.19-22.55.03:195][619]LogWorld: Bringing up level for play took: 0.001741
[2019.09.19-22.55.03:195][619]LogOnline: OSS: Creating online subsystem instance for: :Context_9
[2019.09.19-22.55.03:197][619]LogTemp: Warning: The token is: SM_Chair_2
[2019.09.19-22.55.03:197][619]LogTemp: Warning: The token is: SM_Statue_25
[2019.09.19-22.55.03:197][619]LogTemp: Warning: The token is: SM_Chair_2
[2019.09.19-22.55.03:197][619]PIE: Play in editor start time for /Game/Maps/UEDPIE_0_Map_DevDebug 0.714
[2019.09.19-22.55.03:198][619]LogBlueprintUserMessages: Late PlayInEditor Detection: Level '/Game/Maps/Map_DevDebug.Map_DevDebug:PersistentLevel' has LevelScriptBlueprint '/Game/Maps/Map_DevDebug.Map_DevDebug:PersistentLevel.Map_DevDebug' with GeneratedClass '/Game/Maps/Map_DevDebug.Map_DevDebug_C' with ClassGeneratedBy '/Game/Maps/Map_DevDebug.Map_DevDebug:PersistentLevel.Map_DevDebug'
[2019.09.19-22.55.04:111][725]LogTemp: Warning: Grab Pickup
[2019.09.19-22.55.04:111][725]LogTemp: Warning: Grab Released
[2019.09.19-22.55.05:876][937]LogTemp: Warning: Grab Pickup
[2019.09.19-22.55.05:876][937]LogTemp: Warning: Line trace hit: SM_Statue_25
[2019.09.19-22.55.06:796][937]LogWindows: Error: === Critical error: ===
[2019.09.19-22.55.06:796][937]LogWindows: Error: 
[2019.09.19-22.55.06:796][937]LogWindows: Error: Fatal error!
[2019.09.19-22.55.06:796][937]LogWindows: Error: 
[2019.09.19-22.55.06:796][937]LogWindows: Error: Unhandled Exception: EXCEPTION_ACCESS_VIOLATION reading address 0x00000170
[2019.09.19-22.55.06:796][937]LogWindows: Error: 
[2019.09.19-22.55.06:796][937]LogWindows: Error: [Callstack] 0x00007ff9c2131f50 UE4Editor-Engine.dll!UnknownFunction []
[2019.09.19-22.55.06:796][937]LogWindows: Error: [Callstack] 0x00007ffa05ea4a4a UE4Editor-Moonstruck_v1-0104.dll!UPickup::Pickup() [e:\repos\moonstruck_01\moonstruck\moonstruck_v1\source\moonstruck_v1\pickup.cpp:88]
[2019.09.19-22.55.06:796][937]LogWindows: Error: [Callstack] 0x00007ff9c3373256 UE4Editor-Engine.dll!UnknownFunction []
[2019.09.19-22.55.06:796][937]LogWindows: Error: [Callstack] 0x00007ff9c339f331 UE4Editor-Engine.dll!UnknownFunction []
[2019.09.19-22.55.06:796][937]LogWindows: Error: [Callstack] 0x00007ff9c2ece729 UE4Editor-Engine.dll!UnknownFunction []
[2019.09.19-22.55.06:796][937]LogWindows: Error: [Callstack] 0x00007ff9c2ee10bd UE4Editor-Engine.dll!UnknownFunction []
[2019.09.19-22.55.06:796][937]LogWindows: Error: [Callstack] 0x00007ff9c2ecca24 UE4Editor-Engine.dll!UnknownFunction []
[2019.09.19-22.55.06:796][937]LogWindows: Error: [Callstack] 0x00007ff9c2ee0241 UE4Editor-Engine.dll!UnknownFunction []
[2019.09.19-22.55.06:796][937]LogWindows: Error: [Callstack] 0x00007ff9c21d8a31 UE4Editor-Engine.dll!UnknownFunction []
[2019.09.19-22.55.06:796][937]LogWindows: Error: [Callstack] 0x00007ff9c326f9b3 UE4Editor-Engine.dll!UnknownFunction []
[2019.09.19-22.55.06:796][937]LogWindows: Error: [Callstack] 0x00007ff9c327cba7 UE4Editor-Engine.dll!UnknownFunction []
[2019.09.19-22.55.06:796][937]LogWindows: Error: [Callstack] 0x00007ff9e05f4e4a UE4Editor-Core.dll!UnknownFunction []
[2019.09.19-22.55.06:796][937]LogWindows: Error: [Callstack] 0x00007ff9e05f51f3 UE4Editor-Core.dll!UnknownFunction []
[2019.09.19-22.55.06:796][937]LogWindows: Error: [Callstack] 0x00007ff9e06051f9 UE4Editor-Core.dll!UnknownFunction []
[2019.09.19-22.55.06:796][937]LogWindows: Error: [Callstack] 0x00007ff9c329bfa0 UE4Editor-Engine.dll!UnknownFunction []
[2019.09.19-22.55.06:796][937]LogWindows: Error: [Callstack] 0x00007ff9c32a1ed2 UE4Editor-Engine.dll!UnknownFunction []
[2019.09.19-22.55.06:796][937]LogWindows: Error: [Callstack] 0x00007ff9c2a96e1f UE4Editor-Engine.dll!UnknownFunction []
[2019.09.19-22.55.06:796][937]LogWindows: Error: [Callstack] 0x00007ff9c2aa1f38 UE4Editor-Engine.dll!UnknownFunction []
[2019.09.19-22.55.06:796][937]LogWindows: Error: [Callstack] 0x00007ff9c0cae00b UE4Editor-UnrealEd.dll!UnknownFunction []
[2019.09.19-22.55.06:796][937]LogWindows: Error: [Callstack] 0x00007ff9c1504b16 UE4Editor-UnrealEd.dll!UnknownFunction []
[2019.09.19-22.55.06:796][937]LogWindows: Error: [Callstack] 0x00007ff6a0277b0a UE4Editor.exe!UnknownFunction []
[2019.09.19-22.55.06:796][937]LogWindows: Error: [Callstack] 0x00007ff6a028a91c UE4Editor.exe!UnknownFunction []
[2019.09.19-22.55.06:796][937]LogWindows: Error: [Callstack] 0x00007ff6a028a9fa UE4Editor.exe!UnknownFunction []
[2019.09.19-22.55.06:796][937]LogWindows: Error: [Callstack] 0x00007ff6a029b92c UE4Editor.exe!UnknownFunction []
[2019.09.19-22.55.06:796][937]LogWindows: Error: [Callstack] 0x00007ff6a029e60e UE4Editor.exe!UnknownFunction []
[2019.09.19-22.55.06:796][937]LogWindows: Error: [Callstack] 0x00007ffa16817bd4 KERNEL32.DLL!UnknownFunction []
[2019.09.19-22.55.06:796][937]LogWindows: Error: [Callstack] 0x00007ffa181ecee1 ntdll.dll!UnknownFunction []
[2019.09.19-22.55.06:796][937]LogWindows: Error: 
[2019.09.19-22.55.06:812][937]LogExit: Executing StaticShutdownAfterError
[2019.09.19-22.55.06:815][937]LogWindows: FPlatformMisc::RequestExit(1)
[2019.09.19-22.55.06:825][937]Log file closed, 09/19/19 18:55:06
