Log file open, 09/19/19 19:10:38
LogWindows: Failed to load 'aqProf.dll' (GetLastError=126)
LogWindows: File 'aqProf.dll' does not exist
LogWindows: Failed to load 'VtuneApi.dll' (GetLastError=126)
LogWindows: File 'VtuneApi.dll' does not exist
LogWindows: Failed to load 'VtuneApi32e.dll' (GetLastError=126)
LogWindows: File 'VtuneApi32e.dll' does not exist
LogConsoleResponse: Display: Failed to find resolution value strings in scalability ini. Falling back to default.
LogInit: Display: Running engine for game: Moonstruck_v1
LogPlatformFile: Not using cached read wrapper
LogTaskGraph: Started task graph with 5 named threads and 35 total threads with 3 sets of task threads.
LogStats: Stats thread started at 0.068154
LogD3D11RHI: Loaded GFSDK_Aftermath_Lib.x64.dll
LogICUInternationalization: ICU TimeZone Detection - Raw Offset: -5:00, Platform Override: ''
LogPluginManager: Mounting plugin Paper2D
LogPluginManager: Mounting plugin AISupport
LogPluginManager: Mounting plugin LightPropagationVolume
LogPluginManager: Mounting plugin ActorLayerUtilities
LogPluginManager: Mounting plugin AnimationSharing
LogPluginManager: Mounting plugin CLionSourceCodeAccess
LogPluginManager: Mounting plugin CodeLiteSourceCodeAccess
LogPluginManager: Mounting plugin GitSourceControl
LogPluginManager: Mounting plugin KDevelopSourceCodeAccess
LogPluginManager: Mounting plugin NullSourceCodeAccess
LogPluginManager: Mounting plugin PerforceSourceControl
LogPluginManager: Mounting plugin SubversionSourceControl
LogPluginManager: Mounting plugin UObjectPlugin
LogPluginManager: Mounting plugin VisualStudioCodeSourceCodeAccess
LogPluginManager: Mounting plugin VisualStudioSourceCodeAccess
LogPluginManager: Mounting plugin XCodeSourceCodeAccess
LogPluginManager: Mounting plugin AssetManagerEditor
LogPluginManager: Mounting plugin CryptoKeys
LogPluginManager: Mounting plugin CurveEditorTools
LogPluginManager: Mounting plugin DataValidation
LogPluginManager: Mounting plugin FacialAnimation
LogPluginManager: Mounting plugin GameplayTagsEditor
LogPluginManager: Mounting plugin MacGraphicsSwitching
LogPluginManager: Mounting plugin MaterialAnalyzer
LogPluginManager: Mounting plugin MobileLauncherProfileWizard
LogPluginManager: Mounting plugin PluginBrowser
LogPluginManager: Mounting plugin SpeedTreeImporter
LogPluginManager: Mounting plugin DatasmithContent
LogPluginManager: Mounting plugin VariantManagerContent
LogPluginManager: Mounting plugin AlembicImporter
LogPluginManager: Mounting plugin AutomationUtils
LogPluginManager: Mounting plugin BackChannel
LogPluginManager: Mounting plugin CharacterAI
LogPluginManager: Mounting plugin GeometryCache
LogPluginManager: Mounting plugin HTML5Networking
LogPluginManager: Mounting plugin PlatformCrypto
LogPluginManager: Mounting plugin ProxyLODPlugin
LogPluginManager: Mounting plugin SkeletalReduction
LogPluginManager: Mounting plugin MagicLeap
LogPluginManager: Mounting plugin MagicLeapMedia
LogPluginManager: Mounting plugin AndroidMedia
LogPluginManager: Mounting plugin AvfMedia
LogPluginManager: Mounting plugin ImgMedia
LogPluginManager: Mounting plugin MediaCompositing
LogPluginManager: Mounting plugin MediaPlayerEditor
LogPluginManager: Mounting plugin WebMMedia
LogPluginManager: Mounting plugin WmfMedia
LogPluginManager: Mounting plugin TcpMessaging
LogPluginManager: Mounting plugin UdpMessaging
LogPluginManager: Mounting plugin ActorSequence
LogPluginManager: Mounting plugin LevelSequenceEditor
LogPluginManager: Mounting plugin MatineeToLevelSequence
LogPluginManager: Mounting plugin NetcodeUnitTest
LogPluginManager: Mounting plugin NUTUnrealEngine4
LogPluginManager: Mounting plugin OnlineSubsystemGooglePlay
LogPluginManager: Mounting plugin OnlineSubsystemIOS
LogPluginManager: Mounting plugin OnlineSubsystem
LogPluginManager: Mounting plugin OnlineSubsystemNull
LogPluginManager: Mounting plugin OnlineSubsystemUtils
LogPluginManager: Mounting plugin LauncherChunkInstaller
LogPluginManager: Mounting plugin AndroidDeviceProfileSelector
LogPluginManager: Mounting plugin AndroidMoviePlayer
LogPluginManager: Mounting plugin AndroidPermission
LogPluginManager: Mounting plugin AppleImageUtils
LogPluginManager: Mounting plugin AppleMoviePlayer
LogPluginManager: Mounting plugin ArchVisCharacter
LogPluginManager: Mounting plugin AudioCapture
LogPluginManager: Mounting plugin CableComponent
LogPluginManager: Mounting plugin CustomMeshComponent
LogPluginManager: Mounting plugin EditableMesh
LogPluginManager: Mounting plugin ExampleDeviceProfileSelector
LogPluginManager: Mounting plugin GoogleCloudMessaging
LogPluginManager: Mounting plugin IOSDeviceProfileSelector
LogPluginManager: Mounting plugin LinuxDeviceProfileSelector
LogPluginManager: Mounting plugin LocationServicesBPLibrary
LogPluginManager: Mounting plugin MobilePatchingUtils
LogPluginManager: Mounting plugin OculusVR
LogPluginManager: Mounting plugin PhysXVehicles
LogPluginManager: Mounting plugin ProceduralMeshComponent
LogPluginManager: Mounting plugin RuntimePhysXCooking
LogPluginManager: Mounting plugin SignificanceManager
LogPluginManager: Mounting plugin SteamVR
LogPluginManager: Mounting plugin WebMMoviePlayer
LogPluginManager: Mounting plugin WindowsMoviePlayer
LogPluginManager: Mounting plugin ScreenshotTools
LogInit: Using libcurl 7.55.1-DEV
LogInit:  - built for x86_64-pc-win32
LogInit:  - supports SSL with OpenSSL/1.1.1
LogInit:  - supports HTTP deflate (compression) using libz 1.2.8
LogInit:  - other features:
LogInit:      CURL_VERSION_SSL
LogInit:      CURL_VERSION_LIBZ
LogInit:      CURL_VERSION_IPV6
LogInit:      CURL_VERSION_ASYNCHDNS
LogInit:      CURL_VERSION_LARGEFILE
LogInit:      CURL_VERSION_IDN
LogInit:  CurlRequestOptions (configurable via config and command line):
LogInit:  - bVerifyPeer = true  - Libcurl will verify peer certificate
LogInit:  - bUseHttpProxy = false  - Libcurl will NOT use HTTP proxy
LogInit:  - bDontReuseConnections = false  - Libcurl will reuse connections
LogInit:  - MaxHostConnections = 16  - Libcurl will limit the number of connections to a host
LogInit:  - LocalHostAddr = Default
LogInit:  - BufferSize = 65536
LogOnline: OSS: Creating online subsystem instance for: NULL
LogInit: WinSock: version 1.1 (2.2), MaxSocks=32767, MaxUdp=65467
LogInit: Build: ++UE4+Release-4.23-CL-8386587
LogInit: Engine Version: 4.23.0-8386587+++UE4+Release-4.23
LogInit: Compatible Engine Version: 4.23.0-8386587+++UE4+Release-4.23
LogInit: Net CL: 8386587
LogInit: OS: Windows 10 (Release 1903) (), CPU: AMD Ryzen 5 1600 Six-Core Processor            , GPU: Radeon RX 580 Series
LogInit: Compiled (64-bit): Aug 31 2019 02:04:44
LogInit: Compiled with Visual C++: 19.16.27030.01
LogInit: Build Configuration: Development
LogInit: Branch Name: ++UE4+Release-4.23
LogInit: Command Line:  -EpicPortal -epicusername=Umbra.Sketch -epicuserid=7ac738af6fde4358a8810e58938c8bcc -epiclocale=en-US
LogInit: Base Directory: E:/Programs/Epic Games/UE_4.23/Engine/Binaries/Win64/
LogInit: Installed Engine Build: 1
LogDevObjectVersion: Number of dev versions registered: 23
LogDevObjectVersion:   Dev-Blueprints (B0D832E4-1F89-4F0D-ACCF-7EB736FD4AA2): 10
LogDevObjectVersion:   Dev-Build (E1C64328-A22C-4D53-A36C-8E866417BD8C): 0
LogDevObjectVersion:   Dev-Core (375EC13C-06E4-48FB-B500-84F0262A717E): 3
LogDevObjectVersion:   Dev-Editor (E4B068ED-F494-42E9-A231-DA0B2E46BB41): 34
LogDevObjectVersion:   Dev-Framework (CFFC743F-43B0-4480-9391-14DF171D2073): 35
LogDevObjectVersion:   Dev-Mobile (B02B49B5-BB20-44E9-A304-32B752E40360): 2
LogDevObjectVersion:   Dev-Networking (A4E4105C-59A1-49B5-A7C5-40C4547EDFEE): 0
LogDevObjectVersion:   Dev-Online (39C831C9-5AE6-47DC-9A44-9C173E1C8E7C): 0
LogDevObjectVersion:   Dev-Physics (78F01B33-EBEA-4F98-B9B4-84EACCB95AA2): 0
LogDevObjectVersion:   Dev-Platform (6631380F-2D4D-43E0-8009-CF276956A95A): 0
LogDevObjectVersion:   Dev-Rendering (12F88B9F-8875-4AFC-A67C-D90C383ABD29): 31
LogDevObjectVersion:   Dev-Sequencer (7B5AE74C-D270-4C10-A958-57980B212A5A): 11
LogDevObjectVersion:   Dev-VR (D7296918-1DD6-4BDD-9DE2-64A83CC13884): 2
LogDevObjectVersion:   Dev-LoadTimes (C2A15278-BFE7-4AFE-6C17-90FF531DF755): 1
LogDevObjectVersion:   Private-Geometry (6EACA3D4-40EC-4CC1-B786-8BED09428FC5): 3
LogDevObjectVersion:   Dev-AnimPhys (29E575DD-E0A3-4627-9D10-D276232CDCEA): 17
LogDevObjectVersion:   Dev-Anim (AF43A65D-7FD3-4947-9873-3E8ED9C1BB05): 2
LogDevObjectVersion:   Dev-ReflectionCapture (6B266CEC-1EC7-4B8F-A30B-E4D90942FC07): 1
LogDevObjectVersion:   Dev-Automation (0DF73D61-A23F-47EA-B727-89E90C41499A): 1
LogDevObjectVersion:   FortniteMain (601D1886-AC64-4F84-AA16-D3DE0DEAC7D6): 27
LogDevObjectVersion:   Dev-Enterprise (9DFFBCD6-494F-0158-E221-12823C92A888): 6
LogDevObjectVersion:   Dev-Niagara (F2AED0AC-9AFE-416F-8664-AA7FFA26D6FC): 1
LogDevObjectVersion:   Dev-Destruction (174F1F0B-B4C6-45A5-B13F-2EE8D0FB917D): 9
LogInit: Presizing for max 16777216 objects, including 0 objects not considered by GC, pre-allocating 0 bytes for permanent pool.
LogInit: Object subsystem initialized
LogConfig: Setting CVar [[con.DebugEarlyDefault:1]]
LogConfig: Setting CVar [[r.setres:1280x720]]
[2019.09.19-23.10.38:595][  0]LogConfig: Setting CVar [[r.VSync:0]]
[2019.09.19-23.10.38:595][  0]LogConfig: Setting CVar [[r.RHICmdBypass:0]]
[2019.09.19-23.10.38:595][  0]LogConfig: Applying CVar settings from Section [/Script/Engine.RendererSettings] File [E:/repos/MoonStruck_01/Moonstruck/Moonstruck_v1/Saved/Config/Windows/Engine.ini]
[2019.09.19-23.10.38:595][  0]LogConfig: Setting CVar [[r.GPUCrashDebugging:0]]
[2019.09.19-23.10.38:595][  0]LogConfig: Setting CVar [[r.DefaultFeature.AutoExposure.ExtendDefaultLuminanceRange:1]]
[2019.09.19-23.10.38:595][  0]LogConfig: Applying CVar settings from Section [/Script/Engine.RendererOverrideSettings] File [E:/repos/MoonStruck_01/Moonstruck/Moonstruck_v1/Saved/Config/Windows/Engine.ini]
[2019.09.19-23.10.38:595][  0]LogConfig: Applying CVar settings from Section [/Script/Engine.StreamingSettings] File [E:/repos/MoonStruck_01/Moonstruck/Moonstruck_v1/Saved/Config/Windows/Engine.ini]
[2019.09.19-23.10.38:595][  0]LogConfig: Setting CVar [[s.MinBulkDataSizeForAsyncLoading:131072]]
[2019.09.19-23.10.38:595][  0]LogConfig: Setting CVar [[s.AsyncLoadingThreadEnabled:0]]
[2019.09.19-23.10.38:595][  0]LogConfig: Setting CVar [[s.EventDrivenLoaderEnabled:1]]
[2019.09.19-23.10.38:596][  0]LogConfig: Setting CVar [[s.WarnIfTimeLimitExceeded:0]]
[2019.09.19-23.10.38:596][  0]LogConfig: Setting CVar [[s.TimeLimitExceededMultiplier:1.5]]
[2019.09.19-23.10.38:596][  0]LogConfig: Setting CVar [[s.TimeLimitExceededMinTime:0.005]]
[2019.09.19-23.10.38:596][  0]LogConfig: Setting CVar [[s.UseBackgroundLevelStreaming:1]]
[2019.09.19-23.10.38:596][  0]LogConfig: Setting CVar [[s.PriorityAsyncLoadingExtraTime:15.0]]
[2019.09.19-23.10.38:596][  0]LogConfig: Setting CVar [[s.LevelStreamingActorsUpdateTimeLimit:5.0]]
[2019.09.19-23.10.38:596][  0]LogConfig: Setting CVar [[s.PriorityLevelStreamingActorsUpdateExtraTime:5.0]]
[2019.09.19-23.10.38:596][  0]LogConfig: Setting CVar [[s.LevelStreamingComponentsRegistrationGranularity:10]]
[2019.09.19-23.10.38:596][  0]LogConfig: Setting CVar [[s.UnregisterComponentsTimeLimit:1.0]]
[2019.09.19-23.10.38:596][  0]LogConfig: Setting CVar [[s.LevelStreamingComponentsUnregistrationGranularity:5]]
[2019.09.19-23.10.38:596][  0]LogConfig: Applying CVar settings from Section [/Script/Engine.GarbageCollectionSettings] File [E:/repos/MoonStruck_01/Moonstruck/Moonstruck_v1/Saved/Config/Windows/Engine.ini]
[2019.09.19-23.10.38:596][  0]LogConfig: Setting CVar [[gc.MaxObjectsNotConsideredByGC:1]]
[2019.09.19-23.10.38:596][  0]LogConfig: Setting CVar [[gc.SizeOfPermanentObjectPool:0]]
[2019.09.19-23.10.38:596][  0]LogConfig: Setting CVar [[gc.FlushStreamingOnGC:0]]
[2019.09.19-23.10.38:596][  0]LogConfig: Setting CVar [[gc.NumRetriesBeforeForcingGC:10]]
[2019.09.19-23.10.38:596][  0]LogConfig: Setting CVar [[gc.AllowParallelGC:1]]
[2019.09.19-23.10.38:596][  0]LogConfig: Setting CVar [[gc.TimeBetweenPurgingPendingKillObjects:61.1]]
[2019.09.19-23.10.38:596][  0]LogConfig: Setting CVar [[gc.MaxObjectsInEditor:16777216]]
[2019.09.19-23.10.38:596][  0]LogConfig: Setting CVar [[gc.IncrementalBeginDestroyEnabled:1]]
[2019.09.19-23.10.38:596][  0]LogConfig: Setting CVar [[gc.CreateGCClusters:1]]
[2019.09.19-23.10.38:596][  0]LogConfig: Setting CVar [[gc.MinGCClusterSize:5]]
[2019.09.19-23.10.38:596][  0]LogConfig: Setting CVar [[gc.ActorClusteringEnabled:0]]
[2019.09.19-23.10.38:596][  0]LogConfig: Setting CVar [[gc.BlueprintClusteringEnabled:0]]
[2019.09.19-23.10.38:596][  0]LogConfig: Setting CVar [[gc.UseDisregardForGCOnDedicatedServers:0]]
[2019.09.19-23.10.38:596][  0]LogConfig: Applying CVar settings from Section [/Script/Engine.NetworkSettings] File [E:/repos/MoonStruck_01/Moonstruck/Moonstruck_v1/Saved/Config/Windows/Engine.ini]
[2019.09.19-23.10.38:596][  0]LogConfig: Applying CVar settings from Section [/Script/UnrealEd.CookerSettings] File [E:/repos/MoonStruck_01/Moonstruck/Moonstruck_v1/Saved/Config/Windows/Engine.ini]
[2019.09.19-23.10.38:604][  0]LogConfig: Applying CVar settings from Section [ViewDistanceQuality@3] File [E:/repos/MoonStruck_01/Moonstruck/Moonstruck_v1/Saved/Config/Windows/Scalability.ini]
[2019.09.19-23.10.38:605][  0]LogConfig: Setting CVar [[r.SkeletalMeshLODBias:0]]
[2019.09.19-23.10.38:605][  0]LogConfig: Setting CVar [[r.ViewDistanceScale:1.0]]
[2019.09.19-23.10.38:605][  0]LogConfig: Applying CVar settings from Section [AntiAliasingQuality@3] File [E:/repos/MoonStruck_01/Moonstruck/Moonstruck_v1/Saved/Config/Windows/Scalability.ini]
[2019.09.19-23.10.38:605][  0]LogConfig: Setting CVar [[r.PostProcessAAQuality:4]]
[2019.09.19-23.10.38:605][  0]LogConfig: Applying CVar settings from Section [ShadowQuality@3] File [E:/repos/MoonStruck_01/Moonstruck/Moonstruck_v1/Saved/Config/Windows/Scalability.ini]
[2019.09.19-23.10.38:605][  0]LogConfig: Setting CVar [[r.LightFunctionQuality:1]]
[2019.09.19-23.10.38:605][  0]LogConfig: Setting CVar [[r.ShadowQuality:5]]
[2019.09.19-23.10.38:605][  0]LogConfig: Setting CVar [[r.Shadow.CSM.MaxCascades:10]]
[2019.09.19-23.10.38:605][  0]LogConfig: Setting CVar [[r.Shadow.MaxResolution:2048]]
[2019.09.19-23.10.38:605][  0]LogConfig: Setting CVar [[r.Shadow.MaxCSMResolution:2048]]
[2019.09.19-23.10.38:605][  0]LogConfig: Setting CVar [[r.Shadow.RadiusThreshold:0.01]]
[2019.09.19-23.10.38:605][  0]LogConfig: Setting CVar [[r.Shadow.DistanceScale:1.0]]
[2019.09.19-23.10.38:605][  0]LogConfig: Setting CVar [[r.Shadow.CSM.TransitionScale:1.0]]
[2019.09.19-23.10.38:605][  0]LogConfig: Setting CVar [[r.Shadow.PreShadowResolutionFactor:1.0]]
[2019.09.19-23.10.38:605][  0]LogConfig: Setting CVar [[r.DistanceFieldShadowing:1]]
[2019.09.19-23.10.38:605][  0]LogConfig: Setting CVar [[r.DistanceFieldAO:1]]
[2019.09.19-23.10.38:605][  0]LogConfig: Setting CVar [[r.AOQuality:2]]
[2019.09.19-23.10.38:605][  0]LogConfig: Setting CVar [[r.VolumetricFog:1]]
[2019.09.19-23.10.38:605][  0]LogConfig: Setting CVar [[r.VolumetricFog.GridPixelSize:8]]
[2019.09.19-23.10.38:605][  0]LogConfig: Setting CVar [[r.VolumetricFog.GridSizeZ:128]]
[2019.09.19-23.10.38:605][  0]LogConfig: Setting CVar [[r.VolumetricFog.HistoryMissSupersampleCount:4]]
[2019.09.19-23.10.38:605][  0]LogConfig: Setting CVar [[r.LightMaxDrawDistanceScale:1]]
[2019.09.19-23.10.38:605][  0]LogConfig: Setting CVar [[r.CapsuleShadows:1]]
[2019.09.19-23.10.38:605][  0]LogConfig: Applying CVar settings from Section [PostProcessQuality@3] File [E:/repos/MoonStruck_01/Moonstruck/Moonstruck_v1/Saved/Config/Windows/Scalability.ini]
[2019.09.19-23.10.38:605][  0]LogConfig: Setting CVar [[r.MotionBlurQuality:4]]
[2019.09.19-23.10.38:605][  0]LogConfig: Setting CVar [[r.AmbientOcclusionMipLevelFactor:0.4]]
[2019.09.19-23.10.38:605][  0]LogConfig: Setting CVar [[r.AmbientOcclusionMaxQuality:100]]
[2019.09.19-23.10.38:605][  0]LogConfig: Setting CVar [[r.AmbientOcclusionLevels:-1]]
[2019.09.19-23.10.38:605][  0]LogConfig: Setting CVar [[r.AmbientOcclusionRadiusScale:1.0]]
[2019.09.19-23.10.38:605][  0]LogConfig: Setting CVar [[r.DepthOfFieldQuality:2]]
[2019.09.19-23.10.38:605][  0]LogConfig: Setting CVar [[r.RenderTargetPoolMin:400]]
[2019.09.19-23.10.38:605][  0]LogConfig: Setting CVar [[r.LensFlareQuality:2]]
[2019.09.19-23.10.38:605][  0]LogConfig: Setting CVar [[r.SceneColorFringeQuality:1]]
[2019.09.19-23.10.38:605][  0]LogConfig: Setting CVar [[r.EyeAdaptationQuality:2]]
[2019.09.19-23.10.38:605][  0]LogConfig: Setting CVar [[r.BloomQuality:5]]
[2019.09.19-23.10.38:605][  0]LogConfig: Setting CVar [[r.FastBlurThreshold:100]]
[2019.09.19-23.10.38:605][  0]LogConfig: Setting CVar [[r.Upscale.Quality:3]]
[2019.09.19-23.10.38:605][  0]LogConfig: Setting CVar [[r.Tonemapper.GrainQuantization:1]]
[2019.09.19-23.10.38:605][  0]LogConfig: Setting CVar [[r.LightShaftQuality:1]]
[2019.09.19-23.10.38:605][  0]LogConfig: Setting CVar [[r.Filter.SizeScale:1]]
[2019.09.19-23.10.38:605][  0]LogConfig: Setting CVar [[r.Tonemapper.Quality:5]]
[2019.09.19-23.10.38:605][  0]LogConfig: Setting CVar [[r.DOF.Gather.AccumulatorQuality:1        ; higher gathering accumulator quality]]
[2019.09.19-23.10.38:605][  0]LogConfig: Setting CVar [[r.DOF.Gather.PostfilterMethod:1          ; Median3x3 postfilering method]]
[2019.09.19-23.10.38:605][  0]LogConfig: Setting CVar [[r.DOF.Gather.EnableBokehSettings:0       ; no bokeh simulation when gathering]]
[2019.09.19-23.10.38:605][  0]LogConfig: Setting CVar [[r.DOF.Gather.RingCount:4                 ; medium number of samples when gathering]]
[2019.09.19-23.10.38:605][  0]LogConfig: Setting CVar [[r.DOF.Scatter.ForegroundCompositing:1    ; additive foreground scattering]]
[2019.09.19-23.10.38:605][  0]LogConfig: Setting CVar [[r.DOF.Scatter.BackgroundCompositing:2    ; additive background scattering]]
[2019.09.19-23.10.38:605][  0]LogConfig: Setting CVar [[r.DOF.Scatter.EnableBokehSettings:1      ; bokeh simulation when scattering]]
[2019.09.19-23.10.38:605][  0]LogConfig: Setting CVar [[r.DOF.Scatter.MaxSpriteRatio:0.1         ; only a maximum of 10% of scattered bokeh]]
[2019.09.19-23.10.38:605][  0]LogConfig: Setting CVar [[r.DOF.Recombine.Quality:1                ; cheap slight out of focus]]
[2019.09.19-23.10.38:605][  0]LogConfig: Setting CVar [[r.DOF.Recombine.EnableBokehSettings:0    ; no bokeh simulation on slight out of focus]]
[2019.09.19-23.10.38:605][  0]LogConfig: Setting CVar [[r.DOF.TemporalAAQuality:1                ; more stable temporal accumulation]]
[2019.09.19-23.10.38:605][  0]LogConfig: Setting CVar [[r.DOF.Kernel.MaxForegroundRadius:0.025]]
[2019.09.19-23.10.38:605][  0]LogConfig: Setting CVar [[r.DOF.Kernel.MaxBackgroundRadius:0.025]]
[2019.09.19-23.10.38:605][  0]LogConfig: Applying CVar settings from Section [TextureQuality@3] File [E:/repos/MoonStruck_01/Moonstruck/Moonstruck_v1/Saved/Config/Windows/Scalability.ini]
[2019.09.19-23.10.38:605][  0]LogConfig: Setting CVar [[r.Streaming.MipBias:0]]
[2019.09.19-23.10.38:605][  0]LogConfig: Setting CVar [[r.Streaming.AmortizeCPUToGPUCopy:0]]
[2019.09.19-23.10.38:605][  0]LogConfig: Setting CVar [[r.Streaming.MaxNumTexturesToStreamPerFrame:0]]
[2019.09.19-23.10.38:605][  0]LogConfig: Setting CVar [[r.Streaming.Boost:1]]
[2019.09.19-23.10.38:605][  0]LogConfig: Setting CVar [[r.MaxAnisotropy:8]]
[2019.09.19-23.10.38:605][  0]LogConfig: Setting CVar [[r.Streaming.LimitPoolSizeToVRAM:0]]
[2019.09.19-23.10.38:605][  0]LogConfig: Setting CVar [[r.Streaming.PoolSize:1000]]
[2019.09.19-23.10.38:605][  0]LogConfig: Setting CVar [[r.Streaming.MaxEffectiveScreenSize:0]]
[2019.09.19-23.10.38:605][  0]LogConfig: Applying CVar settings from Section [EffectsQuality@3] File [E:/repos/MoonStruck_01/Moonstruck/Moonstruck_v1/Saved/Config/Windows/Scalability.ini]
[2019.09.19-23.10.38:605][  0]LogConfig: Setting CVar [[r.TranslucencyLightingVolumeDim:64]]
[2019.09.19-23.10.38:605][  0]LogConfig: Setting CVar [[r.RefractionQuality:2]]
[2019.09.19-23.10.38:606][  0]LogConfig: Setting CVar [[r.SSR.Quality:3]]
[2019.09.19-23.10.38:606][  0]LogConfig: Setting CVar [[r.SceneColorFormat:4]]
[2019.09.19-23.10.38:606][  0]LogConfig: Setting CVar [[r.DetailMode:2]]
[2019.09.19-23.10.38:606][  0]LogConfig: Setting CVar [[r.TranslucencyVolumeBlur:1]]
[2019.09.19-23.10.38:606][  0]LogConfig: Setting CVar [[r.MaterialQualityLevel:1 ; High quality]]
[2019.09.19-23.10.38:606][  0]LogConfig: Setting CVar [[r.SSS.Scale:1]]
[2019.09.19-23.10.38:606][  0]LogConfig: Setting CVar [[r.SSS.SampleSet:2]]
[2019.09.19-23.10.38:606][  0]LogConfig: Setting CVar [[r.SSS.Quality:1]]
[2019.09.19-23.10.38:606][  0]LogConfig: Setting CVar [[r.SSS.HalfRes:1]]
[2019.09.19-23.10.38:606][  0]LogConfig: Setting CVar [[r.EmitterSpawnRateScale:1.0]]
[2019.09.19-23.10.38:606][  0]LogConfig: Setting CVar [[r.ParticleLightQuality:2]]
[2019.09.19-23.10.38:606][  0]LogConfig: Applying CVar settings from Section [FoliageQuality@3] File [E:/repos/MoonStruck_01/Moonstruck/Moonstruck_v1/Saved/Config/Windows/Scalability.ini]
[2019.09.19-23.10.38:606][  0]LogConfig: Setting CVar [[foliage.DensityScale:1.0]]
[2019.09.19-23.10.38:606][  0]LogConfig: Setting CVar [[grass.DensityScale:1.0]]
[2019.09.19-23.10.38:606][  0]LogInit: Selected Device Profile: [Windows]
[2019.09.19-23.10.38:606][  0]LogInit: Applying CVar settings loaded from the selected device profile: [Windows]
[2019.09.19-23.10.38:609][  0]LogHAL: Display: Platform has ~ 16 GB [17125826560 / 17179869184 / 16], which maps to Larger [LargestMinGB=32, LargerMinGB=12, DefaultMinGB=8, SmallerMinGB=6, SmallestMinGB=0)
[2019.09.19-23.10.38:609][  0]LogInit: Going up to parent DeviceProfile []
[2019.09.19-23.10.38:609][  0]LogConfig: Applying CVar settings from Section [ViewDistanceQuality@3] File [E:/repos/MoonStruck_01/Moonstruck/Moonstruck_v1/Saved/Config/Windows/Scalability.ini]
[2019.09.19-23.10.38:609][  0]LogConfig: Setting CVar [[r.SkeletalMeshLODBias:0]]
[2019.09.19-23.10.38:609][  0]LogConfig: Setting CVar [[r.ViewDistanceScale:1.0]]
[2019.09.19-23.10.38:609][  0]LogConfig: Applying CVar settings from Section [AntiAliasingQuality@3] File [E:/repos/MoonStruck_01/Moonstruck/Moonstruck_v1/Saved/Config/Windows/Scalability.ini]
[2019.09.19-23.10.38:609][  0]LogConfig: Setting CVar [[r.PostProcessAAQuality:4]]
[2019.09.19-23.10.38:609][  0]LogConfig: Applying CVar settings from Section [ShadowQuality@3] File [E:/repos/MoonStruck_01/Moonstruck/Moonstruck_v1/Saved/Config/Windows/Scalability.ini]
[2019.09.19-23.10.38:609][  0]LogConfig: Setting CVar [[r.LightFunctionQuality:1]]
[2019.09.19-23.10.38:609][  0]LogConfig: Setting CVar [[r.ShadowQuality:5]]
[2019.09.19-23.10.38:609][  0]LogConfig: Setting CVar [[r.Shadow.CSM.MaxCascades:10]]
[2019.09.19-23.10.38:609][  0]LogConfig: Setting CVar [[r.Shadow.MaxResolution:2048]]
[2019.09.19-23.10.38:609][  0]LogConfig: Setting CVar [[r.Shadow.MaxCSMResolution:2048]]
[2019.09.19-23.10.38:609][  0]LogConfig: Setting CVar [[r.Shadow.RadiusThreshold:0.01]]
[2019.09.19-23.10.38:609][  0]LogConfig: Setting CVar [[r.Shadow.DistanceScale:1.0]]
[2019.09.19-23.10.38:609][  0]LogConfig: Setting CVar [[r.Shadow.CSM.TransitionScale:1.0]]
[2019.09.19-23.10.38:609][  0]LogConfig: Setting CVar [[r.Shadow.PreShadowResolutionFactor:1.0]]
[2019.09.19-23.10.38:609][  0]LogConfig: Setting CVar [[r.DistanceFieldShadowing:1]]
[2019.09.19-23.10.38:609][  0]LogConfig: Setting CVar [[r.DistanceFieldAO:1]]
[2019.09.19-23.10.38:609][  0]LogConfig: Setting CVar [[r.AOQuality:2]]
[2019.09.19-23.10.38:609][  0]LogConfig: Setting CVar [[r.VolumetricFog:1]]
[2019.09.19-23.10.38:609][  0]LogConfig: Setting CVar [[r.VolumetricFog.GridPixelSize:8]]
[2019.09.19-23.10.38:609][  0]LogConfig: Setting CVar [[r.VolumetricFog.GridSizeZ:128]]
[2019.09.19-23.10.38:609][  0]LogConfig: Setting CVar [[r.VolumetricFog.HistoryMissSupersampleCount:4]]
[2019.09.19-23.10.38:609][  0]LogConfig: Setting CVar [[r.LightMaxDrawDistanceScale:1]]
[2019.09.19-23.10.38:609][  0]LogConfig: Setting CVar [[r.CapsuleShadows:1]]
[2019.09.19-23.10.38:609][  0]LogConfig: Applying CVar settings from Section [PostProcessQuality@3] File [E:/repos/MoonStruck_01/Moonstruck/Moonstruck_v1/Saved/Config/Windows/Scalability.ini]
[2019.09.19-23.10.38:609][  0]LogConfig: Setting CVar [[r.MotionBlurQuality:4]]
[2019.09.19-23.10.38:609][  0]LogConfig: Setting CVar [[r.AmbientOcclusionMipLevelFactor:0.4]]
[2019.09.19-23.10.38:609][  0]LogConfig: Setting CVar [[r.AmbientOcclusionMaxQuality:100]]
[2019.09.19-23.10.38:609][  0]LogConfig: Setting CVar [[r.AmbientOcclusionLevels:-1]]
[2019.09.19-23.10.38:609][  0]LogConfig: Setting CVar [[r.AmbientOcclusionRadiusScale:1.0]]
[2019.09.19-23.10.38:609][  0]LogConfig: Setting CVar [[r.DepthOfFieldQuality:2]]
[2019.09.19-23.10.38:609][  0]LogConfig: Setting CVar [[r.RenderTargetPoolMin:400]]
[2019.09.19-23.10.38:609][  0]LogConfig: Setting CVar [[r.LensFlareQuality:2]]
[2019.09.19-23.10.38:609][  0]LogConfig: Setting CVar [[r.SceneColorFringeQuality:1]]
[2019.09.19-23.10.38:609][  0]LogConfig: Setting CVar [[r.EyeAdaptationQuality:2]]
[2019.09.19-23.10.38:609][  0]LogConfig: Setting CVar [[r.BloomQuality:5]]
[2019.09.19-23.10.38:609][  0]LogConfig: Setting CVar [[r.FastBlurThreshold:100]]
[2019.09.19-23.10.38:609][  0]LogConfig: Setting CVar [[r.Upscale.Quality:3]]
[2019.09.19-23.10.38:609][  0]LogConfig: Setting CVar [[r.Tonemapper.GrainQuantization:1]]
[2019.09.19-23.10.38:609][  0]LogConfig: Setting CVar [[r.LightShaftQuality:1]]
[2019.09.19-23.10.38:609][  0]LogConfig: Setting CVar [[r.Filter.SizeScale:1]]
[2019.09.19-23.10.38:609][  0]LogConfig: Setting CVar [[r.Tonemapper.Quality:5]]
[2019.09.19-23.10.38:609][  0]LogConfig: Setting CVar [[r.DOF.Gather.AccumulatorQuality:1        ; higher gathering accumulator quality]]
[2019.09.19-23.10.38:609][  0]LogConfig: Setting CVar [[r.DOF.Gather.PostfilterMethod:1          ; Median3x3 postfilering method]]
[2019.09.19-23.10.38:609][  0]LogConfig: Setting CVar [[r.DOF.Gather.EnableBokehSettings:0       ; no bokeh simulation when gathering]]
[2019.09.19-23.10.38:609][  0]LogConfig: Setting CVar [[r.DOF.Gather.RingCount:4                 ; medium number of samples when gathering]]
[2019.09.19-23.10.38:609][  0]LogConfig: Setting CVar [[r.DOF.Scatter.ForegroundCompositing:1    ; additive foreground scattering]]
[2019.09.19-23.10.38:609][  0]LogConfig: Setting CVar [[r.DOF.Scatter.BackgroundCompositing:2    ; additive background scattering]]
[2019.09.19-23.10.38:609][  0]LogConfig: Setting CVar [[r.DOF.Scatter.EnableBokehSettings:1      ; bokeh simulation when scattering]]
[2019.09.19-23.10.38:609][  0]LogConfig: Setting CVar [[r.DOF.Scatter.MaxSpriteRatio:0.1         ; only a maximum of 10% of scattered bokeh]]
[2019.09.19-23.10.38:609][  0]LogConfig: Setting CVar [[r.DOF.Recombine.Quality:1                ; cheap slight out of focus]]
[2019.09.19-23.10.38:609][  0]LogConfig: Setting CVar [[r.DOF.Recombine.EnableBokehSettings:0    ; no bokeh simulation on slight out of focus]]
[2019.09.19-23.10.38:609][  0]LogConfig: Setting CVar [[r.DOF.TemporalAAQuality:1                ; more stable temporal accumulation]]
[2019.09.19-23.10.38:609][  0]LogConfig: Setting CVar [[r.DOF.Kernel.MaxForegroundRadius:0.025]]
[2019.09.19-23.10.38:609][  0]LogConfig: Setting CVar [[r.DOF.Kernel.MaxBackgroundRadius:0.025]]
[2019.09.19-23.10.38:609][  0]LogConfig: Applying CVar settings from Section [TextureQuality@3] File [E:/repos/MoonStruck_01/Moonstruck/Moonstruck_v1/Saved/Config/Windows/Scalability.ini]
[2019.09.19-23.10.38:609][  0]LogConfig: Setting CVar [[r.Streaming.MipBias:0]]
[2019.09.19-23.10.38:609][  0]LogConfig: Setting CVar [[r.Streaming.AmortizeCPUToGPUCopy:0]]
[2019.09.19-23.10.38:609][  0]LogConfig: Setting CVar [[r.Streaming.MaxNumTexturesToStreamPerFrame:0]]
[2019.09.19-23.10.38:609][  0]LogConfig: Setting CVar [[r.Streaming.Boost:1]]
[2019.09.19-23.10.38:609][  0]LogConfig: Setting CVar [[r.MaxAnisotropy:8]]
[2019.09.19-23.10.38:610][  0]LogConfig: Setting CVar [[r.Streaming.LimitPoolSizeToVRAM:0]]
[2019.09.19-23.10.38:610][  0]LogConfig: Setting CVar [[r.Streaming.PoolSize:1000]]
[2019.09.19-23.10.38:610][  0]LogConfig: Setting CVar [[r.Streaming.MaxEffectiveScreenSize:0]]
[2019.09.19-23.10.38:610][  0]LogConfig: Applying CVar settings from Section [EffectsQuality@3] File [E:/repos/MoonStruck_01/Moonstruck/Moonstruck_v1/Saved/Config/Windows/Scalability.ini]
[2019.09.19-23.10.38:610][  0]LogConfig: Setting CVar [[r.TranslucencyLightingVolumeDim:64]]
[2019.09.19-23.10.38:610][  0]LogConfig: Setting CVar [[r.RefractionQuality:2]]
[2019.09.19-23.10.38:610][  0]LogConfig: Setting CVar [[r.SSR.Quality:3]]
[2019.09.19-23.10.38:610][  0]LogConfig: Setting CVar [[r.SceneColorFormat:4]]
[2019.09.19-23.10.38:610][  0]LogConfig: Setting CVar [[r.DetailMode:2]]
[2019.09.19-23.10.38:610][  0]LogConfig: Setting CVar [[r.TranslucencyVolumeBlur:1]]
[2019.09.19-23.10.38:610][  0]LogConfig: Setting CVar [[r.MaterialQualityLevel:1 ; High quality]]
[2019.09.19-23.10.38:610][  0]LogConfig: Setting CVar [[r.SSS.Scale:1]]
[2019.09.19-23.10.38:610][  0]LogConfig: Setting CVar [[r.SSS.SampleSet:2]]
[2019.09.19-23.10.38:610][  0]LogConfig: Setting CVar [[r.SSS.Quality:1]]
[2019.09.19-23.10.38:610][  0]LogConfig: Setting CVar [[r.SSS.HalfRes:1]]
[2019.09.19-23.10.38:610][  0]LogConfig: Setting CVar [[r.EmitterSpawnRateScale:1.0]]
[2019.09.19-23.10.38:610][  0]LogConfig: Setting CVar [[r.ParticleLightQuality:2]]
[2019.09.19-23.10.38:610][  0]LogConfig: Applying CVar settings from Section [FoliageQuality@3] File [E:/repos/MoonStruck_01/Moonstruck/Moonstruck_v1/Saved/Config/Windows/Scalability.ini]
[2019.09.19-23.10.38:610][  0]LogConfig: Setting CVar [[foliage.DensityScale:1.0]]
[2019.09.19-23.10.38:610][  0]LogConfig: Setting CVar [[grass.DensityScale:1.0]]
[2019.09.19-23.10.38:610][  0]LogConfig: Applying CVar settings from Section [Startup] File [../../../Engine/Config/ConsoleVariables.ini]
[2019.09.19-23.10.38:610][  0]LogConfig: Setting CVar [[net.UseAdaptiveNetUpdateFrequency:0]]
[2019.09.19-23.10.38:610][  0]LogConfig: Setting CVar [[p.chaos.AllowCreatePhysxBodies:1]]
[2019.09.19-23.10.38:610][  0]LogConfig: Applying CVar settings from Section [ConsoleVariables] File [E:/repos/MoonStruck_01/Moonstruck/Moonstruck_v1/Saved/Config/Windows/Engine.ini]
[2019.09.19-23.10.38:610][  0]LogInit: Computer: DESKTOP-RERK209
[2019.09.19-23.10.38:610][  0]LogInit: User: IdechaH
[2019.09.19-23.10.38:610][  0]LogInit: CPU Page size=4096, Cores=6
[2019.09.19-23.10.38:610][  0]LogInit: High frequency timer resolution =10.000000 MHz
[2019.09.19-23.10.38:610][  0]LogMemory: Memory total: Physical=15.9GB (16GB approx)
[2019.09.19-23.10.38:610][  0]LogMemory: Platform Memory Stats for Windows
[2019.09.19-23.10.38:610][  0]LogMemory: Process Physical Memory: 101.66 MB used, 101.66 MB peak
[2019.09.19-23.10.38:610][  0]LogMemory: Process Virtual Memory: 101.46 MB used, 101.46 MB peak
[2019.09.19-23.10.38:610][  0]LogMemory: Physical Memory: 7607.14 MB used,  8725.32 MB free, 16332.46 MB total
[2019.09.19-23.10.38:610][  0]LogMemory: Virtual Memory: 4686.55 MB used,  134213040.00 MB free, 134217728.00 MB total
[2019.09.19-23.10.38:614][  0]LogWindows: WindowsPlatformFeatures enabled
[2019.09.19-23.10.38:629][  0]LogInit: Using OS detected language (en-US).
[2019.09.19-23.10.38:629][  0]LogInit: Using OS detected locale (en-US).
[2019.09.19-23.10.38:629][  0]LogTextLocalizationManager: No specific localization for 'en-US' exists, so the 'en' localization will be used.
[2019.09.19-23.10.38:797][  0]LogInit: Setting process to per monitor DPI aware
[2019.09.19-23.10.38:840][  0]LogSlate: New Slate User Created.  User Index 0, Is Virtual User: 0
[2019.09.19-23.10.38:840][  0]LogSlate: Slate User Registered.  User Index 0, Is Virtual User: 0
[2019.09.19-23.10.39:032][  0]LogHMD: Failed to initialize OpenVR with code 126
[2019.09.19-23.10.39:032][  0]LogD3D11RHI: D3D11 adapters:
[2019.09.19-23.10.39:056][  0]LogD3D11RHI:    0. 'Radeon RX 580 Series' (Feature Level 11_0)
[2019.09.19-23.10.39:056][  0]LogD3D11RHI:       8172/0/8166 MB DedicatedVideo/DedicatedSystem/SharedSystem, Outputs:2, VendorId:0x1002
[2019.09.19-23.10.39:058][  0]LogD3D11RHI:    1. 'Microsoft Basic Render Driver' (Feature Level 11_0)
[2019.09.19-23.10.39:058][  0]LogD3D11RHI:       0/0/8166 MB DedicatedVideo/DedicatedSystem/SharedSystem, Outputs:0, VendorId:0x1414
[2019.09.19-23.10.39:058][  0]LogD3D11RHI: Chosen D3D11 Adapter: 0
[2019.09.19-23.10.39:067][  0]LogD3D11RHI: Creating new Direct3DDevice
[2019.09.19-23.10.39:067][  0]LogD3D11RHI:     GPU DeviceId: 0x67df (for the marketing name, search the web for "GPU Device Id")
[2019.09.19-23.10.39:067][  0]LogWindows: EnumDisplayDevices:
[2019.09.19-23.10.39:067][  0]LogWindows:    0. 'Radeon RX 580 Series' (P:1 D:1)
[2019.09.19-23.10.39:068][  0]LogWindows:    1. 'Radeon RX 580 Series' (P:0 D:1)
[2019.09.19-23.10.39:068][  0]LogWindows:    2. 'Radeon RX 580 Series' (P:0 D:0)
[2019.09.19-23.10.39:068][  0]LogWindows:    3. 'Radeon RX 580 Series' (P:0 D:0)
[2019.09.19-23.10.39:069][  0]LogWindows:    4. 'Radeon RX 580 Series' (P:0 D:0)
[2019.09.19-23.10.39:069][  0]LogWindows:    5. 'Radeon RX 580 Series' (P:0 D:0)
[2019.09.19-23.10.39:070][  0]LogWindows:    6. 'Radeon RX 580 Series' (P:0 D:0)
[2019.09.19-23.10.39:070][  0]LogWindows:    7. 'Radeon RX 580 Series' (P:0 D:0)
[2019.09.19-23.10.39:070][  0]LogWindows: DebugString: FoundDriverCount:8 
[2019.09.19-23.10.39:070][  0]LogD3D11RHI:     Adapter Name: Radeon RX 580 Series
[2019.09.19-23.10.39:070][  0]LogD3D11RHI:   Driver Version: Adrenalin 2019 19.5.2 (internal:26.20.11015.5009, unified:26.20.11015.5009)
[2019.09.19-23.10.39:070][  0]LogD3D11RHI:      Driver Date: 5-22-2019
[2019.09.19-23.10.39:070][  0]LogRHI: Texture pool is 5720 MB (70% of 8172 MB)
[2019.09.19-23.10.39:125][  0]LogD3D11RHI: Async texture creation enabled
[2019.09.19-23.10.39:135][  0]LogD3D11RHI: GPU Timing Frequency: 25.000000 (Debug: 2 1)
[2019.09.19-23.10.39:364][  0]LogTemp: Display: Module 'AllDesktopTargetPlatform' loaded TargetPlatform 'AllDesktop'
[2019.09.19-23.10.39:373][  0]LogTemp: Display: Module 'MacClientTargetPlatform' loaded TargetPlatform 'MacClient'
[2019.09.19-23.10.39:381][  0]LogTemp: Display: Module 'MacNoEditorTargetPlatform' loaded TargetPlatform 'MacNoEditor'
[2019.09.19-23.10.39:389][  0]LogTemp: Display: Module 'MacServerTargetPlatform' loaded TargetPlatform 'MacServer'
[2019.09.19-23.10.39:398][  0]LogTemp: Display: Module 'MacTargetPlatform' loaded TargetPlatform 'Mac'
[2019.09.19-23.10.39:407][  0]LogTemp: Display: Module 'WindowsClientTargetPlatform' loaded TargetPlatform 'WindowsClient'
[2019.09.19-23.10.39:415][  0]LogTemp: Display: Module 'WindowsNoEditorTargetPlatform' loaded TargetPlatform 'WindowsNoEditor'
[2019.09.19-23.10.39:423][  0]LogTemp: Display: Module 'WindowsServerTargetPlatform' loaded TargetPlatform 'WindowsServer'
[2019.09.19-23.10.39:427][  0]LogTemp: Display: Module 'WindowsTargetPlatform' loaded TargetPlatform 'Windows'
[2019.09.19-23.10.39:461][  0]LogTemp: Display: Module 'AndroidTargetPlatform' loaded TargetPlatform 'Android'
[2019.09.19-23.10.39:461][  0]LogTemp: Display: Module 'AndroidTargetPlatform' loaded TargetPlatform 'Android_ASTC'
[2019.09.19-23.10.39:461][  0]LogTemp: Display: Module 'AndroidTargetPlatform' loaded TargetPlatform 'Android_ATC'
[2019.09.19-23.10.39:461][  0]LogTemp: Display: Module 'AndroidTargetPlatform' loaded TargetPlatform 'Android_DXT'
[2019.09.19-23.10.39:461][  0]LogTemp: Display: Module 'AndroidTargetPlatform' loaded TargetPlatform 'Android_ETC1'
[2019.09.19-23.10.39:461][  0]LogTemp: Display: Module 'AndroidTargetPlatform' loaded TargetPlatform 'Android_ETC1a'
[2019.09.19-23.10.39:461][  0]LogTemp: Display: Module 'AndroidTargetPlatform' loaded TargetPlatform 'Android_ETC2'
[2019.09.19-23.10.39:461][  0]LogTemp: Display: Module 'AndroidTargetPlatform' loaded TargetPlatform 'Android_PVRTC'
[2019.09.19-23.10.39:461][  0]LogTemp: Display: Module 'AndroidTargetPlatform' loaded TargetPlatform 'AndroidClient'
[2019.09.19-23.10.39:461][  0]LogTemp: Display: Module 'AndroidTargetPlatform' loaded TargetPlatform 'Android_ASTCClient'
[2019.09.19-23.10.39:461][  0]LogTemp: Display: Module 'AndroidTargetPlatform' loaded TargetPlatform 'Android_ATCClient'
[2019.09.19-23.10.39:461][  0]LogTemp: Display: Module 'AndroidTargetPlatform' loaded TargetPlatform 'Android_DXTClient'
[2019.09.19-23.10.39:461][  0]LogTemp: Display: Module 'AndroidTargetPlatform' loaded TargetPlatform 'Android_ETC1Client'
[2019.09.19-23.10.39:461][  0]LogTemp: Display: Module 'AndroidTargetPlatform' loaded TargetPlatform 'Android_ETC1aClient'
[2019.09.19-23.10.39:461][  0]LogTemp: Display: Module 'AndroidTargetPlatform' loaded TargetPlatform 'Android_ETC2Client'
[2019.09.19-23.10.39:461][  0]LogTemp: Display: Module 'AndroidTargetPlatform' loaded TargetPlatform 'Android_PVRTCClient'
[2019.09.19-23.10.39:461][  0]LogTemp: Display: Module 'AndroidTargetPlatform' loaded TargetPlatform 'Android_Multi'
[2019.09.19-23.10.39:461][  0]LogTemp: Display: Module 'AndroidTargetPlatform' loaded TargetPlatform 'Android_MultiClient'
[2019.09.19-23.10.39:462][  0]LogTemp: Display: Module 'HTML5TargetPlatform' loaded TargetPlatform 'HTML5'
[2019.09.19-23.10.39:479][  0]LogTemp: Display: Module 'IOSTargetPlatform' loaded TargetPlatform 'IOSClient'
[2019.09.19-23.10.39:479][  0]LogTemp: Display: Module 'IOSTargetPlatform' loaded TargetPlatform 'IOS'
[2019.09.19-23.10.39:494][  0]LogTemp: Display: Module 'TVOSTargetPlatform' loaded TargetPlatform 'TVOSClient'
[2019.09.19-23.10.39:494][  0]LogTemp: Display: Module 'TVOSTargetPlatform' loaded TargetPlatform 'TVOS'
[2019.09.19-23.10.39:502][  0]LogTemp: Display: Module 'LinuxClientTargetPlatform' loaded TargetPlatform 'LinuxClient'
[2019.09.19-23.10.39:509][  0]LogTemp: Display: Module 'LinuxNoEditorTargetPlatform' loaded TargetPlatform 'LinuxNoEditor'
[2019.09.19-23.10.39:516][  0]LogTemp: Display: Module 'LinuxServerTargetPlatform' loaded TargetPlatform 'LinuxServer'
[2019.09.19-23.10.39:525][  0]LogTemp: Display: Module 'LinuxTargetPlatform' loaded TargetPlatform 'Linux'
[2019.09.19-23.10.39:550][  0]LogTemp: Display: Module 'LuminTargetPlatform' loaded TargetPlatform 'Lumin'
[2019.09.19-23.10.39:550][  0]LogTemp: Display: Module 'LuminTargetPlatform' loaded TargetPlatform 'LuminClient'
[2019.09.19-23.10.39:550][  0]LogTargetPlatformManager: Display: Building Assets For Windows
[2019.09.19-23.10.39:558][  0]LogAudioDebug: Display: Lib vorbis DLL was dynamically loaded.
[2019.09.19-23.10.39:598][  0]LogShaderCompilers: Guid format shader working directory is -8 characters bigger than the processId version (../../../../../../repos/MoonStruck_01/Moonstruck/Moonstruck_v1/Intermediate/Shaders/WorkingDirectory/5344/).
[2019.09.19-23.10.39:598][  0]LogShaderCompilers: Cleaned the shader compiler working directory 'C:/Users/Idecha Hunter/AppData/Local/Temp/UnrealShaderWorkingDir/334B983E42E67211E05666AB3B04779A/'.
[2019.09.19-23.10.39:600][  0]LogXGEController: Cannot use XGE Controller as Incredibuild is not installed on this machine.
[2019.09.19-23.10.39:600][  0]LogShaderCompilers: Cannot use XGE Shader Compiler as Incredibuild is not installed on this machine.
[2019.09.19-23.10.39:600][  0]LogShaderCompilers: Display: Using Local Shader Compiler.
[2019.09.19-23.10.40:244][  0]LogDerivedDataCache: Display: Max Cache Size: 512 MB
[2019.09.19-23.10.40:285][  0]LogDerivedDataCache: Loaded boot cache 0.04s 73MB C:/Users/Idecha Hunter/AppData/Local/UnrealEngine/4.23/DerivedDataCache/Boot.ddc.
[2019.09.19-23.10.40:286][  0]LogDerivedDataCache: Display: Loaded Boot cache: C:/Users/Idecha Hunter/AppData/Local/UnrealEngine/4.23/DerivedDataCache/Boot.ddc
[2019.09.19-23.10.40:286][  0]LogDerivedDataCache: FDerivedDataBackendGraph:  Pak pak cache file ../../../../../../repos/MoonStruck_01/Moonstruck/Moonstruck_v1/DerivedDataCache/DDC.ddp not found, will not use a pak cache.
[2019.09.19-23.10.40:286][  0]LogDerivedDataCache: Unable to find inner node Pak for hierarchical cache Hierarchy.
[2019.09.19-23.10.40:286][  0]LogDerivedDataCache: FDerivedDataBackendGraph:  CompressedPak pak cache file ../../../../../../repos/MoonStruck_01/Moonstruck/Moonstruck_v1/DerivedDataCache/Compressed.ddp not found, will not use a pak cache.
[2019.09.19-23.10.40:286][  0]LogDerivedDataCache: Unable to find inner node CompressedPak for hierarchical cache Hierarchy.
[2019.09.19-23.10.40:299][  0]LogDerivedDataCache: Display: Pak cache opened for reading ../../../Engine/DerivedDataCache/Compressed.ddp.
[2019.09.19-23.10.40:299][  0]LogDerivedDataCache: FDerivedDataBackendGraph:  EnterprisePak pak cache file ../../../Enterprise/DerivedDataCache/Compressed.ddp not found, will not use a pak cache.
[2019.09.19-23.10.40:299][  0]LogDerivedDataCache: Unable to find inner node EnterprisePak for hierarchical cache Hierarchy.
[2019.09.19-23.10.40:300][  0]LogDerivedDataCache: Using Local data cache path C:/Users/Idecha Hunter/AppData/Local/UnrealEngine/Common/DerivedDataCache: Writable
[2019.09.19-23.10.40:300][  0]LogDerivedDataCache: Shared data cache path not found in *engine.ini, will not use an Shared cache.
[2019.09.19-23.10.40:300][  0]LogDerivedDataCache: Unable to find inner node Shared for hierarchical cache Hierarchy.
[2019.09.19-23.10.40:322][  0]LogMaterial: Verifying Global Shaders for PCD3D_SM5
[2019.09.19-23.10.40:326][  0]LogSlate: Using FreeType 2.6.0
[2019.09.19-23.10.40:326][  0]LogSlate: SlateFontServices - WITH_FREETYPE: 1, WITH_HARFBUZZ: 1
[2019.09.19-23.10.40:379][  0]LogAssetRegistry: FAssetRegistry took 0.0024 seconds to start up
[2019.09.19-23.10.40:673][  0]LogInit: Selected Device Profile: [Windows]
[2019.09.19-23.10.40:816][  0]LogMeshReduction: Using QuadricMeshReduction for automatic static mesh reduction
[2019.09.19-23.10.40:816][  0]LogMeshReduction: Using SimplygonMeshReduction for automatic skeletal mesh reduction
[2019.09.19-23.10.40:816][  0]LogMeshReduction: Using ProxyLODMeshReduction for automatic mesh merging
[2019.09.19-23.10.40:816][  0]LogMeshReduction: No distributed automatic mesh merging module available
[2019.09.19-23.10.40:816][  0]LogMeshMerging: No distributed automatic mesh merging module available
[2019.09.19-23.10.40:825][  0]LogNetVersion: Moonstruck_v1 1.0.0, NetCL: 8386587, EngineNetVer: 11, GameNetVer: 0 (Checksum: 1608464151)
[2019.09.19-23.10.41:235][  0]LogPackageLocalizationCache: Processed 12 localized package path(s) for 1 prioritized culture(s) in 0.046369 seconds
[2019.09.19-23.10.41:243][  0]LogUObjectArray: 43444 objects as part of root set at end of initial load.
[2019.09.19-23.10.41:243][  0]LogUObjectAllocator: 7548648 out of 0 bytes used by permanent object pool.
[2019.09.19-23.10.41:243][  0]LogUObjectArray: CloseDisregardForGC: 0/0 objects in disregard for GC pool
[2019.09.19-23.10.42:036][  0]LogTcpMessaging: Initializing TcpMessaging bridge
[2019.09.19-23.10.42:039][  0]LogUdpMessaging: Initializing bridge on interface 0.0.0.0:0 to multicast group 230.0.0.1:6666.
[2019.09.19-23.10.42:094][  0]SourceControl: Source control is disabled
[2019.09.19-23.10.42:094][  0]SourceControl: Source control is disabled
[2019.09.19-23.10.42:095][  0]SourceControl: Source control is disabled
[2019.09.19-23.10.42:096][  0]SourceControl: Source control is disabled
[2019.09.19-23.10.42:176][  0]LogAndroidPermission: UAndroidPermissionCallbackProxy::GetInstance
[2019.09.19-23.10.42:351][  0]LogOcInput: OculusInput pre-init called
[2019.09.19-23.10.42:357][  0]LogWindows: Failed to load 'OVRPlugin.dll' (GetLastError=126)
[2019.09.19-23.10.42:357][  0]LogWindows: File 'OVRPlugin.dll' does not exist
[2019.09.19-23.10.42:426][  0]LogEngine: Initializing Engine...
[2019.09.19-23.10.42:454][  0]LogHMD: Failed to initialize OpenVR with code 126
[2019.09.19-23.10.42:455][  0]LogStats: UGameplayTagsManager::InitializeManager -  0.000 s
[2019.09.19-23.10.42:683][  0]LogInit: Initializing FReadOnlyCVARCache
[2019.09.19-23.10.42:694][  0]LogAIModule: Creating AISystem for world Untitled
[2019.09.19-23.10.42:743][  0]LogInit: XAudio2 using 'Logitech Speakers (High Definition Audio Device)' : 2 channels at 48 kHz using 16 bits per sample (channel mask 0x3)
[2019.09.19-23.10.42:756][  0]LogInit: FAudioDevice initialized.
[2019.09.19-23.10.42:756][  0]LogNetVersion: Set ProjectVersion to 1.0.0.0. Version Checksum will be recalculated on next use.
[2019.09.19-23.10.42:836][  0]LogDerivedDataCache: Saved boot cache 0.08s 73MB C:/Users/Idecha Hunter/AppData/Local/UnrealEngine/4.23/DerivedDataCache/Boot.ddc.
[2019.09.19-23.10.42:845][  0]LogInit: Texture streaming: Enabled
[2019.09.19-23.10.42:860][  0]LogEngineSessionManager: EngineSessionManager initialized
[2019.09.19-23.10.42:927][  0]LogInit: Transaction tracking system initialized
[2019.09.19-23.10.42:953][  0]BlueprintLog: New page: Editor Load
[2019.09.19-23.10.43:013][  0]LocalizationService: Localization service is disabled
[2019.09.19-23.10.43:234][  0]LogFileCache: Scanning file cache for directory 'E:/repos/MoonStruck_01/Moonstruck/Moonstruck_v1/Content/' took 0.00s
[2019.09.19-23.10.43:234][  0]LogCook: Display: Max memory allowance for cook 16384mb min free memory 0mb
[2019.09.19-23.10.43:234][  0]LogCook: Display: Mobile HDR setting 1
[2019.09.19-23.10.43:395][  0]SourceControl: Source control is disabled
[2019.09.19-23.10.43:396][  0]Cmd: MAP LOAD FILE="../../../../../../repos/MoonStruck_01/Moonstruck/Moonstruck_v1/Content/Maps/Map_DevDebug.umap" TEMPLATE=0 SHOWPROGRESS=1 FEATURELEVEL=3
[2019.09.19-23.10.43:396][  0]LightingResults: New page: Lighting Build
[2019.09.19-23.10.43:398][  0]LogWorld: UWorld::CleanupWorld for Untitled, bSessionEnded=true, bCleanupResources=true
[2019.09.19-23.10.43:398][  0]MapCheck: New page: Map Check
[2019.09.19-23.10.43:398][  0]LightingResults: New page: Lighting Build
[2019.09.19-23.10.43:432][  0]LogUObjectHash: Compacting FUObjectHashTables data took   1.81ms
[2019.09.19-23.10.43:671][  0]LogAIModule: Creating AISystem for world Map_DevDebug
[2019.09.19-23.10.43:678][  0]LogEditorServer: Finished looking for orphan Actors (0.000 secs)
[2019.09.19-23.10.43:718][  0]LogUObjectHash: Compacting FUObjectHashTables data took   2.20ms
[2019.09.19-23.10.43:718][  0]Cmd: MAP CHECKDEP NOCLEARLOG
[2019.09.19-23.10.43:718][  0]MapCheck: Map check complete: 0 Error(s), 0 Warning(s), took 0.111ms to complete.
[2019.09.19-23.10.43:718][  0]LogFileHelpers: Loading map 'Map_DevDebug' took 0.322
[2019.09.19-23.10.43:832][  0]LogSlate: Updating window title bar state: overlay mode, drag disabled, window buttons hidden, title bar hidden
[2019.09.19-23.10.43:839][  0]LogSlate: Updating window title bar state: overlay mode, drag disabled, window buttons hidden, title bar hidden
[2019.09.19-23.10.43:846][  0]LogSlate: Updating window title bar state: overlay mode, drag disabled, window buttons hidden, title bar hidden
[2019.09.19-23.10.43:853][  0]LogSlate: Updating window title bar state: overlay mode, drag disabled, window buttons hidden, title bar hidden
[2019.09.19-23.10.43:858][  0]LogCollectionManager: Loaded 0 collections in 0.001120 seconds
[2019.09.19-23.10.43:863][  0]LogFileCache: Scanning file cache for directory 'E:/repos/MoonStruck_01/Moonstruck/Moonstruck_v1/Saved/Collections/' took 0.00s
[2019.09.19-23.10.43:863][  0]LogFileCache: Scanning file cache for directory 'E:/repos/MoonStruck_01/Moonstruck/Moonstruck_v1/Content/Developers/IdechaH/Collections/' took 0.00s
[2019.09.19-23.10.43:863][  0]LogFileCache: Scanning file cache for directory 'E:/repos/MoonStruck_01/Moonstruck/Moonstruck_v1/Content/Collections/' took 0.00s
[2019.09.19-23.10.43:863][  0]LogCollectionManager: Rebuilt the GUID cache for 0 collections in 0.000002 seconds
[2019.09.19-23.10.43:873][  0]LogContentBrowser: Native class hierarchy populated in 0.0096 seconds. Added 2869 classes and 682 folders.
[2019.09.19-23.10.43:878][  0]LogContentBrowser: Native class hierarchy updated for 'WidgetCarousel' in 0.0003 seconds. Added 0 classes and 0 folders.
[2019.09.19-23.10.43:911][  0]LogContentBrowser: Native class hierarchy updated for 'AddContentDialog' in 0.0004 seconds. Added 0 classes and 0 folders.
[2019.09.19-23.10.43:917][  0]LogContentBrowser: Native class hierarchy updated for 'SceneOutliner' in 0.0003 seconds. Added 1 classes and 2 folders.
[2019.09.19-23.10.45:058][  0]LogSlate: Only BGRA pngs, bmps or icos are supported in by External Image Picker
[2019.09.19-23.10.45:079][  0]LogSlate: Took 0.000163 seconds to synchronously load lazily loaded font '../../../Engine/Content/Slate/Fonts/Roboto-Regular.ttf' (155K)
[2019.09.19-23.10.45:082][  0]LogSlate: Took 0.000176 seconds to synchronously load lazily loaded font '../../../Engine/Content/Slate/Fonts/Roboto-Bold.ttf' (160K)
[2019.09.19-23.10.45:088][  0]LogSlate: Took 0.000184 seconds to synchronously load lazily loaded font '../../../Engine/Content/Editor/Slate/Fonts/FontAwesome.ttf' (139K)
[2019.09.19-23.10.45:088][  0]LogSlate: Took 0.000088 seconds to synchronously load lazily loaded font '../../../Engine/Content/Slate/Fonts/DroidSansMono.ttf' (77K)
[2019.09.19-23.10.45:187][  0]LogRenderer: Reallocating scene render targets to support 1616x808 Format 10 NumSamples 1 (Frame:1).
[2019.09.19-23.10.45:313][  0]LogContentBrowser: Native class hierarchy updated for 'HierarchicalLODOutliner' in 0.0003 seconds. Added 0 classes and 0 folders.
[2019.09.19-23.10.45:314][  0]LogLoad: (Engine Initialization) Total time: 7.78 seconds
[2019.09.19-23.10.45:314][  0]LogLoad: (Engine Initialization) Total Blueprint compile time: 0.00 seconds
[2019.09.19-23.10.45:365][  0]LogAssetRegistry: Asset discovery search completed in 4.9869 seconds
[2019.09.19-23.10.45:369][  0]LogCollectionManager: Rebuilt the object cache for 0 collections in 0.000004 seconds (found 0 objects)
[2019.09.19-23.10.45:369][  0]LogCollectionManager: Fixed up redirectors for 0 collections in 0.000181 seconds (updated 0 objects)
[2019.09.19-23.10.45:370][  0]LogContentStreaming: Texture pool size now 1000 MB
[2019.09.19-23.10.49:442][478]LogSlate: FSceneViewport::OnFocusLost() reason 0
[2019.09.19-23.10.50:380][581]LogTemp: Repeating last play command: Selected Viewport
[2019.09.19-23.10.50:398][581]LogBlueprintUserMessages: Early PlayInEditor Detection: Level '/Game/Maps/Map_DevDebug.Map_DevDebug:PersistentLevel' has LevelScriptBlueprint '/Game/Maps/Map_DevDebug.Map_DevDebug:PersistentLevel.Map_DevDebug' with GeneratedClass '/Game/Maps/Map_DevDebug.Map_DevDebug_C' with ClassGeneratedBy '/Game/Maps/Map_DevDebug.Map_DevDebug:PersistentLevel.Map_DevDebug'
[2019.09.19-23.10.50:398][581]LogPlayLevel: PlayLevel: No blueprints needed recompiling
[2019.09.19-23.10.50:399][581]PIE: New page: PIE session: Map_DevDebug (Sep 19, 2019, 3:10:50 PM)
[2019.09.19-23.10.50:400][581]LogOnline: OSS: Creating online subsystem instance for: NULL
[2019.09.19-23.10.50:401][581]LogPlayLevel: Creating play world package: /Game/Maps/UEDPIE_0_Map_DevDebug
[2019.09.19-23.10.50:408][581]LogPlayLevel: PIE: StaticDuplicateObject took: (0.006715s)
[2019.09.19-23.10.50:409][581]LogAIModule: Creating AISystem for world Map_DevDebug
[2019.09.19-23.10.50:409][581]LogPlayLevel: PIE: World Init took: (0.001138s)
[2019.09.19-23.10.50:409][581]LogPlayLevel: PIE: Created PIE world by copying editor world from /Game/Maps/Map_DevDebug.Map_DevDebug to /Game/Maps/UEDPIE_0_Map_DevDebug.Map_DevDebug (0.008438s)
[2019.09.19-23.10.50:443][581]LogUObjectHash: Compacting FUObjectHashTables data took   1.47ms
[2019.09.19-23.10.50:485][581]LogInit: XAudio2 using 'Logitech Speakers (High Definition Audio Device)' : 2 channels at 48 kHz using 16 bits per sample (channel mask 0x3)
[2019.09.19-23.10.50:492][581]LogInit: FAudioDevice initialized.
[2019.09.19-23.10.50:511][581]LogLoad: Game class is 'DeafaultMoonstruckGameMode_C'
[2019.09.19-23.10.50:513][581]LogWorld: Bringing World /Game/Maps/UEDPIE_0_Map_DevDebug.Map_DevDebug up for play (max tick rate 0) at 2019.09.19-19.10.50
[2019.09.19-23.10.50:514][581]LogWorld: Bringing up level for play took: 0.001849
[2019.09.19-23.10.50:514][581]LogOnline: OSS: Creating online subsystem instance for: :Context_2
[2019.09.19-23.10.50:520][581]LogContentBrowser: Native class hierarchy updated for 'MovieSceneCapture' in 0.0004 seconds. Added 20 classes and 0 folders.
[2019.09.19-23.10.50:521][581]LogTemp: Warning: The token is: SM_Chair_2
[2019.09.19-23.10.50:521][581]LogTemp: Warning: The token is: SM_Statue_25
[2019.09.19-23.10.50:521][581]LogTemp: Warning: The token is: SM_Chair_2
[2019.09.19-23.10.50:521][581]PIE: Play in editor start time for /Game/Maps/UEDPIE_0_Map_DevDebug 0.038
[2019.09.19-23.10.50:522][581]LogBlueprintUserMessages: Late PlayInEditor Detection: Level '/Game/Maps/Map_DevDebug.Map_DevDebug:PersistentLevel' has LevelScriptBlueprint '/Game/Maps/Map_DevDebug.Map_DevDebug:PersistentLevel.Map_DevDebug' with GeneratedClass '/Game/Maps/Map_DevDebug.Map_DevDebug_C' with ClassGeneratedBy '/Game/Maps/Map_DevDebug.Map_DevDebug:PersistentLevel.Map_DevDebug'
[2019.09.19-23.10.51:381][581]LogWindows: Error: === Critical error: ===
[2019.09.19-23.10.51:381][581]LogWindows: Error: 
[2019.09.19-23.10.51:381][581]LogWindows: Error: Fatal error!
[2019.09.19-23.10.51:381][581]LogWindows: Error: 
[2019.09.19-23.10.51:381][581]LogWindows: Error: Unhandled Exception: EXCEPTION_ACCESS_VIOLATION reading address 0x000000bf
[2019.09.19-23.10.51:381][581]LogWindows: Error: 
[2019.09.19-23.10.51:381][581]LogWindows: Error: [Callstack] 0x00007ff9954e55a3 UE4Editor-Moonstruck_v1-2225.dll!UPickup::TickComponent() [e:\repos\moonstruck_01\moonstruck\moonstruck_v1\source\moonstruck_v1\pickup.cpp:154]
[2019.09.19-23.10.51:381][581]LogWindows: Error: [Callstack] 0x00007ff9c254f6e0 UE4Editor-Engine.dll!UnknownFunction []
[2019.09.19-23.10.51:381][581]LogWindows: Error: [Callstack] 0x00007ff9c257ddf4 UE4Editor-Engine.dll!UnknownFunction []
[2019.09.19-23.10.51:381][581]LogWindows: Error: [Callstack] 0x00007ff9c326f9b3 UE4Editor-Engine.dll!UnknownFunction []
[2019.09.19-23.10.51:381][581]LogWindows: Error: [Callstack] 0x00007ff9c327cba7 UE4Editor-Engine.dll!UnknownFunction []
[2019.09.19-23.10.51:381][581]LogWindows: Error: [Callstack] 0x00007ff9e05f4e4a UE4Editor-Core.dll!UnknownFunction []
[2019.09.19-23.10.51:381][581]LogWindows: Error: [Callstack] 0x00007ff9e05f510a UE4Editor-Core.dll!UnknownFunction []
[2019.09.19-23.10.51:381][581]LogWindows: Error: [Callstack] 0x00007ff9c329bd9d UE4Editor-Engine.dll!UnknownFunction []
[2019.09.19-23.10.51:381][581]LogWindows: Error: [Callstack] 0x00007ff9c32a1ed2 UE4Editor-Engine.dll!UnknownFunction []
[2019.09.19-23.10.51:381][581]LogWindows: Error: [Callstack] 0x00007ff9c2a96e1f UE4Editor-Engine.dll!UnknownFunction []
[2019.09.19-23.10.51:381][581]LogWindows: Error: [Callstack] 0x00007ff9c2aa26ae UE4Editor-Engine.dll!UnknownFunction []
[2019.09.19-23.10.51:381][581]LogWindows: Error: [Callstack] 0x00007ff9c0cae00b UE4Editor-UnrealEd.dll!UnknownFunction []
[2019.09.19-23.10.51:381][581]LogWindows: Error: [Callstack] 0x00007ff9c1504b16 UE4Editor-UnrealEd.dll!UnknownFunction []
[2019.09.19-23.10.51:381][581]LogWindows: Error: [Callstack] 0x00007ff6a0277b0a UE4Editor.exe!UnknownFunction []
[2019.09.19-23.10.51:381][581]LogWindows: Error: [Callstack] 0x00007ff6a028a91c UE4Editor.exe!UnknownFunction []
[2019.09.19-23.10.51:381][581]LogWindows: Error: [Callstack] 0x00007ff6a028a9fa UE4Editor.exe!UnknownFunction []
[2019.09.19-23.10.51:381][581]LogWindows: Error: [Callstack] 0x00007ff6a029b92c UE4Editor.exe!UnknownFunction []
[2019.09.19-23.10.51:381][581]LogWindows: Error: [Callstack] 0x00007ff6a029e60e UE4Editor.exe!UnknownFunction []
[2019.09.19-23.10.51:381][581]LogWindows: Error: [Callstack] 0x00007ffa16817bd4 KERNEL32.DLL!UnknownFunction []
[2019.09.19-23.10.51:381][581]LogWindows: Error: [Callstack] 0x00007ffa181ecee1 ntdll.dll!UnknownFunction []
[2019.09.19-23.10.51:381][581]LogWindows: Error: 
[2019.09.19-23.10.51:402][581]LogExit: Executing StaticShutdownAfterError
[2019.09.19-23.10.51:404][581]LogWindows: FPlatformMisc::RequestExit(1)
[2019.09.19-23.10.51:415][581]Log file closed, 09/19/19 19:10:51
