Log file open, 09/19/19 19:11:09
LogWindows: Failed to load 'aqProf.dll' (GetLastError=126)
LogWindows: File 'aqProf.dll' does not exist
LogWindows: Failed to load 'VtuneApi.dll' (GetLastError=126)
LogWindows: File 'VtuneApi.dll' does not exist
LogWindows: Failed to load 'VtuneApi32e.dll' (GetLastError=126)
LogWindows: File 'VtuneApi32e.dll' does not exist
LogConsoleResponse: Display: Failed to find resolution value strings in scalability ini. Falling back to default.
LogInit: Display: Running engine for game: Moonstruck_v1
LogPlatformFile: Not using cached read wrapper
LogTaskGraph: Started task graph with 5 named threads and 35 total threads with 3 sets of task threads.
LogStats: Stats thread started at 0.077650
LogD3D11RHI: Loaded GFSDK_Aftermath_Lib.x64.dll
LogICUInternationalization: ICU TimeZone Detection - Raw Offset: -5:00, Platform Override: ''
LogPluginManager: Mounting plugin Paper2D
LogPluginManager: Mounting plugin AISupport
LogPluginManager: Mounting plugin LightPropagationVolume
LogPluginManager: Mounting plugin ActorLayerUtilities
LogPluginManager: Mounting plugin AnimationSharing
LogPluginManager: Mounting plugin CLionSourceCodeAccess
LogPluginManager: Mounting plugin CodeLiteSourceCodeAccess
LogPluginManager: Mounting plugin GitSourceControl
LogPluginManager: Mounting plugin KDevelopSourceCodeAccess
LogPluginManager: Mounting plugin NullSourceCodeAccess
LogPluginManager: Mounting plugin PerforceSourceControl
LogPluginManager: Mounting plugin SubversionSourceControl
LogPluginManager: Mounting plugin UObjectPlugin
LogPluginManager: Mounting plugin VisualStudioCodeSourceCodeAccess
LogPluginManager: Mounting plugin VisualStudioSourceCodeAccess
LogPluginManager: Mounting plugin XCodeSourceCodeAccess
LogPluginManager: Mounting plugin AssetManagerEditor
LogPluginManager: Mounting plugin CryptoKeys
LogPluginManager: Mounting plugin CurveEditorTools
LogPluginManager: Mounting plugin DataValidation
LogPluginManager: Mounting plugin FacialAnimation
LogPluginManager: Mounting plugin GameplayTagsEditor
LogPluginManager: Mounting plugin MacGraphicsSwitching
LogPluginManager: Mounting plugin MaterialAnalyzer
LogPluginManager: Mounting plugin MobileLauncherProfileWizard
LogPluginManager: Mounting plugin PluginBrowser
LogPluginManager: Mounting plugin SpeedTreeImporter
LogPluginManager: Mounting plugin DatasmithContent
LogPluginManager: Mounting plugin VariantManagerContent
LogPluginManager: Mounting plugin AlembicImporter
LogPluginManager: Mounting plugin AutomationUtils
LogPluginManager: Mounting plugin BackChannel
LogPluginManager: Mounting plugin CharacterAI
LogPluginManager: Mounting plugin GeometryCache
LogPluginManager: Mounting plugin HTML5Networking
LogPluginManager: Mounting plugin PlatformCrypto
LogPluginManager: Mounting plugin ProxyLODPlugin
LogPluginManager: Mounting plugin SkeletalReduction
LogPluginManager: Mounting plugin MagicLeap
LogPluginManager: Mounting plugin MagicLeapMedia
LogPluginManager: Mounting plugin AndroidMedia
LogPluginManager: Mounting plugin AvfMedia
LogPluginManager: Mounting plugin ImgMedia
LogPluginManager: Mounting plugin MediaCompositing
LogPluginManager: Mounting plugin MediaPlayerEditor
LogPluginManager: Mounting plugin WebMMedia
LogPluginManager: Mounting plugin WmfMedia
LogPluginManager: Mounting plugin TcpMessaging
LogPluginManager: Mounting plugin UdpMessaging
LogPluginManager: Mounting plugin ActorSequence
LogPluginManager: Mounting plugin LevelSequenceEditor
LogPluginManager: Mounting plugin MatineeToLevelSequence
LogPluginManager: Mounting plugin NetcodeUnitTest
LogPluginManager: Mounting plugin NUTUnrealEngine4
LogPluginManager: Mounting plugin OnlineSubsystemGooglePlay
LogPluginManager: Mounting plugin OnlineSubsystemIOS
LogPluginManager: Mounting plugin OnlineSubsystem
LogPluginManager: Mounting plugin OnlineSubsystemNull
LogPluginManager: Mounting plugin OnlineSubsystemUtils
LogPluginManager: Mounting plugin LauncherChunkInstaller
LogPluginManager: Mounting plugin AndroidDeviceProfileSelector
LogPluginManager: Mounting plugin AndroidMoviePlayer
LogPluginManager: Mounting plugin AndroidPermission
LogPluginManager: Mounting plugin AppleImageUtils
LogPluginManager: Mounting plugin AppleMoviePlayer
LogPluginManager: Mounting plugin ArchVisCharacter
LogPluginManager: Mounting plugin AudioCapture
LogPluginManager: Mounting plugin CableComponent
LogPluginManager: Mounting plugin CustomMeshComponent
LogPluginManager: Mounting plugin EditableMesh
LogPluginManager: Mounting plugin ExampleDeviceProfileSelector
LogPluginManager: Mounting plugin GoogleCloudMessaging
LogPluginManager: Mounting plugin IOSDeviceProfileSelector
LogPluginManager: Mounting plugin LinuxDeviceProfileSelector
LogPluginManager: Mounting plugin LocationServicesBPLibrary
LogPluginManager: Mounting plugin MobilePatchingUtils
LogPluginManager: Mounting plugin OculusVR
LogPluginManager: Mounting plugin PhysXVehicles
LogPluginManager: Mounting plugin ProceduralMeshComponent
LogPluginManager: Mounting plugin RuntimePhysXCooking
LogPluginManager: Mounting plugin SignificanceManager
LogPluginManager: Mounting plugin SteamVR
LogPluginManager: Mounting plugin WebMMoviePlayer
LogPluginManager: Mounting plugin WindowsMoviePlayer
LogPluginManager: Mounting plugin ScreenshotTools
LogInit: Using libcurl 7.55.1-DEV
LogInit:  - built for x86_64-pc-win32
LogInit:  - supports SSL with OpenSSL/1.1.1
LogInit:  - supports HTTP deflate (compression) using libz 1.2.8
LogInit:  - other features:
LogInit:      CURL_VERSION_SSL
LogInit:      CURL_VERSION_LIBZ
LogInit:      CURL_VERSION_IPV6
LogInit:      CURL_VERSION_ASYNCHDNS
LogInit:      CURL_VERSION_LARGEFILE
LogInit:      CURL_VERSION_IDN
LogInit:  CurlRequestOptions (configurable via config and command line):
LogInit:  - bVerifyPeer = true  - Libcurl will verify peer certificate
LogInit:  - bUseHttpProxy = false  - Libcurl will NOT use HTTP proxy
LogInit:  - bDontReuseConnections = false  - Libcurl will reuse connections
LogInit:  - MaxHostConnections = 16  - Libcurl will limit the number of connections to a host
LogInit:  - LocalHostAddr = Default
LogInit:  - BufferSize = 65536
LogOnline: OSS: Creating online subsystem instance for: NULL
LogInit: WinSock: version 1.1 (2.2), MaxSocks=32767, MaxUdp=65467
LogInit: Build: ++UE4+Release-4.23-CL-8386587
LogInit: Engine Version: 4.23.0-8386587+++UE4+Release-4.23
LogInit: Compatible Engine Version: 4.23.0-8386587+++UE4+Release-4.23
LogInit: Net CL: 8386587
LogInit: OS: Windows 10 (Release 1903) (), CPU: AMD Ryzen 5 1600 Six-Core Processor            , GPU: Radeon RX 580 Series
LogInit: Compiled (64-bit): Aug 31 2019 02:04:44
LogInit: Compiled with Visual C++: 19.16.27030.01
LogInit: Build Configuration: Development
LogInit: Branch Name: ++UE4+Release-4.23
LogInit: Command Line:  -EpicPortal -epicusername=Umbra.Sketch -epicuserid=7ac738af6fde4358a8810e58938c8bcc -epiclocale=en-US
LogInit: Base Directory: E:/Programs/Epic Games/UE_4.23/Engine/Binaries/Win64/
LogInit: Installed Engine Build: 1
LogDevObjectVersion: Number of dev versions registered: 23
LogDevObjectVersion:   Dev-Blueprints (B0D832E4-1F89-4F0D-ACCF-7EB736FD4AA2): 10
LogDevObjectVersion:   Dev-Build (E1C64328-A22C-4D53-A36C-8E866417BD8C): 0
LogDevObjectVersion:   Dev-Core (375EC13C-06E4-48FB-B500-84F0262A717E): 3
LogDevObjectVersion:   Dev-Editor (E4B068ED-F494-42E9-A231-DA0B2E46BB41): 34
LogDevObjectVersion:   Dev-Framework (CFFC743F-43B0-4480-9391-14DF171D2073): 35
LogDevObjectVersion:   Dev-Mobile (B02B49B5-BB20-44E9-A304-32B752E40360): 2
LogDevObjectVersion:   Dev-Networking (A4E4105C-59A1-49B5-A7C5-40C4547EDFEE): 0
LogDevObjectVersion:   Dev-Online (39C831C9-5AE6-47DC-9A44-9C173E1C8E7C): 0
LogDevObjectVersion:   Dev-Physics (78F01B33-EBEA-4F98-B9B4-84EACCB95AA2): 0
LogDevObjectVersion:   Dev-Platform (6631380F-2D4D-43E0-8009-CF276956A95A): 0
LogDevObjectVersion:   Dev-Rendering (12F88B9F-8875-4AFC-A67C-D90C383ABD29): 31
LogDevObjectVersion:   Dev-Sequencer (7B5AE74C-D270-4C10-A958-57980B212A5A): 11
LogDevObjectVersion:   Dev-VR (D7296918-1DD6-4BDD-9DE2-64A83CC13884): 2
LogDevObjectVersion:   Dev-LoadTimes (C2A15278-BFE7-4AFE-6C17-90FF531DF755): 1
LogDevObjectVersion:   Private-Geometry (6EACA3D4-40EC-4CC1-B786-8BED09428FC5): 3
LogDevObjectVersion:   Dev-AnimPhys (29E575DD-E0A3-4627-9D10-D276232CDCEA): 17
LogDevObjectVersion:   Dev-Anim (AF43A65D-7FD3-4947-9873-3E8ED9C1BB05): 2
LogDevObjectVersion:   Dev-ReflectionCapture (6B266CEC-1EC7-4B8F-A30B-E4D90942FC07): 1
LogDevObjectVersion:   Dev-Automation (0DF73D61-A23F-47EA-B727-89E90C41499A): 1
LogDevObjectVersion:   FortniteMain (601D1886-AC64-4F84-AA16-D3DE0DEAC7D6): 27
LogDevObjectVersion:   Dev-Enterprise (9DFFBCD6-494F-0158-E221-12823C92A888): 6
LogDevObjectVersion:   Dev-Niagara (F2AED0AC-9AFE-416F-8664-AA7FFA26D6FC): 1
LogDevObjectVersion:   Dev-Destruction (174F1F0B-B4C6-45A5-B13F-2EE8D0FB917D): 9
LogInit: Presizing for max 16777216 objects, including 0 objects not considered by GC, pre-allocating 0 bytes for permanent pool.
LogInit: Object subsystem initialized
LogConfig: Setting CVar [[con.DebugEarlyDefault:1]]
LogConfig: Setting CVar [[r.setres:1280x720]]
[2019.09.19-23.11.09:299][  0]LogConfig: Setting CVar [[r.VSync:0]]
[2019.09.19-23.11.09:299][  0]LogConfig: Setting CVar [[r.RHICmdBypass:0]]
[2019.09.19-23.11.09:299][  0]LogConfig: Applying CVar settings from Section [/Script/Engine.RendererSettings] File [E:/repos/MoonStruck_01/Moonstruck/Moonstruck_v1/Saved/Config/Windows/Engine.ini]
[2019.09.19-23.11.09:299][  0]LogConfig: Setting CVar [[r.GPUCrashDebugging:0]]
[2019.09.19-23.11.09:299][  0]LogConfig: Setting CVar [[r.DefaultFeature.AutoExposure.ExtendDefaultLuminanceRange:1]]
[2019.09.19-23.11.09:299][  0]LogConfig: Applying CVar settings from Section [/Script/Engine.RendererOverrideSettings] File [E:/repos/MoonStruck_01/Moonstruck/Moonstruck_v1/Saved/Config/Windows/Engine.ini]
[2019.09.19-23.11.09:299][  0]LogConfig: Applying CVar settings from Section [/Script/Engine.StreamingSettings] File [E:/repos/MoonStruck_01/Moonstruck/Moonstruck_v1/Saved/Config/Windows/Engine.ini]
[2019.09.19-23.11.09:299][  0]LogConfig: Setting CVar [[s.MinBulkDataSizeForAsyncLoading:131072]]
[2019.09.19-23.11.09:299][  0]LogConfig: Setting CVar [[s.AsyncLoadingThreadEnabled:0]]
[2019.09.19-23.11.09:299][  0]LogConfig: Setting CVar [[s.EventDrivenLoaderEnabled:1]]
[2019.09.19-23.11.09:299][  0]LogConfig: Setting CVar [[s.WarnIfTimeLimitExceeded:0]]
[2019.09.19-23.11.09:299][  0]LogConfig: Setting CVar [[s.TimeLimitExceededMultiplier:1.5]]
[2019.09.19-23.11.09:299][  0]LogConfig: Setting CVar [[s.TimeLimitExceededMinTime:0.005]]
[2019.09.19-23.11.09:299][  0]LogConfig: Setting CVar [[s.UseBackgroundLevelStreaming:1]]
[2019.09.19-23.11.09:299][  0]LogConfig: Setting CVar [[s.PriorityAsyncLoadingExtraTime:15.0]]
[2019.09.19-23.11.09:299][  0]LogConfig: Setting CVar [[s.LevelStreamingActorsUpdateTimeLimit:5.0]]
[2019.09.19-23.11.09:299][  0]LogConfig: Setting CVar [[s.PriorityLevelStreamingActorsUpdateExtraTime:5.0]]
[2019.09.19-23.11.09:299][  0]LogConfig: Setting CVar [[s.LevelStreamingComponentsRegistrationGranularity:10]]
[2019.09.19-23.11.09:299][  0]LogConfig: Setting CVar [[s.UnregisterComponentsTimeLimit:1.0]]
[2019.09.19-23.11.09:299][  0]LogConfig: Setting CVar [[s.LevelStreamingComponentsUnregistrationGranularity:5]]
[2019.09.19-23.11.09:299][  0]LogConfig: Applying CVar settings from Section [/Script/Engine.GarbageCollectionSettings] File [E:/repos/MoonStruck_01/Moonstruck/Moonstruck_v1/Saved/Config/Windows/Engine.ini]
[2019.09.19-23.11.09:299][  0]LogConfig: Setting CVar [[gc.MaxObjectsNotConsideredByGC:1]]
[2019.09.19-23.11.09:299][  0]LogConfig: Setting CVar [[gc.SizeOfPermanentObjectPool:0]]
[2019.09.19-23.11.09:299][  0]LogConfig: Setting CVar [[gc.FlushStreamingOnGC:0]]
[2019.09.19-23.11.09:299][  0]LogConfig: Setting CVar [[gc.NumRetriesBeforeForcingGC:10]]
[2019.09.19-23.11.09:299][  0]LogConfig: Setting CVar [[gc.AllowParallelGC:1]]
[2019.09.19-23.11.09:299][  0]LogConfig: Setting CVar [[gc.TimeBetweenPurgingPendingKillObjects:61.1]]
[2019.09.19-23.11.09:299][  0]LogConfig: Setting CVar [[gc.MaxObjectsInEditor:16777216]]
[2019.09.19-23.11.09:299][  0]LogConfig: Setting CVar [[gc.IncrementalBeginDestroyEnabled:1]]
[2019.09.19-23.11.09:299][  0]LogConfig: Setting CVar [[gc.CreateGCClusters:1]]
[2019.09.19-23.11.09:299][  0]LogConfig: Setting CVar [[gc.MinGCClusterSize:5]]
[2019.09.19-23.11.09:299][  0]LogConfig: Setting CVar [[gc.ActorClusteringEnabled:0]]
[2019.09.19-23.11.09:299][  0]LogConfig: Setting CVar [[gc.BlueprintClusteringEnabled:0]]
[2019.09.19-23.11.09:299][  0]LogConfig: Setting CVar [[gc.UseDisregardForGCOnDedicatedServers:0]]
[2019.09.19-23.11.09:299][  0]LogConfig: Applying CVar settings from Section [/Script/Engine.NetworkSettings] File [E:/repos/MoonStruck_01/Moonstruck/Moonstruck_v1/Saved/Config/Windows/Engine.ini]
[2019.09.19-23.11.09:299][  0]LogConfig: Applying CVar settings from Section [/Script/UnrealEd.CookerSettings] File [E:/repos/MoonStruck_01/Moonstruck/Moonstruck_v1/Saved/Config/Windows/Engine.ini]
[2019.09.19-23.11.09:309][  0]LogConfig: Applying CVar settings from Section [ViewDistanceQuality@3] File [E:/repos/MoonStruck_01/Moonstruck/Moonstruck_v1/Saved/Config/Windows/Scalability.ini]
[2019.09.19-23.11.09:309][  0]LogConfig: Setting CVar [[r.SkeletalMeshLODBias:0]]
[2019.09.19-23.11.09:309][  0]LogConfig: Setting CVar [[r.ViewDistanceScale:1.0]]
[2019.09.19-23.11.09:309][  0]LogConfig: Applying CVar settings from Section [AntiAliasingQuality@3] File [E:/repos/MoonStruck_01/Moonstruck/Moonstruck_v1/Saved/Config/Windows/Scalability.ini]
[2019.09.19-23.11.09:309][  0]LogConfig: Setting CVar [[r.PostProcessAAQuality:4]]
[2019.09.19-23.11.09:309][  0]LogConfig: Applying CVar settings from Section [ShadowQuality@3] File [E:/repos/MoonStruck_01/Moonstruck/Moonstruck_v1/Saved/Config/Windows/Scalability.ini]
[2019.09.19-23.11.09:309][  0]LogConfig: Setting CVar [[r.LightFunctionQuality:1]]
[2019.09.19-23.11.09:309][  0]LogConfig: Setting CVar [[r.ShadowQuality:5]]
[2019.09.19-23.11.09:309][  0]LogConfig: Setting CVar [[r.Shadow.CSM.MaxCascades:10]]
[2019.09.19-23.11.09:309][  0]LogConfig: Setting CVar [[r.Shadow.MaxResolution:2048]]
[2019.09.19-23.11.09:309][  0]LogConfig: Setting CVar [[r.Shadow.MaxCSMResolution:2048]]
[2019.09.19-23.11.09:309][  0]LogConfig: Setting CVar [[r.Shadow.RadiusThreshold:0.01]]
[2019.09.19-23.11.09:309][  0]LogConfig: Setting CVar [[r.Shadow.DistanceScale:1.0]]
[2019.09.19-23.11.09:309][  0]LogConfig: Setting CVar [[r.Shadow.CSM.TransitionScale:1.0]]
[2019.09.19-23.11.09:309][  0]LogConfig: Setting CVar [[r.Shadow.PreShadowResolutionFactor:1.0]]
[2019.09.19-23.11.09:309][  0]LogConfig: Setting CVar [[r.DistanceFieldShadowing:1]]
[2019.09.19-23.11.09:309][  0]LogConfig: Setting CVar [[r.DistanceFieldAO:1]]
[2019.09.19-23.11.09:309][  0]LogConfig: Setting CVar [[r.AOQuality:2]]
[2019.09.19-23.11.09:309][  0]LogConfig: Setting CVar [[r.VolumetricFog:1]]
[2019.09.19-23.11.09:309][  0]LogConfig: Setting CVar [[r.VolumetricFog.GridPixelSize:8]]
[2019.09.19-23.11.09:309][  0]LogConfig: Setting CVar [[r.VolumetricFog.GridSizeZ:128]]
[2019.09.19-23.11.09:309][  0]LogConfig: Setting CVar [[r.VolumetricFog.HistoryMissSupersampleCount:4]]
[2019.09.19-23.11.09:309][  0]LogConfig: Setting CVar [[r.LightMaxDrawDistanceScale:1]]
[2019.09.19-23.11.09:309][  0]LogConfig: Setting CVar [[r.CapsuleShadows:1]]
[2019.09.19-23.11.09:309][  0]LogConfig: Applying CVar settings from Section [PostProcessQuality@3] File [E:/repos/MoonStruck_01/Moonstruck/Moonstruck_v1/Saved/Config/Windows/Scalability.ini]
[2019.09.19-23.11.09:309][  0]LogConfig: Setting CVar [[r.MotionBlurQuality:4]]
[2019.09.19-23.11.09:309][  0]LogConfig: Setting CVar [[r.AmbientOcclusionMipLevelFactor:0.4]]
[2019.09.19-23.11.09:309][  0]LogConfig: Setting CVar [[r.AmbientOcclusionMaxQuality:100]]
[2019.09.19-23.11.09:309][  0]LogConfig: Setting CVar [[r.AmbientOcclusionLevels:-1]]
[2019.09.19-23.11.09:309][  0]LogConfig: Setting CVar [[r.AmbientOcclusionRadiusScale:1.0]]
[2019.09.19-23.11.09:309][  0]LogConfig: Setting CVar [[r.DepthOfFieldQuality:2]]
[2019.09.19-23.11.09:309][  0]LogConfig: Setting CVar [[r.RenderTargetPoolMin:400]]
[2019.09.19-23.11.09:309][  0]LogConfig: Setting CVar [[r.LensFlareQuality:2]]
[2019.09.19-23.11.09:309][  0]LogConfig: Setting CVar [[r.SceneColorFringeQuality:1]]
[2019.09.19-23.11.09:309][  0]LogConfig: Setting CVar [[r.EyeAdaptationQuality:2]]
[2019.09.19-23.11.09:309][  0]LogConfig: Setting CVar [[r.BloomQuality:5]]
[2019.09.19-23.11.09:309][  0]LogConfig: Setting CVar [[r.FastBlurThreshold:100]]
[2019.09.19-23.11.09:309][  0]LogConfig: Setting CVar [[r.Upscale.Quality:3]]
[2019.09.19-23.11.09:309][  0]LogConfig: Setting CVar [[r.Tonemapper.GrainQuantization:1]]
[2019.09.19-23.11.09:309][  0]LogConfig: Setting CVar [[r.LightShaftQuality:1]]
[2019.09.19-23.11.09:309][  0]LogConfig: Setting CVar [[r.Filter.SizeScale:1]]
[2019.09.19-23.11.09:309][  0]LogConfig: Setting CVar [[r.Tonemapper.Quality:5]]
[2019.09.19-23.11.09:309][  0]LogConfig: Setting CVar [[r.DOF.Gather.AccumulatorQuality:1        ; higher gathering accumulator quality]]
[2019.09.19-23.11.09:310][  0]LogConfig: Setting CVar [[r.DOF.Gather.PostfilterMethod:1          ; Median3x3 postfilering method]]
[2019.09.19-23.11.09:310][  0]LogConfig: Setting CVar [[r.DOF.Gather.EnableBokehSettings:0       ; no bokeh simulation when gathering]]
[2019.09.19-23.11.09:310][  0]LogConfig: Setting CVar [[r.DOF.Gather.RingCount:4                 ; medium number of samples when gathering]]
[2019.09.19-23.11.09:310][  0]LogConfig: Setting CVar [[r.DOF.Scatter.ForegroundCompositing:1    ; additive foreground scattering]]
[2019.09.19-23.11.09:310][  0]LogConfig: Setting CVar [[r.DOF.Scatter.BackgroundCompositing:2    ; additive background scattering]]
[2019.09.19-23.11.09:310][  0]LogConfig: Setting CVar [[r.DOF.Scatter.EnableBokehSettings:1      ; bokeh simulation when scattering]]
[2019.09.19-23.11.09:310][  0]LogConfig: Setting CVar [[r.DOF.Scatter.MaxSpriteRatio:0.1         ; only a maximum of 10% of scattered bokeh]]
[2019.09.19-23.11.09:310][  0]LogConfig: Setting CVar [[r.DOF.Recombine.Quality:1                ; cheap slight out of focus]]
[2019.09.19-23.11.09:310][  0]LogConfig: Setting CVar [[r.DOF.Recombine.EnableBokehSettings:0    ; no bokeh simulation on slight out of focus]]
[2019.09.19-23.11.09:310][  0]LogConfig: Setting CVar [[r.DOF.TemporalAAQuality:1                ; more stable temporal accumulation]]
[2019.09.19-23.11.09:310][  0]LogConfig: Setting CVar [[r.DOF.Kernel.MaxForegroundRadius:0.025]]
[2019.09.19-23.11.09:310][  0]LogConfig: Setting CVar [[r.DOF.Kernel.MaxBackgroundRadius:0.025]]
[2019.09.19-23.11.09:310][  0]LogConfig: Applying CVar settings from Section [TextureQuality@3] File [E:/repos/MoonStruck_01/Moonstruck/Moonstruck_v1/Saved/Config/Windows/Scalability.ini]
[2019.09.19-23.11.09:310][  0]LogConfig: Setting CVar [[r.Streaming.MipBias:0]]
[2019.09.19-23.11.09:310][  0]LogConfig: Setting CVar [[r.Streaming.AmortizeCPUToGPUCopy:0]]
[2019.09.19-23.11.09:310][  0]LogConfig: Setting CVar [[r.Streaming.MaxNumTexturesToStreamPerFrame:0]]
[2019.09.19-23.11.09:310][  0]LogConfig: Setting CVar [[r.Streaming.Boost:1]]
[2019.09.19-23.11.09:310][  0]LogConfig: Setting CVar [[r.MaxAnisotropy:8]]
[2019.09.19-23.11.09:310][  0]LogConfig: Setting CVar [[r.Streaming.LimitPoolSizeToVRAM:0]]
[2019.09.19-23.11.09:310][  0]LogConfig: Setting CVar [[r.Streaming.PoolSize:1000]]
[2019.09.19-23.11.09:310][  0]LogConfig: Setting CVar [[r.Streaming.MaxEffectiveScreenSize:0]]
[2019.09.19-23.11.09:310][  0]LogConfig: Applying CVar settings from Section [EffectsQuality@3] File [E:/repos/MoonStruck_01/Moonstruck/Moonstruck_v1/Saved/Config/Windows/Scalability.ini]
[2019.09.19-23.11.09:310][  0]LogConfig: Setting CVar [[r.TranslucencyLightingVolumeDim:64]]
[2019.09.19-23.11.09:310][  0]LogConfig: Setting CVar [[r.RefractionQuality:2]]
[2019.09.19-23.11.09:310][  0]LogConfig: Setting CVar [[r.SSR.Quality:3]]
[2019.09.19-23.11.09:310][  0]LogConfig: Setting CVar [[r.SceneColorFormat:4]]
[2019.09.19-23.11.09:310][  0]LogConfig: Setting CVar [[r.DetailMode:2]]
[2019.09.19-23.11.09:310][  0]LogConfig: Setting CVar [[r.TranslucencyVolumeBlur:1]]
[2019.09.19-23.11.09:310][  0]LogConfig: Setting CVar [[r.MaterialQualityLevel:1 ; High quality]]
[2019.09.19-23.11.09:310][  0]LogConfig: Setting CVar [[r.SSS.Scale:1]]
[2019.09.19-23.11.09:310][  0]LogConfig: Setting CVar [[r.SSS.SampleSet:2]]
[2019.09.19-23.11.09:310][  0]LogConfig: Setting CVar [[r.SSS.Quality:1]]
[2019.09.19-23.11.09:310][  0]LogConfig: Setting CVar [[r.SSS.HalfRes:1]]
[2019.09.19-23.11.09:310][  0]LogConfig: Setting CVar [[r.EmitterSpawnRateScale:1.0]]
[2019.09.19-23.11.09:310][  0]LogConfig: Setting CVar [[r.ParticleLightQuality:2]]
[2019.09.19-23.11.09:310][  0]LogConfig: Applying CVar settings from Section [FoliageQuality@3] File [E:/repos/MoonStruck_01/Moonstruck/Moonstruck_v1/Saved/Config/Windows/Scalability.ini]
[2019.09.19-23.11.09:310][  0]LogConfig: Setting CVar [[foliage.DensityScale:1.0]]
[2019.09.19-23.11.09:310][  0]LogConfig: Setting CVar [[grass.DensityScale:1.0]]
[2019.09.19-23.11.09:310][  0]LogInit: Selected Device Profile: [Windows]
[2019.09.19-23.11.09:310][  0]LogInit: Applying CVar settings loaded from the selected device profile: [Windows]
[2019.09.19-23.11.09:313][  0]LogHAL: Display: Platform has ~ 16 GB [17125826560 / 17179869184 / 16], which maps to Larger [LargestMinGB=32, LargerMinGB=12, DefaultMinGB=8, SmallerMinGB=6, SmallestMinGB=0)
[2019.09.19-23.11.09:313][  0]LogInit: Going up to parent DeviceProfile []
[2019.09.19-23.11.09:313][  0]LogConfig: Applying CVar settings from Section [ViewDistanceQuality@3] File [E:/repos/MoonStruck_01/Moonstruck/Moonstruck_v1/Saved/Config/Windows/Scalability.ini]
[2019.09.19-23.11.09:313][  0]LogConfig: Setting CVar [[r.SkeletalMeshLODBias:0]]
[2019.09.19-23.11.09:313][  0]LogConfig: Setting CVar [[r.ViewDistanceScale:1.0]]
[2019.09.19-23.11.09:313][  0]LogConfig: Applying CVar settings from Section [AntiAliasingQuality@3] File [E:/repos/MoonStruck_01/Moonstruck/Moonstruck_v1/Saved/Config/Windows/Scalability.ini]
[2019.09.19-23.11.09:313][  0]LogConfig: Setting CVar [[r.PostProcessAAQuality:4]]
[2019.09.19-23.11.09:313][  0]LogConfig: Applying CVar settings from Section [ShadowQuality@3] File [E:/repos/MoonStruck_01/Moonstruck/Moonstruck_v1/Saved/Config/Windows/Scalability.ini]
[2019.09.19-23.11.09:313][  0]LogConfig: Setting CVar [[r.LightFunctionQuality:1]]
[2019.09.19-23.11.09:313][  0]LogConfig: Setting CVar [[r.ShadowQuality:5]]
[2019.09.19-23.11.09:313][  0]LogConfig: Setting CVar [[r.Shadow.CSM.MaxCascades:10]]
[2019.09.19-23.11.09:313][  0]LogConfig: Setting CVar [[r.Shadow.MaxResolution:2048]]
[2019.09.19-23.11.09:313][  0]LogConfig: Setting CVar [[r.Shadow.MaxCSMResolution:2048]]
[2019.09.19-23.11.09:313][  0]LogConfig: Setting CVar [[r.Shadow.RadiusThreshold:0.01]]
[2019.09.19-23.11.09:313][  0]LogConfig: Setting CVar [[r.Shadow.DistanceScale:1.0]]
[2019.09.19-23.11.09:313][  0]LogConfig: Setting CVar [[r.Shadow.CSM.TransitionScale:1.0]]
[2019.09.19-23.11.09:313][  0]LogConfig: Setting CVar [[r.Shadow.PreShadowResolutionFactor:1.0]]
[2019.09.19-23.11.09:313][  0]LogConfig: Setting CVar [[r.DistanceFieldShadowing:1]]
[2019.09.19-23.11.09:313][  0]LogConfig: Setting CVar [[r.DistanceFieldAO:1]]
[2019.09.19-23.11.09:313][  0]LogConfig: Setting CVar [[r.AOQuality:2]]
[2019.09.19-23.11.09:313][  0]LogConfig: Setting CVar [[r.VolumetricFog:1]]
[2019.09.19-23.11.09:313][  0]LogConfig: Setting CVar [[r.VolumetricFog.GridPixelSize:8]]
[2019.09.19-23.11.09:313][  0]LogConfig: Setting CVar [[r.VolumetricFog.GridSizeZ:128]]
[2019.09.19-23.11.09:313][  0]LogConfig: Setting CVar [[r.VolumetricFog.HistoryMissSupersampleCount:4]]
[2019.09.19-23.11.09:313][  0]LogConfig: Setting CVar [[r.LightMaxDrawDistanceScale:1]]
[2019.09.19-23.11.09:313][  0]LogConfig: Setting CVar [[r.CapsuleShadows:1]]
[2019.09.19-23.11.09:313][  0]LogConfig: Applying CVar settings from Section [PostProcessQuality@3] File [E:/repos/MoonStruck_01/Moonstruck/Moonstruck_v1/Saved/Config/Windows/Scalability.ini]
[2019.09.19-23.11.09:313][  0]LogConfig: Setting CVar [[r.MotionBlurQuality:4]]
[2019.09.19-23.11.09:313][  0]LogConfig: Setting CVar [[r.AmbientOcclusionMipLevelFactor:0.4]]
[2019.09.19-23.11.09:313][  0]LogConfig: Setting CVar [[r.AmbientOcclusionMaxQuality:100]]
[2019.09.19-23.11.09:313][  0]LogConfig: Setting CVar [[r.AmbientOcclusionLevels:-1]]
[2019.09.19-23.11.09:313][  0]LogConfig: Setting CVar [[r.AmbientOcclusionRadiusScale:1.0]]
[2019.09.19-23.11.09:313][  0]LogConfig: Setting CVar [[r.DepthOfFieldQuality:2]]
[2019.09.19-23.11.09:313][  0]LogConfig: Setting CVar [[r.RenderTargetPoolMin:400]]
[2019.09.19-23.11.09:314][  0]LogConfig: Setting CVar [[r.LensFlareQuality:2]]
[2019.09.19-23.11.09:314][  0]LogConfig: Setting CVar [[r.SceneColorFringeQuality:1]]
[2019.09.19-23.11.09:314][  0]LogConfig: Setting CVar [[r.EyeAdaptationQuality:2]]
[2019.09.19-23.11.09:314][  0]LogConfig: Setting CVar [[r.BloomQuality:5]]
[2019.09.19-23.11.09:314][  0]LogConfig: Setting CVar [[r.FastBlurThreshold:100]]
[2019.09.19-23.11.09:314][  0]LogConfig: Setting CVar [[r.Upscale.Quality:3]]
[2019.09.19-23.11.09:314][  0]LogConfig: Setting CVar [[r.Tonemapper.GrainQuantization:1]]
[2019.09.19-23.11.09:314][  0]LogConfig: Setting CVar [[r.LightShaftQuality:1]]
[2019.09.19-23.11.09:314][  0]LogConfig: Setting CVar [[r.Filter.SizeScale:1]]
[2019.09.19-23.11.09:314][  0]LogConfig: Setting CVar [[r.Tonemapper.Quality:5]]
[2019.09.19-23.11.09:314][  0]LogConfig: Setting CVar [[r.DOF.Gather.AccumulatorQuality:1        ; higher gathering accumulator quality]]
[2019.09.19-23.11.09:314][  0]LogConfig: Setting CVar [[r.DOF.Gather.PostfilterMethod:1          ; Median3x3 postfilering method]]
[2019.09.19-23.11.09:314][  0]LogConfig: Setting CVar [[r.DOF.Gather.EnableBokehSettings:0       ; no bokeh simulation when gathering]]
[2019.09.19-23.11.09:314][  0]LogConfig: Setting CVar [[r.DOF.Gather.RingCount:4                 ; medium number of samples when gathering]]
[2019.09.19-23.11.09:314][  0]LogConfig: Setting CVar [[r.DOF.Scatter.ForegroundCompositing:1    ; additive foreground scattering]]
[2019.09.19-23.11.09:314][  0]LogConfig: Setting CVar [[r.DOF.Scatter.BackgroundCompositing:2    ; additive background scattering]]
[2019.09.19-23.11.09:314][  0]LogConfig: Setting CVar [[r.DOF.Scatter.EnableBokehSettings:1      ; bokeh simulation when scattering]]
[2019.09.19-23.11.09:314][  0]LogConfig: Setting CVar [[r.DOF.Scatter.MaxSpriteRatio:0.1         ; only a maximum of 10% of scattered bokeh]]
[2019.09.19-23.11.09:314][  0]LogConfig: Setting CVar [[r.DOF.Recombine.Quality:1                ; cheap slight out of focus]]
[2019.09.19-23.11.09:314][  0]LogConfig: Setting CVar [[r.DOF.Recombine.EnableBokehSettings:0    ; no bokeh simulation on slight out of focus]]
[2019.09.19-23.11.09:314][  0]LogConfig: Setting CVar [[r.DOF.TemporalAAQuality:1                ; more stable temporal accumulation]]
[2019.09.19-23.11.09:314][  0]LogConfig: Setting CVar [[r.DOF.Kernel.MaxForegroundRadius:0.025]]
[2019.09.19-23.11.09:314][  0]LogConfig: Setting CVar [[r.DOF.Kernel.MaxBackgroundRadius:0.025]]
[2019.09.19-23.11.09:314][  0]LogConfig: Applying CVar settings from Section [TextureQuality@3] File [E:/repos/MoonStruck_01/Moonstruck/Moonstruck_v1/Saved/Config/Windows/Scalability.ini]
[2019.09.19-23.11.09:314][  0]LogConfig: Setting CVar [[r.Streaming.MipBias:0]]
[2019.09.19-23.11.09:314][  0]LogConfig: Setting CVar [[r.Streaming.AmortizeCPUToGPUCopy:0]]
[2019.09.19-23.11.09:314][  0]LogConfig: Setting CVar [[r.Streaming.MaxNumTexturesToStreamPerFrame:0]]
[2019.09.19-23.11.09:314][  0]LogConfig: Setting CVar [[r.Streaming.Boost:1]]
[2019.09.19-23.11.09:314][  0]LogConfig: Setting CVar [[r.MaxAnisotropy:8]]
[2019.09.19-23.11.09:314][  0]LogConfig: Setting CVar [[r.Streaming.LimitPoolSizeToVRAM:0]]
[2019.09.19-23.11.09:314][  0]LogConfig: Setting CVar [[r.Streaming.PoolSize:1000]]
[2019.09.19-23.11.09:314][  0]LogConfig: Setting CVar [[r.Streaming.MaxEffectiveScreenSize:0]]
[2019.09.19-23.11.09:314][  0]LogConfig: Applying CVar settings from Section [EffectsQuality@3] File [E:/repos/MoonStruck_01/Moonstruck/Moonstruck_v1/Saved/Config/Windows/Scalability.ini]
[2019.09.19-23.11.09:314][  0]LogConfig: Setting CVar [[r.TranslucencyLightingVolumeDim:64]]
[2019.09.19-23.11.09:314][  0]LogConfig: Setting CVar [[r.RefractionQuality:2]]
[2019.09.19-23.11.09:314][  0]LogConfig: Setting CVar [[r.SSR.Quality:3]]
[2019.09.19-23.11.09:314][  0]LogConfig: Setting CVar [[r.SceneColorFormat:4]]
[2019.09.19-23.11.09:314][  0]LogConfig: Setting CVar [[r.DetailMode:2]]
[2019.09.19-23.11.09:314][  0]LogConfig: Setting CVar [[r.TranslucencyVolumeBlur:1]]
[2019.09.19-23.11.09:314][  0]LogConfig: Setting CVar [[r.MaterialQualityLevel:1 ; High quality]]
[2019.09.19-23.11.09:314][  0]LogConfig: Setting CVar [[r.SSS.Scale:1]]
[2019.09.19-23.11.09:314][  0]LogConfig: Setting CVar [[r.SSS.SampleSet:2]]
[2019.09.19-23.11.09:314][  0]LogConfig: Setting CVar [[r.SSS.Quality:1]]
[2019.09.19-23.11.09:314][  0]LogConfig: Setting CVar [[r.SSS.HalfRes:1]]
[2019.09.19-23.11.09:314][  0]LogConfig: Setting CVar [[r.EmitterSpawnRateScale:1.0]]
[2019.09.19-23.11.09:314][  0]LogConfig: Setting CVar [[r.ParticleLightQuality:2]]
[2019.09.19-23.11.09:314][  0]LogConfig: Applying CVar settings from Section [FoliageQuality@3] File [E:/repos/MoonStruck_01/Moonstruck/Moonstruck_v1/Saved/Config/Windows/Scalability.ini]
[2019.09.19-23.11.09:314][  0]LogConfig: Setting CVar [[foliage.DensityScale:1.0]]
[2019.09.19-23.11.09:314][  0]LogConfig: Setting CVar [[grass.DensityScale:1.0]]
[2019.09.19-23.11.09:314][  0]LogConfig: Applying CVar settings from Section [Startup] File [../../../Engine/Config/ConsoleVariables.ini]
[2019.09.19-23.11.09:314][  0]LogConfig: Setting CVar [[net.UseAdaptiveNetUpdateFrequency:0]]
[2019.09.19-23.11.09:314][  0]LogConfig: Setting CVar [[p.chaos.AllowCreatePhysxBodies:1]]
[2019.09.19-23.11.09:314][  0]LogConfig: Applying CVar settings from Section [ConsoleVariables] File [E:/repos/MoonStruck_01/Moonstruck/Moonstruck_v1/Saved/Config/Windows/Engine.ini]
[2019.09.19-23.11.09:315][  0]LogInit: Computer: DESKTOP-RERK209
[2019.09.19-23.11.09:315][  0]LogInit: User: IdechaH
[2019.09.19-23.11.09:315][  0]LogInit: CPU Page size=4096, Cores=6
[2019.09.19-23.11.09:315][  0]LogInit: High frequency timer resolution =10.000000 MHz
[2019.09.19-23.11.09:315][  0]LogMemory: Memory total: Physical=15.9GB (16GB approx)
[2019.09.19-23.11.09:315][  0]LogMemory: Platform Memory Stats for Windows
[2019.09.19-23.11.09:315][  0]LogMemory: Process Physical Memory: 101.79 MB used, 101.79 MB peak
[2019.09.19-23.11.09:315][  0]LogMemory: Process Virtual Memory: 101.47 MB used, 101.47 MB peak
[2019.09.19-23.11.09:315][  0]LogMemory: Physical Memory: 7635.81 MB used,  8696.65 MB free, 16332.46 MB total
[2019.09.19-23.11.09:315][  0]LogMemory: Virtual Memory: 4686.55 MB used,  134213040.00 MB free, 134217728.00 MB total
[2019.09.19-23.11.09:318][  0]LogWindows: WindowsPlatformFeatures enabled
[2019.09.19-23.11.09:334][  0]LogInit: Using OS detected language (en-US).
[2019.09.19-23.11.09:334][  0]LogInit: Using OS detected locale (en-US).
[2019.09.19-23.11.09:335][  0]LogTextLocalizationManager: No specific localization for 'en-US' exists, so the 'en' localization will be used.
[2019.09.19-23.11.09:506][  0]LogInit: Setting process to per monitor DPI aware
[2019.09.19-23.11.09:557][  0]LogSlate: New Slate User Created.  User Index 0, Is Virtual User: 0
[2019.09.19-23.11.09:557][  0]LogSlate: Slate User Registered.  User Index 0, Is Virtual User: 0
[2019.09.19-23.11.09:763][  0]LogHMD: Failed to initialize OpenVR with code 126
[2019.09.19-23.11.09:763][  0]LogD3D11RHI: D3D11 adapters:
[2019.09.19-23.11.09:788][  0]LogD3D11RHI:    0. 'Radeon RX 580 Series' (Feature Level 11_0)
[2019.09.19-23.11.09:788][  0]LogD3D11RHI:       8172/0/8166 MB DedicatedVideo/DedicatedSystem/SharedSystem, Outputs:2, VendorId:0x1002
[2019.09.19-23.11.09:790][  0]LogD3D11RHI:    1. 'Microsoft Basic Render Driver' (Feature Level 11_0)
[2019.09.19-23.11.09:790][  0]LogD3D11RHI:       0/0/8166 MB DedicatedVideo/DedicatedSystem/SharedSystem, Outputs:0, VendorId:0x1414
[2019.09.19-23.11.09:790][  0]LogD3D11RHI: Chosen D3D11 Adapter: 0
[2019.09.19-23.11.09:799][  0]LogD3D11RHI: Creating new Direct3DDevice
[2019.09.19-23.11.09:799][  0]LogD3D11RHI:     GPU DeviceId: 0x67df (for the marketing name, search the web for "GPU Device Id")
[2019.09.19-23.11.09:799][  0]LogWindows: EnumDisplayDevices:
[2019.09.19-23.11.09:799][  0]LogWindows:    0. 'Radeon RX 580 Series' (P:1 D:1)
[2019.09.19-23.11.09:800][  0]LogWindows:    1. 'Radeon RX 580 Series' (P:0 D:1)
[2019.09.19-23.11.09:800][  0]LogWindows:    2. 'Radeon RX 580 Series' (P:0 D:0)
[2019.09.19-23.11.09:800][  0]LogWindows:    3. 'Radeon RX 580 Series' (P:0 D:0)
[2019.09.19-23.11.09:801][  0]LogWindows:    4. 'Radeon RX 580 Series' (P:0 D:0)
[2019.09.19-23.11.09:801][  0]LogWindows:    5. 'Radeon RX 580 Series' (P:0 D:0)
[2019.09.19-23.11.09:802][  0]LogWindows:    6. 'Radeon RX 580 Series' (P:0 D:0)
[2019.09.19-23.11.09:802][  0]LogWindows:    7. 'Radeon RX 580 Series' (P:0 D:0)
[2019.09.19-23.11.09:802][  0]LogWindows: DebugString: FoundDriverCount:8 
[2019.09.19-23.11.09:802][  0]LogD3D11RHI:     Adapter Name: Radeon RX 580 Series
[2019.09.19-23.11.09:802][  0]LogD3D11RHI:   Driver Version: Adrenalin 2019 19.5.2 (internal:26.20.11015.5009, unified:26.20.11015.5009)
[2019.09.19-23.11.09:802][  0]LogD3D11RHI:      Driver Date: 5-22-2019
[2019.09.19-23.11.09:802][  0]LogRHI: Texture pool is 5720 MB (70% of 8172 MB)
[2019.09.19-23.11.09:856][  0]LogD3D11RHI: Async texture creation enabled
[2019.09.19-23.11.09:866][  0]LogD3D11RHI: GPU Timing Frequency: 25.000000 (Debug: 2 1)
[2019.09.19-23.11.10:109][  0]LogTemp: Display: Module 'AllDesktopTargetPlatform' loaded TargetPlatform 'AllDesktop'
[2019.09.19-23.11.10:118][  0]LogTemp: Display: Module 'MacClientTargetPlatform' loaded TargetPlatform 'MacClient'
[2019.09.19-23.11.10:126][  0]LogTemp: Display: Module 'MacNoEditorTargetPlatform' loaded TargetPlatform 'MacNoEditor'
[2019.09.19-23.11.10:135][  0]LogTemp: Display: Module 'MacServerTargetPlatform' loaded TargetPlatform 'MacServer'
[2019.09.19-23.11.10:144][  0]LogTemp: Display: Module 'MacTargetPlatform' loaded TargetPlatform 'Mac'
[2019.09.19-23.11.10:152][  0]LogTemp: Display: Module 'WindowsClientTargetPlatform' loaded TargetPlatform 'WindowsClient'
[2019.09.19-23.11.10:161][  0]LogTemp: Display: Module 'WindowsNoEditorTargetPlatform' loaded TargetPlatform 'WindowsNoEditor'
[2019.09.19-23.11.10:170][  0]LogTemp: Display: Module 'WindowsServerTargetPlatform' loaded TargetPlatform 'WindowsServer'
[2019.09.19-23.11.10:174][  0]LogTemp: Display: Module 'WindowsTargetPlatform' loaded TargetPlatform 'Windows'
[2019.09.19-23.11.10:212][  0]LogTemp: Display: Module 'AndroidTargetPlatform' loaded TargetPlatform 'Android'
[2019.09.19-23.11.10:212][  0]LogTemp: Display: Module 'AndroidTargetPlatform' loaded TargetPlatform 'Android_ASTC'
[2019.09.19-23.11.10:212][  0]LogTemp: Display: Module 'AndroidTargetPlatform' loaded TargetPlatform 'Android_ATC'
[2019.09.19-23.11.10:212][  0]LogTemp: Display: Module 'AndroidTargetPlatform' loaded TargetPlatform 'Android_DXT'
[2019.09.19-23.11.10:212][  0]LogTemp: Display: Module 'AndroidTargetPlatform' loaded TargetPlatform 'Android_ETC1'
[2019.09.19-23.11.10:212][  0]LogTemp: Display: Module 'AndroidTargetPlatform' loaded TargetPlatform 'Android_ETC1a'
[2019.09.19-23.11.10:212][  0]LogTemp: Display: Module 'AndroidTargetPlatform' loaded TargetPlatform 'Android_ETC2'
[2019.09.19-23.11.10:212][  0]LogTemp: Display: Module 'AndroidTargetPlatform' loaded TargetPlatform 'Android_PVRTC'
[2019.09.19-23.11.10:212][  0]LogTemp: Display: Module 'AndroidTargetPlatform' loaded TargetPlatform 'AndroidClient'
[2019.09.19-23.11.10:212][  0]LogTemp: Display: Module 'AndroidTargetPlatform' loaded TargetPlatform 'Android_ASTCClient'
[2019.09.19-23.11.10:212][  0]LogTemp: Display: Module 'AndroidTargetPlatform' loaded TargetPlatform 'Android_ATCClient'
[2019.09.19-23.11.10:212][  0]LogTemp: Display: Module 'AndroidTargetPlatform' loaded TargetPlatform 'Android_DXTClient'
[2019.09.19-23.11.10:212][  0]LogTemp: Display: Module 'AndroidTargetPlatform' loaded TargetPlatform 'Android_ETC1Client'
[2019.09.19-23.11.10:212][  0]LogTemp: Display: Module 'AndroidTargetPlatform' loaded TargetPlatform 'Android_ETC1aClient'
[2019.09.19-23.11.10:212][  0]LogTemp: Display: Module 'AndroidTargetPlatform' loaded TargetPlatform 'Android_ETC2Client'
[2019.09.19-23.11.10:212][  0]LogTemp: Display: Module 'AndroidTargetPlatform' loaded TargetPlatform 'Android_PVRTCClient'
[2019.09.19-23.11.10:212][  0]LogTemp: Display: Module 'AndroidTargetPlatform' loaded TargetPlatform 'Android_Multi'
[2019.09.19-23.11.10:212][  0]LogTemp: Display: Module 'AndroidTargetPlatform' loaded TargetPlatform 'Android_MultiClient'
[2019.09.19-23.11.10:213][  0]LogTemp: Display: Module 'HTML5TargetPlatform' loaded TargetPlatform 'HTML5'
[2019.09.19-23.11.10:234][  0]LogTemp: Display: Module 'IOSTargetPlatform' loaded TargetPlatform 'IOSClient'
[2019.09.19-23.11.10:234][  0]LogTemp: Display: Module 'IOSTargetPlatform' loaded TargetPlatform 'IOS'
[2019.09.19-23.11.10:250][  0]LogTemp: Display: Module 'TVOSTargetPlatform' loaded TargetPlatform 'TVOSClient'
[2019.09.19-23.11.10:250][  0]LogTemp: Display: Module 'TVOSTargetPlatform' loaded TargetPlatform 'TVOS'
[2019.09.19-23.11.10:259][  0]LogTemp: Display: Module 'LinuxClientTargetPlatform' loaded TargetPlatform 'LinuxClient'
[2019.09.19-23.11.10:268][  0]LogTemp: Display: Module 'LinuxNoEditorTargetPlatform' loaded TargetPlatform 'LinuxNoEditor'
[2019.09.19-23.11.10:276][  0]LogTemp: Display: Module 'LinuxServerTargetPlatform' loaded TargetPlatform 'LinuxServer'
[2019.09.19-23.11.10:285][  0]LogTemp: Display: Module 'LinuxTargetPlatform' loaded TargetPlatform 'Linux'
[2019.09.19-23.11.10:317][  0]LogTemp: Display: Module 'LuminTargetPlatform' loaded TargetPlatform 'Lumin'
[2019.09.19-23.11.10:317][  0]LogTemp: Display: Module 'LuminTargetPlatform' loaded TargetPlatform 'LuminClient'
[2019.09.19-23.11.10:317][  0]LogTargetPlatformManager: Display: Building Assets For Windows
[2019.09.19-23.11.10:327][  0]LogAudioDebug: Display: Lib vorbis DLL was dynamically loaded.
[2019.09.19-23.11.10:374][  0]LogShaderCompilers: Guid format shader working directory is -9 characters bigger than the processId version (../../../../../../repos/MoonStruck_01/Moonstruck/Moonstruck_v1/Intermediate/Shaders/WorkingDirectory/15064/).
[2019.09.19-23.11.10:374][  0]LogShaderCompilers: Cleaned the shader compiler working directory 'C:/Users/Idecha Hunter/AppData/Local/Temp/UnrealShaderWorkingDir/5435939645DF2ECE2061E8A73FF24AE4/'.
[2019.09.19-23.11.10:376][  0]LogXGEController: Cannot use XGE Controller as Incredibuild is not installed on this machine.
[2019.09.19-23.11.10:376][  0]LogShaderCompilers: Cannot use XGE Shader Compiler as Incredibuild is not installed on this machine.
[2019.09.19-23.11.10:376][  0]LogShaderCompilers: Display: Using Local Shader Compiler.
[2019.09.19-23.11.11:104][  0]LogDerivedDataCache: Display: Max Cache Size: 512 MB
[2019.09.19-23.11.11:146][  0]LogDerivedDataCache: Loaded boot cache 0.04s 73MB C:/Users/Idecha Hunter/AppData/Local/UnrealEngine/4.23/DerivedDataCache/Boot.ddc.
[2019.09.19-23.11.11:146][  0]LogDerivedDataCache: Display: Loaded Boot cache: C:/Users/Idecha Hunter/AppData/Local/UnrealEngine/4.23/DerivedDataCache/Boot.ddc
[2019.09.19-23.11.11:146][  0]LogDerivedDataCache: FDerivedDataBackendGraph:  Pak pak cache file ../../../../../../repos/MoonStruck_01/Moonstruck/Moonstruck_v1/DerivedDataCache/DDC.ddp not found, will not use a pak cache.
[2019.09.19-23.11.11:146][  0]LogDerivedDataCache: Unable to find inner node Pak for hierarchical cache Hierarchy.
[2019.09.19-23.11.11:146][  0]LogDerivedDataCache: FDerivedDataBackendGraph:  CompressedPak pak cache file ../../../../../../repos/MoonStruck_01/Moonstruck/Moonstruck_v1/DerivedDataCache/Compressed.ddp not found, will not use a pak cache.
[2019.09.19-23.11.11:146][  0]LogDerivedDataCache: Unable to find inner node CompressedPak for hierarchical cache Hierarchy.
[2019.09.19-23.11.11:159][  0]LogDerivedDataCache: Display: Pak cache opened for reading ../../../Engine/DerivedDataCache/Compressed.ddp.
[2019.09.19-23.11.11:159][  0]LogDerivedDataCache: FDerivedDataBackendGraph:  EnterprisePak pak cache file ../../../Enterprise/DerivedDataCache/Compressed.ddp not found, will not use a pak cache.
[2019.09.19-23.11.11:159][  0]LogDerivedDataCache: Unable to find inner node EnterprisePak for hierarchical cache Hierarchy.
[2019.09.19-23.11.11:160][  0]LogDerivedDataCache: Using Local data cache path C:/Users/Idecha Hunter/AppData/Local/UnrealEngine/Common/DerivedDataCache: Writable
[2019.09.19-23.11.11:160][  0]LogDerivedDataCache: Shared data cache path not found in *engine.ini, will not use an Shared cache.
[2019.09.19-23.11.11:160][  0]LogDerivedDataCache: Unable to find inner node Shared for hierarchical cache Hierarchy.
[2019.09.19-23.11.11:184][  0]LogMaterial: Verifying Global Shaders for PCD3D_SM5
[2019.09.19-23.11.11:188][  0]LogSlate: Using FreeType 2.6.0
[2019.09.19-23.11.11:188][  0]LogSlate: SlateFontServices - WITH_FREETYPE: 1, WITH_HARFBUZZ: 1
[2019.09.19-23.11.11:241][  0]LogAssetRegistry: FAssetRegistry took 0.0024 seconds to start up
[2019.09.19-23.11.11:557][  0]LogInit: Selected Device Profile: [Windows]
[2019.09.19-23.11.11:704][  0]LogMeshReduction: Using QuadricMeshReduction for automatic static mesh reduction
[2019.09.19-23.11.11:704][  0]LogMeshReduction: Using SimplygonMeshReduction for automatic skeletal mesh reduction
[2019.09.19-23.11.11:704][  0]LogMeshReduction: Using ProxyLODMeshReduction for automatic mesh merging
[2019.09.19-23.11.11:704][  0]LogMeshReduction: No distributed automatic mesh merging module available
[2019.09.19-23.11.11:704][  0]LogMeshMerging: No distributed automatic mesh merging module available
[2019.09.19-23.11.11:712][  0]LogNetVersion: Moonstruck_v1 1.0.0, NetCL: 8386587, EngineNetVer: 11, GameNetVer: 0 (Checksum: 1608464151)
[2019.09.19-23.11.12:136][  0]LogPackageLocalizationCache: Processed 12 localized package path(s) for 1 prioritized culture(s) in 0.048000 seconds
[2019.09.19-23.11.12:145][  0]LogUObjectArray: 43444 objects as part of root set at end of initial load.
[2019.09.19-23.11.12:145][  0]LogUObjectAllocator: 7548648 out of 0 bytes used by permanent object pool.
[2019.09.19-23.11.12:145][  0]LogUObjectArray: CloseDisregardForGC: 0/0 objects in disregard for GC pool
[2019.09.19-23.11.12:974][  0]LogTcpMessaging: Initializing TcpMessaging bridge
[2019.09.19-23.11.12:977][  0]LogUdpMessaging: Initializing bridge on interface 0.0.0.0:0 to multicast group 230.0.0.1:6666.
[2019.09.19-23.11.13:032][  0]SourceControl: Source control is disabled
[2019.09.19-23.11.13:032][  0]SourceControl: Source control is disabled
[2019.09.19-23.11.13:033][  0]SourceControl: Source control is disabled
[2019.09.19-23.11.13:034][  0]SourceControl: Source control is disabled
[2019.09.19-23.11.13:116][  0]LogAndroidPermission: UAndroidPermissionCallbackProxy::GetInstance
[2019.09.19-23.11.13:299][  0]LogOcInput: OculusInput pre-init called
[2019.09.19-23.11.13:305][  0]LogWindows: Failed to load 'OVRPlugin.dll' (GetLastError=126)
[2019.09.19-23.11.13:305][  0]LogWindows: File 'OVRPlugin.dll' does not exist
[2019.09.19-23.11.13:375][  0]LogEngine: Initializing Engine...
[2019.09.19-23.11.13:404][  0]LogHMD: Failed to initialize OpenVR with code 126
[2019.09.19-23.11.13:405][  0]LogStats: UGameplayTagsManager::InitializeManager -  0.000 s
[2019.09.19-23.11.13:639][  0]LogInit: Initializing FReadOnlyCVARCache
[2019.09.19-23.11.13:651][  0]LogAIModule: Creating AISystem for world Untitled
[2019.09.19-23.11.13:701][  0]LogInit: XAudio2 using 'Logitech Speakers (High Definition Audio Device)' : 2 channels at 48 kHz using 16 bits per sample (channel mask 0x3)
[2019.09.19-23.11.13:718][  0]LogInit: FAudioDevice initialized.
[2019.09.19-23.11.13:719][  0]LogNetVersion: Set ProjectVersion to 1.0.0.0. Version Checksum will be recalculated on next use.
[2019.09.19-23.11.13:803][  0]LogDerivedDataCache: Saved boot cache 0.08s 73MB C:/Users/Idecha Hunter/AppData/Local/UnrealEngine/4.23/DerivedDataCache/Boot.ddc.
[2019.09.19-23.11.13:812][  0]LogInit: Texture streaming: Enabled
[2019.09.19-23.11.13:829][  0]LogEngineSessionManager: EngineSessionManager initialized
[2019.09.19-23.11.13:897][  0]LogInit: Transaction tracking system initialized
[2019.09.19-23.11.13:923][  0]BlueprintLog: New page: Editor Load
[2019.09.19-23.11.13:983][  0]LocalizationService: Localization service is disabled
[2019.09.19-23.11.14:209][  0]LogFileCache: Scanning file cache for directory 'E:/repos/MoonStruck_01/Moonstruck/Moonstruck_v1/Content/' took 0.00s
[2019.09.19-23.11.14:209][  0]LogCook: Display: Max memory allowance for cook 16384mb min free memory 0mb
[2019.09.19-23.11.14:209][  0]LogCook: Display: Mobile HDR setting 1
[2019.09.19-23.11.14:375][  0]SourceControl: Source control is disabled
[2019.09.19-23.11.14:375][  0]Cmd: MAP LOAD FILE="../../../../../../repos/MoonStruck_01/Moonstruck/Moonstruck_v1/Content/Maps/Map_DevDebug.umap" TEMPLATE=0 SHOWPROGRESS=1 FEATURELEVEL=3
[2019.09.19-23.11.14:375][  0]LightingResults: New page: Lighting Build
[2019.09.19-23.11.14:377][  0]LogWorld: UWorld::CleanupWorld for Untitled, bSessionEnded=true, bCleanupResources=true
[2019.09.19-23.11.14:377][  0]MapCheck: New page: Map Check
[2019.09.19-23.11.14:377][  0]LightingResults: New page: Lighting Build
[2019.09.19-23.11.14:400][  0]LogUObjectHash: Compacting FUObjectHashTables data took   1.80ms
[2019.09.19-23.11.14:645][  0]LogAIModule: Creating AISystem for world Map_DevDebug
[2019.09.19-23.11.14:652][  0]LogEditorServer: Finished looking for orphan Actors (0.000 secs)
[2019.09.19-23.11.14:690][  0]LogUObjectHash: Compacting FUObjectHashTables data took   2.21ms
[2019.09.19-23.11.14:690][  0]Cmd: MAP CHECKDEP NOCLEARLOG
[2019.09.19-23.11.14:690][  0]MapCheck: Map check complete: 0 Error(s), 0 Warning(s), took 0.09ms to complete.
[2019.09.19-23.11.14:690][  0]LogFileHelpers: Loading map 'Map_DevDebug' took 0.315
[2019.09.19-23.11.14:807][  0]LogSlate: Updating window title bar state: overlay mode, drag disabled, window buttons hidden, title bar hidden
[2019.09.19-23.11.14:814][  0]LogSlate: Updating window title bar state: overlay mode, drag disabled, window buttons hidden, title bar hidden
[2019.09.19-23.11.14:821][  0]LogSlate: Updating window title bar state: overlay mode, drag disabled, window buttons hidden, title bar hidden
[2019.09.19-23.11.14:828][  0]LogSlate: Updating window title bar state: overlay mode, drag disabled, window buttons hidden, title bar hidden
[2019.09.19-23.11.14:833][  0]LogCollectionManager: Loaded 0 collections in 0.001094 seconds
[2019.09.19-23.11.14:839][  0]LogFileCache: Scanning file cache for directory 'E:/repos/MoonStruck_01/Moonstruck/Moonstruck_v1/Saved/Collections/' took 0.00s
[2019.09.19-23.11.14:839][  0]LogFileCache: Scanning file cache for directory 'E:/repos/MoonStruck_01/Moonstruck/Moonstruck_v1/Content/Developers/IdechaH/Collections/' took 0.00s
[2019.09.19-23.11.14:839][  0]LogFileCache: Scanning file cache for directory 'E:/repos/MoonStruck_01/Moonstruck/Moonstruck_v1/Content/Collections/' took 0.00s
[2019.09.19-23.11.14:839][  0]LogCollectionManager: Rebuilt the GUID cache for 0 collections in 0.000001 seconds
[2019.09.19-23.11.14:849][  0]LogContentBrowser: Native class hierarchy populated in 0.0093 seconds. Added 2869 classes and 682 folders.
[2019.09.19-23.11.14:854][  0]LogContentBrowser: Native class hierarchy updated for 'WidgetCarousel' in 0.0003 seconds. Added 0 classes and 0 folders.
[2019.09.19-23.11.14:886][  0]LogContentBrowser: Native class hierarchy updated for 'AddContentDialog' in 0.0003 seconds. Added 0 classes and 0 folders.
[2019.09.19-23.11.14:892][  0]LogContentBrowser: Native class hierarchy updated for 'SceneOutliner' in 0.0003 seconds. Added 1 classes and 2 folders.
[2019.09.19-23.11.16:060][  0]LogSlate: Only BGRA pngs, bmps or icos are supported in by External Image Picker
[2019.09.19-23.11.16:080][  0]LogSlate: Took 0.000140 seconds to synchronously load lazily loaded font '../../../Engine/Content/Slate/Fonts/Roboto-Regular.ttf' (155K)
[2019.09.19-23.11.16:083][  0]LogSlate: Took 0.000173 seconds to synchronously load lazily loaded font '../../../Engine/Content/Slate/Fonts/Roboto-Bold.ttf' (160K)
[2019.09.19-23.11.16:089][  0]LogSlate: Took 0.000152 seconds to synchronously load lazily loaded font '../../../Engine/Content/Editor/Slate/Fonts/FontAwesome.ttf' (139K)
[2019.09.19-23.11.16:090][  0]LogSlate: Took 0.000097 seconds to synchronously load lazily loaded font '../../../Engine/Content/Slate/Fonts/DroidSansMono.ttf' (77K)
[2019.09.19-23.11.16:189][  0]LogRenderer: Reallocating scene render targets to support 1616x808 Format 10 NumSamples 1 (Frame:1).
[2019.09.19-23.11.16:326][  0]LogContentBrowser: Native class hierarchy updated for 'HierarchicalLODOutliner' in 0.0003 seconds. Added 0 classes and 0 folders.
[2019.09.19-23.11.16:327][  0]LogLoad: (Engine Initialization) Total time: 7.98 seconds
[2019.09.19-23.11.16:327][  0]LogLoad: (Engine Initialization) Total Blueprint compile time: 0.00 seconds
[2019.09.19-23.11.16:385][  0]LogAssetRegistry: Asset discovery search completed in 5.1450 seconds
[2019.09.19-23.11.16:388][  0]LogCollectionManager: Rebuilt the object cache for 0 collections in 0.000004 seconds (found 0 objects)
[2019.09.19-23.11.16:388][  0]LogCollectionManager: Fixed up redirectors for 0 collections in 0.000195 seconds (updated 0 objects)
[2019.09.19-23.11.16:390][  0]LogContentStreaming: Texture pool size now 1000 MB
[2019.09.19-23.11.17:171][ 77]LogSlate: FSceneViewport::OnFocusLost() reason 0
[2019.09.19-23.11.27:985][240]LogHotReload: New module detected: UE4Editor-Moonstruck_v1-0007.dll
[2019.09.19-23.11.29:001][244]LogHotReload: Starting Hot-Reload from IDE
[2019.09.19-23.11.29:004][244]LogSlate: Took 0.000170 seconds to synchronously load lazily loaded font '../../../Engine/Content/Slate/Fonts/Roboto-Light.ttf' (167K)
[2019.09.19-23.11.29:054][244]LogUObjectHash: Compacting FUObjectHashTables data took   0.70ms
[2019.09.19-23.11.29:085][244]LogContentBrowser: Native class hierarchy updated for 'Moonstruck_v1' in 0.0005 seconds. Added 6 classes and 2 folders.
[2019.09.19-23.11.29:091][244]Display: HotReload successful (0 functions remapped  0 scriptstructs remapped)
[2019.09.19-23.11.29:163][244]LogUObjectHash: Compacting FUObjectHashTables data took   1.23ms
[2019.09.19-23.11.29:178][244]LogContentBrowser: Native class hierarchy populated in 0.0098 seconds. Added 2870 classes and 684 folders.
[2019.09.19-23.11.29:181][244]Display: HotReload took  0.2s.
[2019.09.19-23.11.33:210][505]Candidate modules for hot reload:
[2019.09.19-23.11.33:210][505]  Moonstruck_v1
[2019.09.19-23.11.33:210][505]Launching UnrealBuildTool... [E:/Programs/Epic Games/UE_4.23/Engine/Binaries/DotNET/UnrealBuildTool.exe  -ModuleWithSuffix=Moonstruck_v1,5114 Win64 Development -TargetType=Editor -Project="E:/repos/MoonStruck_01/Moonstruck/Moonstruck_v1/Moonstruck_v1.uproject" "E:/repos/MoonStruck_01/Moonstruck/Moonstruck_v1/Moonstruck_v1.uproject"  -IgnoreJunk]
[2019.09.19-23.11.33:214][505]Warning: Starting HotReload took  0.0s.
[2019.09.19-23.11.42:325][887]CompilerResultsLog: New page: Compilation - Sep 19, 2019, 3:11:42 PM
[2019.09.19-23.11.42:326][887]CompilerResultsLog: Using 'git status' to determine working set for adaptive non-unity build (E:\repos\MoonStruck_01\Moonstruck).
[2019.09.19-23.11.42:326][887]CompilerResultsLog: Parsing headers for Moonstruck_v1Editor
[2019.09.19-23.11.42:326][887]CompilerResultsLog:   Running UnrealHeaderTool "E:\repos\MoonStruck_01\Moonstruck\Moonstruck_v1\Moonstruck_v1.uproject" "E:\repos\MoonStruck_01\Moonstruck\Moonstruck_v1\Intermediate\Build\Win64\Moonstruck_v1Editor\Development\Moonstruck_v1Editor.uhtmanifest" -LogCmds="loginit warning, logexit warning, logdatabase error" -Unattended -WarningsAsErrors -installed
[2019.09.19-23.11.42:327][887]CompilerResultsLog: Reflection code generated for Moonstruck_v1Editor in 6.7379669 seconds
[2019.09.19-23.11.42:327][887]CompilerResultsLog: Using Visual Studio 2017 14.16.27023 toolchain (E:\Programs\Visual Studios\VC\Tools\MSVC\14.16.27023) and Windows 10.0.17763.0 SDK (C:\Program Files (x86)\Windows Kits\10).
[2019.09.19-23.11.42:327][887]CompilerResultsLog: Building 3 actions with 12 processes...
[2019.09.19-23.11.42:327][887]CompilerResultsLog:   [1/3] UE4Editor-Moonstruck_v1-5114.lib
[2019.09.19-23.11.42:327][887]CompilerResultsLog:      Creating library E:\repos\MoonStruck_01\Moonstruck\Moonstruck_v1\Intermediate\Build\Win64\UE4Editor\Development\Moonstruck_v1\UE4Editor-Moonstruck_v1-5114.lib and object E:\repos\MoonStruck_01\Moonstruck\Moonstruck_v1\Intermediate\Build\Win64\UE4Editor\Development\Moonstruck_v1\UE4Editor-Moonstruck_v1-5114.exp
[2019.09.19-23.11.42:328][887]CompilerResultsLog:   [2/3] UE4Editor-Moonstruck_v1-5114.dll
[2019.09.19-23.11.42:328][887]CompilerResultsLog:      Creating library E:\repos\MoonStruck_01\Moonstruck\Moonstruck_v1\Intermediate\Build\Win64\UE4Editor\Development\Moonstruck_v1\UE4Editor-Moonstruck_v1-5114.suppressed.lib and object E:\repos\MoonStruck_01\Moonstruck\Moonstruck_v1\Intermediate\Build\Win64\UE4Editor\Development\Moonstruck_v1\UE4Editor-Moonstruck_v1-5114.suppressed.exp
[2019.09.19-23.11.42:328][887]CompilerResultsLog:   [3/3] Moonstruck_v1Editor.target
[2019.09.19-23.11.42:328][887]CompilerResultsLog: Total time in Parallel executor: 1.23 seconds
[2019.09.19-23.11.42:328][887]CompilerResultsLog: Total execution time: 8.95 seconds
[2019.09.19-23.11.42:328][887]LogMainFrame: MainFrame: Module compiling took 9.121 seconds
[2019.09.19-23.11.42:360][887]LogUObjectHash: Compacting FUObjectHashTables data took   0.69ms
[2019.09.19-23.11.42:383][887]LogContentBrowser: Native class hierarchy updated for 'Moonstruck_v1' in 0.0003 seconds. Added 6 classes and 2 folders.
[2019.09.19-23.11.42:386][887]Display: HotReload successful (0 functions remapped  0 scriptstructs remapped)
[2019.09.19-23.11.42:452][887]LogUObjectHash: Compacting FUObjectHashTables data took   1.21ms
[2019.09.19-23.11.42:467][887]LogContentBrowser: Native class hierarchy populated in 0.0097 seconds. Added 2870 classes and 684 folders.
[2019.09.19-23.11.42:467][887]Display: HotReload took  9.3s.
[2019.09.19-23.11.45:330][895]LogTemp: Repeating last play command: Selected Viewport
[2019.09.19-23.11.45:350][895]LogBlueprintUserMessages: Early PlayInEditor Detection: Level '/Game/Maps/Map_DevDebug.Map_DevDebug:PersistentLevel' has LevelScriptBlueprint '/Game/Maps/Map_DevDebug.Map_DevDebug:PersistentLevel.Map_DevDebug' with GeneratedClass '/Game/Maps/Map_DevDebug.Map_DevDebug_C' with ClassGeneratedBy '/Game/Maps/Map_DevDebug.Map_DevDebug:PersistentLevel.Map_DevDebug'
[2019.09.19-23.11.45:351][895]LogPlayLevel: PlayLevel: No blueprints needed recompiling
[2019.09.19-23.11.45:351][895]PIE: New page: PIE session: Map_DevDebug (Sep 19, 2019, 3:11:45 PM)
[2019.09.19-23.11.45:352][895]LogOnline: OSS: Creating online subsystem instance for: NULL
[2019.09.19-23.11.45:353][895]LogPlayLevel: Creating play world package: /Game/Maps/UEDPIE_0_Map_DevDebug
[2019.09.19-23.11.45:360][895]LogPlayLevel: PIE: StaticDuplicateObject took: (0.007393s)
[2019.09.19-23.11.45:362][895]LogAIModule: Creating AISystem for world Map_DevDebug
[2019.09.19-23.11.45:362][895]LogPlayLevel: PIE: World Init took: (0.001222s)
[2019.09.19-23.11.45:362][895]LogPlayLevel: PIE: Created PIE world by copying editor world from /Game/Maps/Map_DevDebug.Map_DevDebug to /Game/Maps/UEDPIE_0_Map_DevDebug.Map_DevDebug (0.009248s)
[2019.09.19-23.11.45:398][895]LogUObjectHash: Compacting FUObjectHashTables data took   1.54ms
[2019.09.19-23.11.45:440][895]LogInit: XAudio2 using 'Logitech Speakers (High Definition Audio Device)' : 2 channels at 48 kHz using 16 bits per sample (channel mask 0x3)
[2019.09.19-23.11.45:447][895]LogInit: FAudioDevice initialized.
[2019.09.19-23.11.45:472][895]LogLoad: Game class is 'DeafaultMoonstruckGameMode_C'
[2019.09.19-23.11.45:474][895]LogWorld: Bringing World /Game/Maps/UEDPIE_0_Map_DevDebug.Map_DevDebug up for play (max tick rate 0) at 2019.09.19-19.11.45
[2019.09.19-23.11.45:475][895]LogWorld: Bringing up level for play took: 0.001906
[2019.09.19-23.11.45:475][895]LogOnline: OSS: Creating online subsystem instance for: :Context_2
[2019.09.19-23.11.45:497][895]LogContentBrowser: Native class hierarchy updated for 'MovieSceneCapture' in 0.0005 seconds. Added 20 classes and 0 folders.
[2019.09.19-23.11.45:499][895]LogTemp: Warning: The token is: SM_Chair_2
[2019.09.19-23.11.45:499][895]LogTemp: Warning: The token is: SM_Statue_25
[2019.09.19-23.11.45:499][895]LogTemp: Warning: The token is: SM_Chair_2
[2019.09.19-23.11.45:500][895]PIE: Play in editor start time for /Game/Maps/UEDPIE_0_Map_DevDebug 1.016
[2019.09.19-23.11.45:500][895]LogBlueprintUserMessages: Late PlayInEditor Detection: Level '/Game/Maps/Map_DevDebug.Map_DevDebug:PersistentLevel' has LevelScriptBlueprint '/Game/Maps/Map_DevDebug.Map_DevDebug:PersistentLevel.Map_DevDebug' with GeneratedClass '/Game/Maps/Map_DevDebug.Map_DevDebug_C' with ClassGeneratedBy '/Game/Maps/Map_DevDebug.Map_DevDebug:PersistentLevel.Map_DevDebug'
[2019.09.19-23.11.47:093][ 68]LogTemp: Warning: Grab Pickup
[2019.09.19-23.11.47:093][ 68]LogTemp: Warning: Grab Released
[2019.09.19-23.11.49:719][363]LogTemp: Warning: Grab Pickup
[2019.09.19-23.11.49:719][363]LogTemp: Warning: Grab Released
[2019.09.19-23.11.53:898][864]LogTemp: Warning: Grab Pickup
[2019.09.19-23.11.53:899][864]LogTemp: Warning: Line trace hit: SM_Statue_25
[2019.09.19-23.11.53:899][864]LogTemp: Error: 70.000015,-171.999969,91.314331|-0.000034,-0.000031,0.000073|1.000000,1.000000,1.000000 <- Ths is the defaultRotation.
[2019.09.19-23.11.53:899][864]LogTemp: Error: SM_Statue_25 <- Ths is the name of the object.
[2019.09.19-23.11.56:054][123]LogTemp: Warning: Grab Rotate
[2019.09.19-23.11.58:549][422]LogTemp: Warning: Grab RotateReleased
[2019.09.19-23.11.58:549][422]LogTemp: Error: 243.407806,33.419014,103.006325|-0.000034,-0.000031,0.000073|1.000000,1.000000,1.000000 <- This is what its reset to)
[2019.09.19-23.11.58:549][422]LogTemp: Error: SM_Statue_25 <- Ths is the name of the object
[2019.09.19-23.12.15:816][494]LogBlueprintUserMessages: Early EndPlayMap Detection: Level '/Game/Maps/Map_DevDebug.Map_DevDebug:PersistentLevel' has LevelScriptBlueprint '/Game/Maps/Map_DevDebug.Map_DevDebug:PersistentLevel.Map_DevDebug' with GeneratedClass '/Game/Maps/Map_DevDebug.Map_DevDebug_C' with ClassGeneratedBy '/Game/Maps/Map_DevDebug.Map_DevDebug:PersistentLevel.Map_DevDebug'
[2019.09.19-23.12.15:817][494]LogSlate: Updating window title bar state: overlay mode, drag disabled, window buttons hidden, title bar hidden
[2019.09.19-23.12.15:817][494]LogWorld: BeginTearingDown for /Game/Maps/UEDPIE_0_Map_DevDebug
[2019.09.19-23.12.15:817][494]LogWorld: UWorld::CleanupWorld for Map_DevDebug, bSessionEnded=true, bCleanupResources=true
[2019.09.19-23.12.15:828][494]LogPlayLevel: Display: Shutting down PIE online subsystems
[2019.09.19-23.12.15:829][494]LogBlueprintUserMessages: Late EndPlayMap Detection: Level '/Game/Maps/Map_DevDebug.Map_DevDebug:PersistentLevel' has LevelScriptBlueprint '/Game/Maps/Map_DevDebug.Map_DevDebug:PersistentLevel.Map_DevDebug' with GeneratedClass '/Game/Maps/Map_DevDebug.Map_DevDebug_C' with ClassGeneratedBy '/Game/Maps/Map_DevDebug.Map_DevDebug:PersistentLevel.Map_DevDebug'
[2019.09.19-23.12.15:868][494]LogSlate: Updating window title bar state: overlay mode, drag disabled, window buttons hidden, title bar hidden
[2019.09.19-23.12.15:871][494]LogUObjectHash: Compacting FUObjectHashTables data took   1.88ms
[2019.09.19-23.12.15:921][496]LogPlayLevel: Display: Destroying online subsystem :Context_2
